<?xml version="1.0" encoding="UTF-8"?>
<coverage generated="1623342164307" clover="3.2.0">
  <project timestamp="1623342164308" name="All files">
    <metrics statements="909" coveredstatements="750" conditionals="256" coveredconditionals="181" methods="131" coveredmethods="95" elements="1296" coveredelements="1026" complexity="0" loc="909" ncloc="909" packages="7" files="9" classes="9"/>
    <package name="source.backend">
      <metrics statements="168" coveredstatements="158" conditionals="111" coveredconditionals="83" methods="39" coveredmethods="37"/>
      <file name="bullet.js" path="E:\UCSD\CSE 110\cse110-sp21-group9\source\backend\bullet.js">
        <metrics statements="8" coveredstatements="8" conditionals="0" coveredconditionals="0" methods="1" coveredmethods="1"/>
        <line num="3" count="83" type="stmt"/>
        <line num="4" count="83" type="stmt"/>
        <line num="5" count="83" type="stmt"/>
        <line num="6" count="83" type="stmt"/>
        <line num="7" count="83" type="stmt"/>
        <line num="8" count="83" type="stmt"/>
        <line num="9" count="83" type="stmt"/>
        <line num="10" count="83" type="stmt"/>
      </file>
      <file name="crudFunctions.js" path="E:\UCSD\CSE 110\cse110-sp21-group9\source\backend\crudFunctions.js">
        <metrics statements="160" coveredstatements="150" conditionals="111" coveredconditionals="83" methods="38" coveredmethods="36"/>
        <line num="14" count="5" type="stmt"/>
        <line num="15" count="5" type="stmt"/>
        <line num="16" count="5" type="stmt"/>
        <line num="25" count="31" type="stmt"/>
        <line num="26" count="31" type="stmt"/>
        <line num="27" count="32" type="stmt"/>
        <line num="28" count="32" type="cond" truecount="4" falsecount="0"/>
        <line num="29" count="29" type="stmt"/>
        <line num="32" count="31" type="stmt"/>
        <line num="36" count="1" type="stmt"/>
        <line num="37" count="1" type="stmt"/>
        <line num="38" count="3" type="stmt"/>
        <line num="39" count="3" type="cond" truecount="4" falsecount="0"/>
        <line num="40" count="1" type="stmt"/>
        <line num="43" count="1" type="stmt"/>
        <line num="51" count="12" type="cond" truecount="1" falsecount="1"/>
        <line num="52" count="0" type="stmt"/>
        <line num="61" count="1" type="stmt"/>
        <line num="62" count="1" type="stmt"/>
        <line num="66" count="1" type="stmt"/>
        <line num="67" count="1" type="stmt"/>
        <line num="71" count="1" type="stmt"/>
        <line num="72" count="1" type="stmt"/>
        <line num="76" count="4" type="stmt"/>
        <line num="77" count="4" type="stmt"/>
        <line num="78" count="12" type="stmt"/>
        <line num="79" count="12" type="cond" truecount="1" falsecount="1"/>
        <line num="81" count="4" type="stmt"/>
        <line num="85" count="1" type="stmt"/>
        <line num="86" count="1" type="stmt"/>
        <line num="90" count="1" type="stmt"/>
        <line num="91" count="1" type="stmt"/>
        <line num="95" count="1" type="stmt"/>
        <line num="96" count="1" type="stmt"/>
        <line num="100" count="1" type="stmt"/>
        <line num="104" count="1" type="cond" truecount="1" falsecount="1"/>
        <line num="105" count="1" type="stmt"/>
        <line num="110" count="1" type="cond" truecount="1" falsecount="1"/>
        <line num="111" count="1" type="stmt"/>
        <line num="112" count="1" type="cond" truecount="1" falsecount="1"/>
        <line num="113" count="1" type="stmt"/>
        <line num="114" count="1" type="stmt"/>
        <line num="115" count="1" type="stmt"/>
        <line num="116" count="1" type="stmt"/>
        <line num="120" count="12" type="cond" truecount="3" falsecount="1"/>
        <line num="121" count="12" type="stmt"/>
        <line num="122" count="12" type="stmt"/>
        <line num="123" count="12" type="cond" truecount="2" falsecount="0"/>
        <line num="124" count="9" type="stmt"/>
        <line num="125" count="9" type="stmt"/>
        <line num="126" count="9" type="stmt"/>
        <line num="127" count="9" type="stmt"/>
        <line num="131" count="1" type="stmt"/>
        <line num="134" count="1" type="cond" truecount="1" falsecount="1"/>
        <line num="135" count="1" type="stmt"/>
        <line num="138" count="1" type="stmt"/>
        <line num="142" count="13" type="stmt"/>
        <line num="143" count="13" type="stmt"/>
        <line num="144" count="21" type="stmt"/>
        <line num="146" count="13" type="stmt"/>
        <line num="150" count="3" type="cond" truecount="1" falsecount="1"/>
        <line num="151" count="3" type="stmt"/>
        <line num="152" count="3" type="stmt"/>
        <line num="157" count="3" type="cond" truecount="1" falsecount="1"/>
        <line num="158" count="3" type="stmt"/>
        <line num="159" count="11" type="stmt"/>
        <line num="161" count="3" type="stmt"/>
        <line num="162" count="3" type="stmt"/>
        <line num="167" count="6" type="cond" truecount="1" falsecount="1"/>
        <line num="168" count="6" type="stmt"/>
        <line num="170" count="6" type="cond" truecount="1" falsecount="1"/>
        <line num="171" count="6" type="cond" truecount="4" falsecount="0"/>
        <line num="172" count="6" type="cond" truecount="2" falsecount="0"/>
        <line num="173" count="4" type="stmt"/>
        <line num="174" count="5" type="cond" truecount="1" falsecount="1"/>
        <line num="176" count="4" type="stmt"/>
        <line num="178" count="6" type="cond" truecount="2" falsecount="0"/>
        <line num="179" count="6" type="cond" truecount="2" falsecount="2"/>
        <line num="180" count="6" type="cond" truecount="1" falsecount="1"/>
        <line num="182" count="6" type="stmt"/>
        <line num="183" count="6" type="stmt"/>
        <line num="184" count="6" type="stmt"/>
        <line num="200" count="8" type="stmt"/>
        <line num="201" count="8" type="stmt"/>
        <line num="202" count="8" type="stmt"/>
        <line num="203" count="8" type="stmt"/>
        <line num="204" count="8" type="stmt"/>
        <line num="207" count="8" type="cond" truecount="1" falsecount="1"/>
        <line num="209" count="8" type="stmt"/>
        <line num="210" count="7" type="cond" truecount="2" falsecount="0"/>
        <line num="213" count="8" type="stmt"/>
        <line num="215" count="8" type="stmt"/>
        <line num="226" count="8" type="cond" truecount="2" falsecount="0"/>
        <line num="227" count="3" type="cond" truecount="1" falsecount="1"/>
        <line num="228" count="3" type="cond" truecount="2" falsecount="0"/>
        <line num="231" count="8" type="cond" truecount="2" falsecount="0"/>
        <line num="232" count="3" type="stmt"/>
        <line num="233" count="5" type="cond" truecount="2" falsecount="0"/>
        <line num="234" count="2" type="stmt"/>
        <line num="235" count="3" type="cond" truecount="1" falsecount="1"/>
        <line num="236" count="3" type="stmt"/>
        <line num="239" count="8" type="cond" truecount="1" falsecount="1"/>
        <line num="247" count="3" type="cond" truecount="1" falsecount="1"/>
        <line num="248" count="3" type="stmt"/>
        <line num="249" count="3" type="stmt"/>
        <line num="251" count="3" type="stmt"/>
        <line num="258" count="5" type="stmt"/>
        <line num="262" count="0" type="stmt"/>
        <line num="271" count="0" type="cond" truecount="0" falsecount="6"/>
        <line num="272" count="0" type="stmt"/>
        <line num="273" count="0" type="stmt"/>
        <line num="276" count="0" type="stmt"/>
        <line num="277" count="0" type="stmt"/>
        <line num="278" count="0" type="stmt"/>
        <line num="279" count="0" type="stmt"/>
        <line num="280" count="0" type="stmt"/>
        <line num="285" count="4" type="stmt"/>
        <line num="293" count="5" type="cond" truecount="1" falsecount="1"/>
        <line num="294" count="5" type="stmt"/>
        <line num="295" count="5" type="stmt"/>
        <line num="296" count="5" type="stmt"/>
        <line num="297" count="5" type="stmt"/>
        <line num="298" count="5" type="stmt"/>
        <line num="306" count="8" type="stmt"/>
        <line num="307" count="8" type="stmt"/>
        <line num="308" count="8" type="stmt"/>
        <line num="309" count="8" type="stmt"/>
        <line num="310" count="8" type="stmt"/>
        <line num="311" count="8" type="stmt"/>
        <line num="318" count="3" type="stmt"/>
        <line num="319" count="3" type="stmt"/>
        <line num="322" count="3" type="stmt"/>
        <line num="323" count="3" type="stmt"/>
        <line num="324" count="3" type="stmt"/>
        <line num="325" count="3" type="stmt"/>
        <line num="333" count="5" type="cond" truecount="1" falsecount="1"/>
        <line num="334" count="5" type="stmt"/>
        <line num="335" count="5" type="cond" truecount="4" falsecount="0"/>
        <line num="336" count="3" type="stmt"/>
        <line num="337" count="3" type="stmt"/>
        <line num="338" count="3" type="stmt"/>
        <line num="339" count="3" type="stmt"/>
        <line num="342" count="5" type="stmt"/>
        <line num="343" count="5" type="stmt"/>
        <line num="344" count="5" type="stmt"/>
        <line num="345" count="4" type="stmt"/>
        <line num="347" count="5" type="stmt"/>
        <line num="348" count="5" type="stmt"/>
        <line num="352" count="4" type="stmt"/>
        <line num="353" count="4" type="stmt"/>
        <line num="354" count="4" type="cond" truecount="2" falsecount="0"/>
        <line num="355" count="4" type="stmt"/>
        <line num="364" count="6" type="stmt"/>
        <line num="365" count="6" type="stmt"/>
        <line num="366" count="16" type="cond" truecount="2" falsecount="0"/>
        <line num="367" count="6" type="stmt"/>
        <line num="370" count="6" type="stmt"/>
        <line num="380" count="14" type="stmt"/>
        <line num="388" count="16" type="stmt"/>
        <line num="390" count="16" type="stmt"/>
      </file>
    </package>
    <package name="source.frontend">
      <metrics statements="20" coveredstatements="20" conditionals="5" coveredconditionals="5" methods="5" coveredmethods="5"/>
      <file name="globals.js" path="E:\UCSD\CSE 110\cse110-sp21-group9\source\frontend\globals.js">
        <metrics statements="3" coveredstatements="3" conditionals="0" coveredconditionals="0" methods="0" coveredmethods="0"/>
        <line num="1" count="2" type="stmt"/>
        <line num="2" count="2" type="stmt"/>
        <line num="3" count="2" type="stmt"/>
      </file>
      <file name="utils.js" path="E:\UCSD\CSE 110\cse110-sp21-group9\source\frontend\utils.js">
        <metrics statements="17" coveredstatements="17" conditionals="5" coveredconditionals="5" methods="5" coveredmethods="5"/>
        <line num="1" count="3" type="stmt"/>
        <line num="16" count="3" type="stmt"/>
        <line num="17" count="3" type="stmt"/>
        <line num="20" count="24" type="cond" truecount="2" falsecount="0"/>
        <line num="21" count="22" type="stmt"/>
        <line num="23" count="2" type="stmt"/>
        <line num="28" count="5" type="stmt"/>
        <line num="29" count="5" type="cond" truecount="2" falsecount="0"/>
        <line num="30" count="1" type="stmt"/>
        <line num="31" count="1" type="stmt"/>
        <line num="33" count="4" type="stmt"/>
        <line num="38" count="958" type="stmt"/>
        <line num="42" count="812" type="stmt"/>
        <line num="43" count="812" type="stmt"/>
        <line num="47" count="22" type="stmt"/>
        <line num="48" count="22" type="stmt"/>
        <line num="49" count="22" type="stmt"/>
      </file>
    </package>
    <package name="source.frontend.app.element-mini-calendar">
      <metrics statements="77" coveredstatements="44" conditionals="20" coveredconditionals="8" methods="9" coveredmethods="2"/>
      <file name="mini-calendar.js" path="E:\UCSD\CSE 110\cse110-sp21-group9\source\frontend\app\element-mini-calendar\mini-calendar.js">
        <metrics statements="77" coveredstatements="44" conditionals="20" coveredconditionals="8" methods="9" coveredmethods="2"/>
        <line num="4" count="2" type="stmt"/>
        <line num="6" count="2" type="stmt"/>
        <line num="7" count="2" type="stmt"/>
        <line num="15" count="0" type="stmt"/>
        <line num="16" count="0" type="cond" truecount="0" falsecount="2"/>
        <line num="17" count="0" type="stmt"/>
        <line num="19" count="0" type="stmt"/>
        <line num="23" count="0" type="cond" truecount="0" falsecount="2"/>
        <line num="28" count="2" type="stmt"/>
        <line num="29" count="2" type="stmt"/>
        <line num="30" count="2" type="stmt"/>
        <line num="31" count="2" type="stmt"/>
        <line num="143" count="2" type="stmt"/>
        <line num="144" count="2" type="stmt"/>
        <line num="146" count="2" type="stmt"/>
        <line num="147" count="2" type="stmt"/>
        <line num="149" count="2" type="stmt"/>
        <line num="151" count="2" type="stmt"/>
        <line num="152" count="2" type="stmt"/>
        <line num="153" count="2" type="stmt"/>
        <line num="154" count="0" type="stmt"/>
        <line num="155" count="0" type="stmt"/>
        <line num="156" count="0" type="cond" truecount="0" falsecount="2"/>
        <line num="158" count="2" type="stmt"/>
        <line num="159" count="0" type="stmt"/>
        <line num="160" count="0" type="stmt"/>
        <line num="161" count="0" type="cond" truecount="0" falsecount="2"/>
        <line num="173" count="2" type="cond" truecount="1" falsecount="1"/>
        <line num="174" count="2" type="stmt"/>
        <line num="176" count="2" type="stmt"/>
        <line num="178" count="2" type="stmt"/>
        <line num="179" count="2" type="stmt"/>
        <line num="180" count="2" type="stmt"/>
        <line num="181" count="2" type="stmt"/>
        <line num="182" count="2" type="stmt"/>
        <line num="185" count="2" type="stmt"/>
        <line num="188" count="2" type="stmt"/>
        <line num="189" count="2" type="stmt"/>
        <line num="192" count="2" type="stmt"/>
        <line num="193" count="0" type="stmt"/>
        <line num="194" count="0" type="stmt"/>
        <line num="195" count="0" type="stmt"/>
        <line num="196" count="0" type="stmt"/>
        <line num="200" count="2" type="stmt"/>
        <line num="201" count="12" type="stmt"/>
        <line num="202" count="12" type="stmt"/>
        <line num="203" count="84" type="stmt"/>
        <line num="204" count="84" type="stmt"/>
        <line num="206" count="84" type="stmt"/>
        <line num="207" count="84" type="stmt"/>
        <line num="208" count="84" type="stmt"/>
        <line num="209" count="0" type="stmt"/>
        <line num="210" count="0" type="stmt"/>
        <line num="211" count="0" type="stmt"/>
        <line num="212" count="0" type="stmt"/>
        <line num="213" count="0" type="stmt"/>
        <line num="214" count="0" type="stmt"/>
        <line num="215" count="0" type="stmt"/>
        <line num="216" count="0" type="stmt"/>
        <line num="219" count="84" type="stmt"/>
        <line num="220" count="84" type="stmt"/>
        <line num="221" count="84" type="cond" truecount="2" falsecount="0"/>
        <line num="223" count="84" type="cond" truecount="2" falsecount="0"/>
        <line num="224" count="2" type="cond" truecount="1" falsecount="1"/>
        <line num="226" count="84" type="stmt"/>
        <line num="228" count="12" type="stmt"/>
        <line num="234" count="0" type="stmt"/>
        <line num="236" count="0" type="stmt"/>
        <line num="237" count="0" type="stmt"/>
        <line num="238" count="0" type="stmt"/>
        <line num="240" count="0" type="stmt"/>
        <line num="241" count="0" type="stmt"/>
        <line num="242" count="0" type="cond" truecount="0" falsecount="2"/>
        <line num="243" count="0" type="stmt"/>
        <line num="244" count="0" type="stmt"/>
        <line num="246" count="0" type="stmt"/>
        <line num="252" count="2" type="stmt"/>
      </file>
    </package>
    <package name="source.frontend.app.page-calendar-monthly">
      <metrics statements="172" coveredstatements="113" conditionals="45" coveredconditionals="34" methods="18" coveredmethods="8"/>
      <file name="calendar.js" path="E:\UCSD\CSE 110\cse110-sp21-group9\source\frontend\app\page-calendar-monthly\calendar.js">
        <metrics statements="172" coveredstatements="113" conditionals="45" coveredconditionals="34" methods="18" coveredmethods="8"/>
        <line num="4" count="1" type="stmt"/>
        <line num="6" count="1" type="stmt"/>
        <line num="7" count="1" type="stmt"/>
        <line num="8" count="1" type="stmt"/>
        <line num="9" count="1" type="stmt"/>
        <line num="10" count="1" type="stmt"/>
        <line num="11" count="1" type="stmt"/>
        <line num="12" count="1" type="stmt"/>
        <line num="14" count="1" type="stmt"/>
        <line num="15" count="1" type="stmt"/>
        <line num="16" count="1" type="stmt"/>
        <line num="18" count="1" type="stmt"/>
        <line num="20" count="1" type="stmt"/>
        <line num="22" count="1" type="stmt"/>
        <line num="23" count="0" type="stmt"/>
        <line num="25" count="0" type="stmt"/>
        <line num="26" count="0" type="stmt"/>
        <line num="28" count="0" type="stmt"/>
        <line num="29" count="0" type="stmt"/>
        <line num="31" count="0" type="stmt"/>
        <line num="32" count="0" type="stmt"/>
        <line num="34" count="0" type="stmt"/>
        <line num="36" count="0" type="stmt"/>
        <line num="37" count="0" type="stmt"/>
        <line num="40" count="1" type="stmt"/>
        <line num="41" count="7" type="stmt"/>
        <line num="42" count="7" type="cond" truecount="2" falsecount="0"/>
        <line num="43" count="1" type="stmt"/>
        <line num="44" count="1" type="stmt"/>
        <line num="47" count="7" type="stmt"/>
        <line num="48" count="7" type="stmt"/>
        <line num="49" count="7" type="stmt"/>
        <line num="51" count="7" type="stmt"/>
        <line num="52" count="7" type="stmt"/>
        <line num="53" count="7" type="stmt"/>
        <line num="54" count="7" type="stmt"/>
        <line num="57" count="1" type="stmt"/>
        <line num="58" count="14" type="stmt"/>
        <line num="59" count="14" type="cond" truecount="2" falsecount="0"/>
        <line num="60" count="2" type="stmt"/>
        <line num="61" count="2" type="stmt"/>
        <line num="63" count="14" type="stmt"/>
        <line num="64" count="14" type="stmt"/>
        <line num="65" count="14" type="stmt"/>
        <line num="67" count="14" type="stmt"/>
        <line num="68" count="14" type="stmt"/>
        <line num="69" count="14" type="stmt"/>
        <line num="70" count="14" type="stmt"/>
        <line num="73" count="1" type="stmt"/>
        <line num="74" count="0" type="stmt"/>
        <line num="76" count="0" type="stmt"/>
        <line num="77" count="0" type="stmt"/>
        <line num="78" count="0" type="stmt"/>
        <line num="80" count="0" type="stmt"/>
        <line num="81" count="0" type="stmt"/>
        <line num="84" count="1" type="stmt"/>
        <line num="85" count="0" type="stmt"/>
        <line num="88" count="1" type="stmt"/>
        <line num="89" count="0" type="stmt"/>
        <line num="90" count="0" type="stmt"/>
        <line num="91" count="0" type="stmt"/>
        <line num="93" count="0" type="stmt"/>
        <line num="94" count="0" type="stmt"/>
        <line num="95" count="0" type="stmt"/>
        <line num="97" count="0" type="stmt"/>
        <line num="98" count="0" type="stmt"/>
        <line num="101" count="1" type="stmt"/>
        <line num="102" count="0" type="stmt"/>
        <line num="105" count="1" type="stmt"/>
        <line num="106" count="0" type="stmt"/>
        <line num="107" count="0" type="stmt"/>
        <line num="108" count="0" type="stmt"/>
        <line num="110" count="0" type="stmt"/>
        <line num="111" count="0" type="stmt"/>
        <line num="112" count="0" type="stmt"/>
        <line num="114" count="0" type="stmt"/>
        <line num="115" count="0" type="stmt"/>
        <line num="116" count="0" type="stmt"/>
        <line num="117" count="0" type="stmt"/>
        <line num="121" count="22" type="stmt"/>
        <line num="122" count="22" type="cond" truecount="1" falsecount="1"/>
        <line num="123" count="0" type="stmt"/>
        <line num="124" count="22" type="cond" truecount="1" falsecount="1"/>
        <line num="125" count="0" type="stmt"/>
        <line num="126" count="22" type="cond" truecount="1" falsecount="1"/>
        <line num="127" count="0" type="stmt"/>
        <line num="129" count="22" type="stmt"/>
        <line num="138" count="22" type="stmt"/>
        <line num="139" count="22" type="stmt"/>
        <line num="140" count="22" type="stmt"/>
        <line num="141" count="812" type="cond" truecount="2" falsecount="0"/>
        <line num="142" count="116" type="stmt"/>
        <line num="144" count="812" type="stmt"/>
        <line num="145" count="812" type="cond" truecount="5" falsecount="0"/>
        <line num="147" count="22" type="stmt"/>
        <line num="149" count="812" type="cond" truecount="2" falsecount="0"/>
        <line num="150" count="669" type="stmt"/>
        <line num="151" count="669" type="stmt"/>
        <line num="152" count="669" type="stmt"/>
        <line num="153" count="669" type="stmt"/>
        <line num="155" count="669" type="stmt"/>
        <line num="156" count="669" type="stmt"/>
        <line num="158" count="669" type="cond" truecount="5" falsecount="0"/>
        <line num="159" count="3" type="stmt"/>
        <line num="162" count="669" type="cond" truecount="2" falsecount="0"/>
        <line num="163" count="3" type="stmt"/>
        <line num="166" count="669" type="stmt"/>
        <line num="167" count="669" type="stmt"/>
        <line num="168" count="0" type="stmt"/>
        <line num="173" count="0" type="stmt"/>
        <line num="176" count="669" type="stmt"/>
        <line num="178" count="0" type="stmt"/>
        <line num="179" count="0" type="stmt"/>
        <line num="181" count="669" type="stmt"/>
        <line num="183" count="0" type="cond" truecount="0" falsecount="2"/>
        <line num="184" count="0" type="stmt"/>
        <line num="186" count="0" type="stmt"/>
        <line num="189" count="669" type="stmt"/>
        <line num="190" count="669" type="stmt"/>
        <line num="192" count="143" type="stmt"/>
        <line num="193" count="143" type="stmt"/>
        <line num="195" count="812" type="cond" truecount="2" falsecount="0"/>
        <line num="196" count="97" type="stmt"/>
        <line num="198" count="812" type="cond" truecount="2" falsecount="0"/>
        <line num="199" count="116" type="stmt"/>
        <line num="200" count="116" type="cond" truecount="2" falsecount="0"/>
        <line num="201" count="22" type="stmt"/>
        <line num="205" count="22" type="stmt"/>
        <line num="210" count="22" type="stmt"/>
        <line num="211" count="22" type="stmt"/>
        <line num="212" count="132" type="stmt"/>
        <line num="214" count="22" type="stmt"/>
        <line num="215" count="154" type="stmt"/>
        <line num="216" count="154" type="stmt"/>
        <line num="217" count="154" type="stmt"/>
        <line num="219" count="22" type="stmt"/>
        <line num="220" count="22" type="stmt"/>
        <line num="221" count="22" type="stmt"/>
        <line num="226" count="22" type="stmt"/>
        <line num="227" count="0" type="stmt"/>
        <line num="228" count="0" type="stmt"/>
        <line num="229" count="0" type="stmt"/>
        <line num="230" count="0" type="cond" truecount="0" falsecount="2"/>
        <line num="231" count="0" type="stmt"/>
        <line num="233" count="0" type="stmt"/>
        <line num="235" count="0" type="stmt"/>
        <line num="236" count="0" type="cond" truecount="0" falsecount="2"/>
        <line num="237" count="0" type="stmt"/>
        <line num="243" count="22" type="stmt"/>
        <line num="245" count="22" type="cond" truecount="2" falsecount="0"/>
        <line num="248" count="1" type="cond" truecount="2" falsecount="2"/>
        <line num="249" count="0" type="stmt"/>
        <line num="250" count="0" type="stmt"/>
        <line num="251" count="0" type="stmt"/>
        <line num="253" count="1" type="stmt"/>
        <line num="254" count="1" type="stmt"/>
        <line num="255" count="1" type="stmt"/>
        <line num="257" count="1" type="stmt"/>
        <line num="259" count="21" type="stmt"/>
        <line num="263" count="1" type="stmt"/>
        <line num="264" count="0" type="stmt"/>
        <line num="267" count="1" type="stmt"/>
        <line num="268" count="1" type="stmt"/>
        <line num="270" count="1" type="stmt"/>
        <line num="271" count="1" type="stmt"/>
        <line num="272" count="1" type="stmt"/>
        <line num="274" count="1" type="stmt"/>
        <line num="276" count="1" type="stmt"/>
        <line num="277" count="1" type="stmt"/>
        <line num="279" count="1" type="stmt"/>
        <line num="280" count="1" type="stmt"/>
        <line num="281" count="1" type="stmt"/>
      </file>
    </package>
    <package name="source.frontend.app.page-day">
      <metrics statements="426" coveredstatements="400" conditionals="67" coveredconditionals="49" methods="46" coveredmethods="37"/>
      <file name="day.js" path="E:\UCSD\CSE 110\cse110-sp21-group9\source\frontend\app\page-day\day.js">
        <metrics statements="426" coveredstatements="400" conditionals="67" coveredconditionals="49" methods="46" coveredmethods="37"/>
        <line num="9" count="2" type="stmt"/>
        <line num="10" count="2" type="stmt"/>
        <line num="12" count="2" type="stmt"/>
        <line num="15" count="2" type="stmt"/>
        <line num="16" count="2" type="stmt"/>
        <line num="17" count="2" type="stmt"/>
        <line num="18" count="2" type="stmt"/>
        <line num="19" count="2" type="stmt"/>
        <line num="20" count="2" type="stmt"/>
        <line num="21" count="2" type="stmt"/>
        <line num="22" count="2" type="stmt"/>
        <line num="24" count="2" type="stmt"/>
        <line num="25" count="2" type="stmt"/>
        <line num="28" count="2" type="stmt"/>
        <line num="29" count="2" type="stmt"/>
        <line num="32" count="2" type="stmt"/>
        <line num="33" count="2" type="stmt"/>
        <line num="34" count="2" type="stmt"/>
        <line num="35" count="2" type="stmt"/>
        <line num="38" count="2" type="stmt"/>
        <line num="39" count="2" type="stmt"/>
        <line num="40" count="2" type="stmt"/>
        <line num="41" count="2" type="stmt"/>
        <line num="42" count="2" type="stmt"/>
        <line num="43" count="2" type="stmt"/>
        <line num="44" count="2" type="stmt"/>
        <line num="45" count="2" type="stmt"/>
        <line num="48" count="2" type="stmt"/>
        <line num="50" count="2" type="stmt"/>
        <line num="53" count="2" type="stmt"/>
        <line num="54" count="0" type="stmt"/>
        <line num="58" count="2" type="cond" truecount="2" falsecount="2"/>
        <line num="59" count="2" type="stmt"/>
        <line num="60" count="2" type="stmt"/>
        <line num="61" count="2" type="stmt"/>
        <line num="62" count="2" type="stmt"/>
        <line num="66" count="2" type="stmt"/>
        <line num="67" count="2" type="stmt"/>
        <line num="68" count="2" type="stmt"/>
        <line num="71" count="2" type="stmt"/>
        <line num="72" count="2" type="stmt"/>
        <line num="75" count="2" type="stmt"/>
        <line num="76" count="2" type="stmt"/>
        <line num="77" count="2" type="stmt"/>
        <line num="80" count="2" type="stmt"/>
        <line num="81" count="2" type="stmt"/>
        <line num="84" count="2" type="stmt"/>
        <line num="85" count="48" type="stmt"/>
        <line num="86" count="48" type="stmt"/>
        <line num="88" count="48" type="stmt"/>
        <line num="91" count="2" type="stmt"/>
        <line num="94" count="48" type="stmt"/>
        <line num="95" count="48" type="stmt"/>
        <line num="96" count="48" type="stmt"/>
        <line num="97" count="48" type="stmt"/>
        <line num="98" count="48" type="stmt"/>
        <line num="100" count="48" type="stmt"/>
        <line num="101" count="48" type="stmt"/>
        <line num="102" count="48" type="stmt"/>
        <line num="104" count="48" type="stmt"/>
        <line num="110" count="2" type="stmt"/>
        <line num="111" count="2" type="stmt"/>
        <line num="112" count="2" type="stmt"/>
        <line num="113" count="2" type="stmt"/>
        <line num="114" count="2" type="stmt"/>
        <line num="115" count="22" type="stmt"/>
        <line num="116" count="22" type="stmt"/>
        <line num="117" count="22" type="stmt"/>
        <line num="118" count="22" type="stmt"/>
        <line num="121" count="2" type="stmt"/>
        <line num="122" count="2" type="stmt"/>
        <line num="123" count="2" type="stmt"/>
        <line num="124" count="2" type="stmt"/>
        <line num="125" count="2" type="stmt"/>
        <line num="126" count="22" type="stmt"/>
        <line num="127" count="22" type="stmt"/>
        <line num="128" count="22" type="stmt"/>
        <line num="129" count="22" type="stmt"/>
        <line num="133" count="2" type="stmt"/>
        <line num="134" count="3" type="stmt"/>
        <line num="136" count="3" type="stmt"/>
        <line num="137" count="3" type="stmt"/>
        <line num="138" count="3" type="stmt"/>
        <line num="139" count="3" type="stmt"/>
        <line num="140" count="3" type="stmt"/>
        <line num="143" count="3" type="stmt"/>
        <line num="146" count="3" type="stmt"/>
        <line num="147" count="1" type="stmt"/>
        <line num="152" count="2" type="stmt"/>
        <line num="155" count="2" type="cond" truecount="1" falsecount="1"/>
        <line num="156" count="0" type="stmt"/>
        <line num="157" count="0" type="stmt"/>
        <line num="160" count="2" type="stmt"/>
        <line num="161" count="2" type="stmt"/>
        <line num="162" count="2" type="stmt"/>
        <line num="165" count="2" type="stmt"/>
        <line num="166" count="2" type="stmt"/>
        <line num="167" count="2" type="cond" truecount="1" falsecount="1"/>
        <line num="168" count="2" type="stmt"/>
        <line num="169" count="3" type="stmt"/>
        <line num="170" count="3" type="stmt"/>
        <line num="171" count="3" type="stmt"/>
        <line num="176" count="2" type="stmt"/>
        <line num="177" count="2" type="stmt"/>
        <line num="178" count="2" type="stmt"/>
        <line num="181" count="2" type="stmt"/>
        <line num="189" count="1" type="stmt"/>
        <line num="190" count="1" type="stmt"/>
        <line num="191" count="1" type="stmt"/>
        <line num="192" count="1" type="stmt"/>
        <line num="193" count="1" type="stmt"/>
        <line num="194" count="1" type="stmt"/>
        <line num="195" count="1" type="stmt"/>
        <line num="197" count="1" type="stmt"/>
        <line num="199" count="1" type="stmt"/>
        <line num="200" count="1" type="stmt"/>
        <line num="201" count="1" type="stmt"/>
        <line num="202" count="1" type="stmt"/>
        <line num="203" count="1" type="stmt"/>
        <line num="204" count="1" type="stmt"/>
        <line num="206" count="1" type="stmt"/>
        <line num="217" count="5" type="stmt"/>
        <line num="218" count="120" type="stmt"/>
        <line num="219" count="7" type="stmt"/>
        <line num="224" count="5" type="stmt"/>
        <line num="225" count="12" type="stmt"/>
        <line num="229" count="5" type="stmt"/>
        <line num="234" count="5" type="stmt"/>
        <line num="235" count="20" type="stmt"/>
        <line num="236" count="20" type="cond" truecount="2" falsecount="0"/>
        <line num="238" count="10" type="cond" truecount="4" falsecount="0"/>
        <line num="239" count="8" type="stmt"/>
        <line num="240" count="8" type="stmt"/>
        <line num="244" count="10" type="stmt"/>
        <line num="245" count="10" type="stmt"/>
        <line num="255" count="3" type="stmt"/>
        <line num="256" count="3" type="stmt"/>
        <line num="259" count="3" type="stmt"/>
        <line num="260" count="3" type="stmt"/>
        <line num="261" count="3" type="stmt"/>
        <line num="263" count="3" type="stmt"/>
        <line num="264" count="2" type="cond" truecount="2" falsecount="0"/>
        <line num="265" count="1" type="stmt"/>
        <line num="269" count="3" type="cond" truecount="2" falsecount="0"/>
        <line num="270" count="1" type="stmt"/>
        <line num="273" count="2" type="stmt"/>
        <line num="275" count="2" type="stmt"/>
        <line num="276" count="2" type="stmt"/>
        <line num="277" count="2" type="stmt"/>
        <line num="278" count="2" type="stmt"/>
        <line num="279" count="2" type="stmt"/>
        <line num="282" count="2" type="stmt"/>
        <line num="283" count="2" type="stmt"/>
        <line num="284" count="2" type="stmt"/>
        <line num="285" count="2" type="stmt"/>
        <line num="288" count="2" type="stmt"/>
        <line num="289" count="2" type="stmt"/>
        <line num="290" count="2" type="stmt"/>
        <line num="291" count="1" type="stmt"/>
        <line num="292" count="1" type="stmt"/>
        <line num="293" count="1" type="stmt"/>
        <line num="294" count="1" type="stmt"/>
        <line num="296" count="2" type="stmt"/>
        <line num="301" count="2" type="stmt"/>
        <line num="302" count="2" type="cond" truecount="1" falsecount="1"/>
        <line num="304" count="0" type="stmt"/>
        <line num="305" count="0" type="stmt"/>
        <line num="306" count="0" type="stmt"/>
        <line num="307" count="2" type="cond" truecount="2" falsecount="0"/>
        <line num="308" count="1" type="stmt"/>
        <line num="309" count="1" type="cond" truecount="1" falsecount="1"/>
        <line num="310" count="1" type="stmt"/>
        <line num="316" count="2" type="stmt"/>
        <line num="318" count="0" type="stmt"/>
        <line num="322" count="2" type="stmt"/>
        <line num="324" count="1" type="cond" truecount="1" falsecount="1"/>
        <line num="326" count="1" type="stmt"/>
        <line num="327" count="1" type="stmt"/>
        <line num="328" count="1" type="stmt"/>
        <line num="333" count="2" type="stmt"/>
        <line num="335" count="0" type="stmt"/>
        <line num="336" count="0" type="stmt"/>
        <line num="337" count="0" type="stmt"/>
        <line num="346" count="8" type="stmt"/>
        <line num="349" count="8" type="stmt"/>
        <line num="350" count="24" type="stmt"/>
        <line num="354" count="8" type="stmt"/>
        <line num="355" count="8" type="stmt"/>
        <line num="356" count="8" type="stmt"/>
        <line num="357" count="8" type="stmt"/>
        <line num="358" count="8" type="stmt"/>
        <line num="359" count="8" type="stmt"/>
        <line num="360" count="16" type="stmt"/>
        <line num="362" count="16" type="stmt"/>
        <line num="363" count="16" type="stmt"/>
        <line num="364" count="16" type="stmt"/>
        <line num="365" count="16" type="stmt"/>
        <line num="366" count="16" type="stmt"/>
        <line num="378" count="11" type="stmt"/>
        <line num="379" count="11" type="stmt"/>
        <line num="380" count="11" type="stmt"/>
        <line num="381" count="11" type="stmt"/>
        <line num="384" count="11" type="stmt"/>
        <line num="386" count="11" type="stmt"/>
        <line num="387" count="11" type="stmt"/>
        <line num="388" count="11" type="stmt"/>
        <line num="389" count="1" type="stmt"/>
        <line num="393" count="11" type="stmt"/>
        <line num="400" count="2" type="stmt"/>
        <line num="401" count="3" type="cond" truecount="1" falsecount="1"/>
        <line num="403" count="3" type="stmt"/>
        <line num="404" count="3" type="stmt"/>
        <line num="405" count="1" type="cond" truecount="1" falsecount="1"/>
        <line num="406" count="0" type="stmt"/>
        <line num="407" count="0" type="stmt"/>
        <line num="411" count="3" type="stmt"/>
        <line num="412" count="3" type="stmt"/>
        <line num="416" count="2" type="stmt"/>
        <line num="417" count="2" type="cond" truecount="2" falsecount="0"/>
        <line num="419" count="1" type="stmt"/>
        <line num="420" count="1" type="stmt"/>
        <line num="421" count="1" type="cond" truecount="1" falsecount="1"/>
        <line num="422" count="0" type="stmt"/>
        <line num="423" count="0" type="stmt"/>
        <line num="427" count="1" type="stmt"/>
        <line num="436" count="2" type="stmt"/>
        <line num="437" count="2" type="stmt"/>
        <line num="438" count="1" type="stmt"/>
        <line num="439" count="1" type="stmt"/>
        <line num="440" count="1" type="stmt"/>
        <line num="450" count="5" type="stmt"/>
        <line num="451" count="5" type="stmt"/>
        <line num="452" count="5" type="stmt"/>
        <line num="454" count="5" type="stmt"/>
        <line num="455" count="5" type="stmt"/>
        <line num="456" count="5" type="cond" truecount="2" falsecount="0"/>
        <line num="457" count="3" type="stmt"/>
        <line num="458" count="3" type="stmt"/>
        <line num="460" count="2" type="stmt"/>
        <line num="461" count="2" type="stmt"/>
        <line num="465" count="5" type="stmt"/>
        <line num="468" count="5" type="stmt"/>
        <line num="469" count="3" type="stmt"/>
        <line num="473" count="5" type="stmt"/>
        <line num="474" count="7" type="stmt"/>
        <line num="477" count="5" type="stmt"/>
        <line num="481" count="4" type="cond" truecount="1" falsecount="1"/>
        <line num="482" count="0" type="stmt"/>
        <line num="483" count="0" type="stmt"/>
        <line num="486" count="4" type="stmt"/>
        <line num="487" count="4" type="stmt"/>
        <line num="488" count="4" type="stmt"/>
        <line num="489" count="4" type="stmt"/>
        <line num="490" count="4" type="stmt"/>
        <line num="493" count="4" type="stmt"/>
        <line num="494" count="4" type="stmt"/>
        <line num="495" count="4" type="cond" truecount="1" falsecount="1"/>
        <line num="496" count="4" type="stmt"/>
        <line num="497" count="5" type="stmt"/>
        <line num="498" count="5" type="stmt"/>
        <line num="499" count="5" type="stmt"/>
        <line num="504" count="4" type="stmt"/>
        <line num="507" count="4" type="cond" truecount="2" falsecount="0"/>
        <line num="508" count="3" type="stmt"/>
        <line num="510" count="1" type="stmt"/>
        <line num="511" count="1" type="stmt"/>
        <line num="514" count="4" type="stmt"/>
        <line num="526" count="55" type="stmt"/>
        <line num="527" count="55" type="stmt"/>
        <line num="529" count="55" type="stmt"/>
        <line num="530" count="55" type="stmt"/>
        <line num="531" count="55" type="stmt"/>
        <line num="532" count="55" type="stmt"/>
        <line num="534" count="55" type="stmt"/>
        <line num="542" count="28" type="stmt"/>
        <line num="543" count="28" type="stmt"/>
        <line num="544" count="28" type="stmt"/>
        <line num="545" count="28" type="stmt"/>
        <line num="547" count="28" type="stmt"/>
        <line num="548" count="28" type="stmt"/>
        <line num="550" count="28" type="stmt"/>
        <line num="551" count="28" type="stmt"/>
        <line num="553" count="28" type="stmt"/>
        <line num="554" count="28" type="stmt"/>
        <line num="555" count="28" type="stmt"/>
        <line num="557" count="28" type="cond" truecount="2" falsecount="0"/>
        <line num="558" count="3" type="stmt"/>
        <line num="559" count="3" type="stmt"/>
        <line num="560" count="3" type="stmt"/>
        <line num="564" count="28" type="stmt"/>
        <line num="565" count="28" type="stmt"/>
        <line num="568" count="28" type="cond" truecount="2" falsecount="0"/>
        <line num="570" count="14" type="stmt"/>
        <line num="571" count="3" type="stmt"/>
        <line num="575" count="14" type="stmt"/>
        <line num="576" count="14" type="stmt"/>
        <line num="577" count="14" type="stmt"/>
        <line num="578" count="14" type="stmt"/>
        <line num="579" count="1" type="stmt"/>
        <line num="582" count="14" type="stmt"/>
        <line num="583" count="0" type="stmt"/>
        <line num="585" count="14" type="stmt"/>
        <line num="586" count="0" type="stmt"/>
        <line num="591" count="14" type="stmt"/>
        <line num="592" count="1" type="stmt"/>
        <line num="593" count="1" type="stmt"/>
        <line num="597" count="14" type="stmt"/>
        <line num="598" count="14" type="stmt"/>
        <line num="599" count="14" type="stmt"/>
        <line num="600" count="14" type="stmt"/>
        <line num="601" count="5" type="stmt"/>
        <line num="605" count="14" type="stmt"/>
        <line num="607" count="0" type="stmt"/>
        <line num="609" count="14" type="stmt"/>
        <line num="610" count="0" type="stmt"/>
        <line num="614" count="14" type="stmt"/>
        <line num="615" count="14" type="stmt"/>
        <line num="616" count="14" type="stmt"/>
        <line num="617" count="14" type="stmt"/>
        <line num="618" count="2" type="stmt"/>
        <line num="622" count="14" type="stmt"/>
        <line num="623" count="0" type="stmt"/>
        <line num="625" count="14" type="stmt"/>
        <line num="626" count="0" type="stmt"/>
        <line num="628" count="14" type="stmt"/>
        <line num="631" count="14" type="stmt"/>
        <line num="632" count="14" type="stmt"/>
        <line num="633" count="14" type="stmt"/>
        <line num="636" count="28" type="stmt"/>
        <line num="637" count="28" type="stmt"/>
        <line num="647" count="15" type="stmt"/>
        <line num="648" count="1" type="stmt"/>
        <line num="652" count="15" type="stmt"/>
        <line num="653" count="17" type="stmt"/>
        <line num="654" count="17" type="stmt"/>
        <line num="656" count="17" type="stmt"/>
        <line num="657" count="17" type="stmt"/>
        <line num="667" count="6" type="cond" truecount="2" falsecount="0"/>
        <line num="668" count="4" type="stmt"/>
        <line num="670" count="2" type="stmt"/>
        <line num="679" count="49" type="stmt"/>
        <line num="680" count="49" type="cond" truecount="2" falsecount="0"/>
        <line num="681" count="2" type="stmt"/>
        <line num="682" count="47" type="cond" truecount="2" falsecount="0"/>
        <line num="683" count="2" type="stmt"/>
        <line num="684" count="45" type="cond" truecount="2" falsecount="0"/>
        <line num="685" count="22" type="stmt"/>
        <line num="687" count="23" type="stmt"/>
        <line num="689" count="49" type="stmt"/>
        <line num="693" count="2" type="stmt"/>
        <line num="695" count="4" type="stmt"/>
        <line num="698" count="4" type="stmt"/>
        <line num="699" count="4" type="stmt"/>
        <line num="700" count="4" type="stmt"/>
        <line num="703" count="4" type="stmt"/>
        <line num="704" count="4" type="stmt"/>
        <line num="705" count="4" type="stmt"/>
        <line num="706" count="4" type="stmt"/>
        <line num="709" count="4" type="stmt"/>
        <line num="710" count="4" type="stmt"/>
        <line num="711" count="4" type="stmt"/>
        <line num="712" count="4" type="stmt"/>
        <line num="713" count="4" type="stmt"/>
        <line num="714" count="1" type="stmt"/>
        <line num="715" count="1" type="stmt"/>
        <line num="719" count="4" type="stmt"/>
        <line num="720" count="4" type="stmt"/>
        <line num="721" count="4" type="stmt"/>
        <line num="722" count="4" type="stmt"/>
        <line num="723" count="4" type="stmt"/>
        <line num="725" count="1" type="cond" truecount="1" falsecount="1"/>
        <line num="727" count="1" type="stmt"/>
        <line num="728" count="1" type="stmt"/>
        <line num="729" count="1" type="stmt"/>
        <line num="732" count="1" type="stmt"/>
        <line num="734" count="1" type="stmt"/>
        <line num="735" count="1" type="stmt"/>
        <line num="739" count="4" type="stmt"/>
        <line num="740" count="1" type="cond" truecount="1" falsecount="1"/>
        <line num="742" count="1" type="cond" truecount="1" falsecount="1"/>
        <line num="744" count="1" type="stmt"/>
        <line num="745" count="1" type="stmt"/>
        <line num="746" count="1" type="stmt"/>
        <line num="749" count="1" type="stmt"/>
        <line num="751" count="1" type="stmt"/>
        <line num="752" count="1" type="stmt"/>
        <line num="763" count="3" type="stmt"/>
        <line num="764" count="3" type="stmt"/>
        <line num="765" count="3" type="stmt"/>
        <line num="767" count="3" type="stmt"/>
        <line num="768" count="3" type="stmt"/>
        <line num="769" count="3" type="stmt"/>
        <line num="770" count="3" type="stmt"/>
        <line num="771" count="3" type="stmt"/>
        <line num="772" count="3" type="stmt"/>
        <line num="775" count="3" type="stmt"/>
        <line num="776" count="3" type="stmt"/>
        <line num="777" count="3" type="stmt"/>
        <line num="778" count="3" type="stmt"/>
        <line num="779" count="3" type="stmt"/>
        <line num="780" count="1" type="stmt"/>
        <line num="781" count="1" type="stmt"/>
        <line num="784" count="3" type="stmt"/>
        <line num="785" count="3" type="stmt"/>
        <line num="786" count="3" type="stmt"/>
        <line num="787" count="3" type="stmt"/>
        <line num="788" count="3" type="stmt"/>
        <line num="789" count="1" type="cond" truecount="1" falsecount="1"/>
        <line num="791" count="0" type="stmt"/>
        <line num="792" count="0" type="stmt"/>
        <line num="795" count="1" type="stmt"/>
        <line num="797" count="1" type="stmt"/>
        <line num="799" count="1" type="stmt"/>
        <line num="803" count="3" type="stmt"/>
        <line num="804" count="1" type="cond" truecount="1" falsecount="1"/>
        <line num="805" count="1" type="cond" truecount="1" falsecount="1"/>
        <line num="807" count="0" type="stmt"/>
        <line num="808" count="0" type="stmt"/>
        <line num="811" count="1" type="stmt"/>
        <line num="813" count="1" type="stmt"/>
        <line num="816" count="1" type="stmt"/>
        <line num="827" count="1" type="stmt"/>
        <line num="828" count="1" type="stmt"/>
        <line num="831" count="2" type="stmt"/>
        <line num="832" count="2" type="stmt"/>
        <line num="833" count="2" type="stmt"/>
      </file>
    </package>
    <package name="source.frontend.app.sidebar">
      <metrics statements="39" coveredstatements="9" conditionals="6" coveredconditionals="0" methods="7" coveredmethods="0"/>
      <file name="sidebar.js" path="E:\UCSD\CSE 110\cse110-sp21-group9\source\frontend\app\sidebar\sidebar.js">
        <metrics statements="39" coveredstatements="9" conditionals="6" coveredconditionals="0" methods="7" coveredmethods="0"/>
        <line num="3" count="3" type="stmt"/>
        <line num="4" count="3" type="stmt"/>
        <line num="6" count="3" type="stmt"/>
        <line num="9" count="3" type="stmt"/>
        <line num="10" count="0" type="stmt"/>
        <line num="14" count="3" type="stmt"/>
        <line num="16" count="3" type="stmt"/>
        <line num="17" count="0" type="stmt"/>
        <line num="18" count="0" type="stmt"/>
        <line num="23" count="0" type="stmt"/>
        <line num="24" count="0" type="stmt"/>
        <line num="25" count="0" type="stmt"/>
        <line num="26" count="0" type="stmt"/>
        <line num="29" count="3" type="stmt"/>
        <line num="31" count="3" type="stmt"/>
        <line num="32" count="0" type="stmt"/>
        <line num="33" count="0" type="stmt"/>
        <line num="34" count="0" type="stmt"/>
        <line num="35" count="0" type="stmt"/>
        <line num="37" count="0" type="stmt"/>
        <line num="41" count="0" type="stmt"/>
        <line num="43" count="0" type="stmt"/>
        <line num="44" count="0" type="stmt"/>
        <line num="48" count="0" type="cond" truecount="0" falsecount="2"/>
        <line num="50" count="0" type="stmt"/>
        <line num="53" count="0" type="stmt"/>
        <line num="56" count="0" type="stmt"/>
        <line num="59" count="0" type="stmt"/>
        <line num="62" count="0" type="stmt"/>
        <line num="65" count="0" type="stmt"/>
        <line num="70" count="3" type="stmt"/>
        <line num="71" count="0" type="stmt"/>
        <line num="73" count="0" type="cond" truecount="0" falsecount="2"/>
        <line num="75" count="0" type="stmt"/>
        <line num="76" count="0" type="stmt"/>
        <line num="77" count="0" type="stmt"/>
        <line num="79" count="0" type="stmt"/>
        <line num="82" count="0" type="cond" truecount="0" falsecount="2"/>
        <line num="84" count="0" type="stmt"/>
      </file>
    </package>
    <package name="test">
      <metrics statements="7" coveredstatements="6" conditionals="2" coveredconditionals="2" methods="7" coveredmethods="6"/>
      <file name="testutils.js" path="E:\UCSD\CSE 110\cse110-sp21-group9\test\testutils.js">
        <metrics statements="7" coveredstatements="6" conditionals="2" coveredconditionals="2" methods="7" coveredmethods="6"/>
        <line num="6" count="4" type="stmt"/>
        <line num="10" count="0" type="stmt"/>
        <line num="14" count="63" type="cond" truecount="2" falsecount="0"/>
        <line num="18" count="41" type="stmt"/>
        <line num="22" count="1" type="stmt"/>
        <line num="28" count="6" type="stmt"/>
        <line num="29" count="89" type="stmt"/>
      </file>
    </package>
  </project>
</coverage>
