{"E:\\UCSD\\CSE 110\\cse110-sp21-group9\\source\\backend\\bullet.js": {"path":"E:\\UCSD\\CSE 110\\cse110-sp21-group9\\source\\backend\\bullet.js","statementMap":{"0":{"start":{"line":3,"column":4},"end":{"line":3,"column":27}},"1":{"start":{"line":4,"column":4},"end":{"line":4,"column":33}},"2":{"start":{"line":5,"column":4},"end":{"line":5,"column":31}},"3":{"start":{"line":6,"column":4},"end":{"line":6,"column":31}},"4":{"start":{"line":7,"column":4},"end":{"line":7,"column":31}},"5":{"start":{"line":8,"column":4},"end":{"line":8,"column":37}},"6":{"start":{"line":9,"column":4},"end":{"line":9,"column":37}},"7":{"start":{"line":10,"column":4},"end":{"line":10,"column":35}}},"fnMap":{"0":{"name":"(anonymous_0)","decl":{"start":{"line":2,"column":2},"end":{"line":2,"column":3}},"loc":{"start":{"line":2,"column":25},"end":{"line":11,"column":3}},"line":2}},"branchMap":{},"s":{"0":83,"1":83,"2":83,"3":83,"4":83,"5":83,"6":83,"7":83},"f":{"0":83},"b":{},"_coverageSchema":"1a1c01bbd47fc00a2c39e90264f33305004495a9","hash":"e2064c14ea545c02252d5f3924cd33112e3d3768"}
,"E:\\UCSD\\CSE 110\\cse110-sp21-group9\\source\\backend\\crudFunctions.js": {"path":"E:\\UCSD\\CSE 110\\cse110-sp21-group9\\source\\backend\\crudFunctions.js","statementMap":{"0":{"start":{"line":14,"column":23},"end":{"line":14,"column":25}},"1":{"start":{"line":15,"column":18},"end":{"line":15,"column":20}},"2":{"start":{"line":16,"column":22},"end":{"line":16,"column":27}},"3":{"start":{"line":25,"column":26},"end":{"line":25,"column":28}},"4":{"start":{"line":26,"column":2},"end":{"line":31,"column":3}},"5":{"start":{"line":27,"column":19},"end":{"line":27,"column":44}},"6":{"start":{"line":28,"column":4},"end":{"line":30,"column":5}},"7":{"start":{"line":29,"column":6},"end":{"line":29,"column":47}},"8":{"start":{"line":32,"column":2},"end":{"line":32,"column":25}},"9":{"start":{"line":36,"column":26},"end":{"line":36,"column":28}},"10":{"start":{"line":37,"column":2},"end":{"line":42,"column":3}},"11":{"start":{"line":38,"column":19},"end":{"line":38,"column":44}},"12":{"start":{"line":39,"column":4},"end":{"line":41,"column":5}},"13":{"start":{"line":40,"column":6},"end":{"line":40,"column":47}},"14":{"start":{"line":43,"column":2},"end":{"line":43,"column":25}},"15":{"start":{"line":51,"column":2},"end":{"line":52,"column":19}},"16":{"start":{"line":51,"column":31},"end":{"line":51,"column":72}},"17":{"start":{"line":52,"column":7},"end":{"line":52,"column":19}},"18":{"start":{"line":61,"column":28},"end":{"line":61,"column":80}},"19":{"start":{"line":62,"column":2},"end":{"line":62,"column":49}},"20":{"start":{"line":66,"column":28},"end":{"line":66,"column":80}},"21":{"start":{"line":67,"column":2},"end":{"line":67,"column":48}},"22":{"start":{"line":71,"column":28},"end":{"line":71,"column":80}},"23":{"start":{"line":72,"column":2},"end":{"line":72,"column":48}},"24":{"start":{"line":76,"column":26},"end":{"line":76,"column":28}},"25":{"start":{"line":77,"column":2},"end":{"line":80,"column":3}},"26":{"start":{"line":78,"column":19},"end":{"line":78,"column":44}},"27":{"start":{"line":79,"column":4},"end":{"line":79,"column":89}},"28":{"start":{"line":79,"column":46},"end":{"line":79,"column":87}},"29":{"start":{"line":81,"column":2},"end":{"line":81,"column":25}},"30":{"start":{"line":85,"column":28},"end":{"line":85,"column":51}},"31":{"start":{"line":86,"column":2},"end":{"line":86,"column":49}},"32":{"start":{"line":90,"column":28},"end":{"line":90,"column":51}},"33":{"start":{"line":91,"column":2},"end":{"line":91,"column":48}},"34":{"start":{"line":95,"column":28},"end":{"line":95,"column":51}},"35":{"start":{"line":96,"column":2},"end":{"line":96,"column":48}},"36":{"start":{"line":100,"column":2},"end":{"line":100,"column":48}},"37":{"start":{"line":104,"column":2},"end":{"line":104,"column":51}},"38":{"start":{"line":104,"column":37},"end":{"line":104,"column":49}},"39":{"start":{"line":105,"column":2},"end":{"line":105,"column":47}},"40":{"start":{"line":110,"column":2},"end":{"line":110,"column":46}},"41":{"start":{"line":110,"column":34},"end":{"line":110,"column":46}},"42":{"start":{"line":111,"column":20},"end":{"line":111,"column":41}},"43":{"start":{"line":112,"column":2},"end":{"line":112,"column":44}},"44":{"start":{"line":112,"column":32},"end":{"line":112,"column":44}},"45":{"start":{"line":113,"column":2},"end":{"line":113,"column":30}},"46":{"start":{"line":114,"column":2},"end":{"line":114,"column":36}},"47":{"start":{"line":115,"column":2},"end":{"line":115,"column":57}},"48":{"start":{"line":116,"column":2},"end":{"line":116,"column":31}},"49":{"start":{"line":120,"column":2},"end":{"line":120,"column":74}},"50":{"start":{"line":120,"column":62},"end":{"line":120,"column":74}},"51":{"start":{"line":121,"column":20},"end":{"line":121,"column":41}},"52":{"start":{"line":122,"column":16},"end":{"line":122,"column":46}},"53":{"start":{"line":123,"column":2},"end":{"line":123,"column":32}},"54":{"start":{"line":123,"column":20},"end":{"line":123,"column":32}},"55":{"start":{"line":124,"column":2},"end":{"line":124,"column":34}},"56":{"start":{"line":125,"column":2},"end":{"line":125,"column":36}},"57":{"start":{"line":126,"column":2},"end":{"line":126,"column":57}},"58":{"start":{"line":127,"column":2},"end":{"line":127,"column":31}},"59":{"start":{"line":131,"column":2},"end":{"line":131,"column":52}},"60":{"start":{"line":134,"column":2},"end":{"line":134,"column":54}},"61":{"start":{"line":134,"column":40},"end":{"line":134,"column":52}},"62":{"start":{"line":135,"column":2},"end":{"line":135,"column":53}},"63":{"start":{"line":138,"column":2},"end":{"line":138,"column":50}},"64":{"start":{"line":142,"column":23},"end":{"line":142,"column":25}},"65":{"start":{"line":143,"column":2},"end":{"line":145,"column":3}},"66":{"start":{"line":144,"column":4},"end":{"line":144,"column":27}},"67":{"start":{"line":146,"column":2},"end":{"line":146,"column":22}},"68":{"start":{"line":150,"column":2},"end":{"line":153,"column":3}},"69":{"start":{"line":151,"column":4},"end":{"line":151,"column":31}},"70":{"start":{"line":152,"column":4},"end":{"line":152,"column":62}},"71":{"start":{"line":157,"column":2},"end":{"line":163,"column":3}},"72":{"start":{"line":158,"column":4},"end":{"line":160,"column":5}},"73":{"start":{"line":159,"column":6},"end":{"line":159,"column":41}},"74":{"start":{"line":161,"column":4},"end":{"line":161,"column":31}},"75":{"start":{"line":162,"column":4},"end":{"line":162,"column":62}},"76":{"start":{"line":167,"column":2},"end":{"line":167,"column":46}},"77":{"start":{"line":167,"column":34},"end":{"line":167,"column":46}},"78":{"start":{"line":168,"column":20},"end":{"line":168,"column":41}},"79":{"start":{"line":170,"column":2},"end":{"line":170,"column":74}},"80":{"start":{"line":170,"column":34},"end":{"line":170,"column":72}},"81":{"start":{"line":171,"column":2},"end":{"line":171,"column":109}},"82":{"start":{"line":171,"column":71},"end":{"line":171,"column":107}},"83":{"start":{"line":172,"column":2},"end":{"line":177,"column":3}},"84":{"start":{"line":173,"column":4},"end":{"line":175,"column":7}},"85":{"start":{"line":174,"column":6},"end":{"line":174,"column":45}},"86":{"start":{"line":174,"column":33},"end":{"line":174,"column":45}},"87":{"start":{"line":176,"column":4},"end":{"line":176,"column":40}},"88":{"start":{"line":178,"column":2},"end":{"line":178,"column":80}},"89":{"start":{"line":178,"column":36},"end":{"line":178,"column":78}},"90":{"start":{"line":179,"column":2},"end":{"line":179,"column":121}},"91":{"start":{"line":179,"column":77},"end":{"line":179,"column":119}},"92":{"start":{"line":180,"column":2},"end":{"line":180,"column":77}},"93":{"start":{"line":180,"column":35},"end":{"line":180,"column":75}},"94":{"start":{"line":182,"column":2},"end":{"line":182,"column":36}},"95":{"start":{"line":183,"column":2},"end":{"line":183,"column":57}},"96":{"start":{"line":184,"column":2},"end":{"line":184,"column":31}},"97":{"start":{"line":200,"column":4},"end":{"line":200,"column":13}},"98":{"start":{"line":201,"column":4},"end":{"line":201,"column":26}},"99":{"start":{"line":202,"column":4},"end":{"line":202,"column":43}},"100":{"start":{"line":203,"column":4},"end":{"line":203,"column":36}},"101":{"start":{"line":204,"column":4},"end":{"line":204,"column":30}},"102":{"start":{"line":207,"column":2},"end":{"line":207,"column":51}},"103":{"start":{"line":207,"column":37},"end":{"line":207,"column":49}},"104":{"start":{"line":209,"column":2},"end":{"line":211,"column":5}},"105":{"start":{"line":210,"column":4},"end":{"line":210,"column":43}},"106":{"start":{"line":210,"column":31},"end":{"line":210,"column":43}},"107":{"start":{"line":213,"column":27},"end":{"line":213,"column":32}},"108":{"start":{"line":215,"column":2},"end":{"line":224,"column":3}},"109":{"start":{"line":226,"column":2},"end":{"line":229,"column":3}},"110":{"start":{"line":227,"column":4},"end":{"line":227,"column":71}},"111":{"start":{"line":227,"column":34},"end":{"line":227,"column":69}},"112":{"start":{"line":228,"column":4},"end":{"line":228,"column":68}},"113":{"start":{"line":228,"column":33},"end":{"line":228,"column":66}},"114":{"start":{"line":231,"column":2},"end":{"line":237,"column":3}},"115":{"start":{"line":232,"column":4},"end":{"line":232,"column":27}},"116":{"start":{"line":233,"column":9},"end":{"line":237,"column":3}},"117":{"start":{"line":234,"column":4},"end":{"line":234,"column":27}},"118":{"start":{"line":235,"column":9},"end":{"line":237,"column":3}},"119":{"start":{"line":236,"column":4},"end":{"line":236,"column":27}},"120":{"start":{"line":239,"column":2},"end":{"line":239,"column":78}},"121":{"start":{"line":239,"column":28},"end":{"line":239,"column":54}},"122":{"start":{"line":239,"column":64},"end":{"line":239,"column":76}},"123":{"start":{"line":247,"column":2},"end":{"line":250,"column":3}},"124":{"start":{"line":248,"column":4},"end":{"line":248,"column":33}},"125":{"start":{"line":249,"column":4},"end":{"line":249,"column":35}},"126":{"start":{"line":251,"column":2},"end":{"line":251,"column":14}},"127":{"start":{"line":258,"column":2},"end":{"line":258,"column":23}},"128":{"start":{"line":262,"column":2},"end":{"line":267,"column":4}},"129":{"start":{"line":271,"column":2},"end":{"line":274,"column":3}},"130":{"start":{"line":272,"column":4},"end":{"line":272,"column":47}},"131":{"start":{"line":273,"column":4},"end":{"line":273,"column":11}},"132":{"start":{"line":276,"column":2},"end":{"line":276,"column":23}},"133":{"start":{"line":277,"column":2},"end":{"line":277,"column":49}},"134":{"start":{"line":278,"column":2},"end":{"line":278,"column":61}},"135":{"start":{"line":279,"column":2},"end":{"line":279,"column":48}},"136":{"start":{"line":280,"column":2},"end":{"line":280,"column":133}},"137":{"start":{"line":280,"column":57},"end":{"line":280,"column":131}},"138":{"start":{"line":285,"column":2},"end":{"line":289,"column":4}},"139":{"start":{"line":293,"column":2},"end":{"line":293,"column":46}},"140":{"start":{"line":293,"column":34},"end":{"line":293,"column":46}},"141":{"start":{"line":294,"column":20},"end":{"line":294,"column":41}},"142":{"start":{"line":295,"column":2},"end":{"line":295,"column":29}},"143":{"start":{"line":296,"column":2},"end":{"line":296,"column":36}},"144":{"start":{"line":297,"column":2},"end":{"line":297,"column":57}},"145":{"start":{"line":298,"column":2},"end":{"line":298,"column":31}},"146":{"start":{"line":306,"column":2},"end":{"line":306,"column":43}},"147":{"start":{"line":307,"column":2},"end":{"line":307,"column":64}},"148":{"start":{"line":308,"column":20},"end":{"line":308,"column":53}},"149":{"start":{"line":309,"column":2},"end":{"line":309,"column":31}},"150":{"start":{"line":310,"column":2},"end":{"line":310,"column":41}},"151":{"start":{"line":311,"column":2},"end":{"line":311,"column":46}},"152":{"start":{"line":318,"column":2},"end":{"line":318,"column":24}},"153":{"start":{"line":319,"column":2},"end":{"line":319,"column":33}},"154":{"start":{"line":322,"column":20},"end":{"line":322,"column":53}},"155":{"start":{"line":323,"column":22},"end":{"line":323,"column":46}},"156":{"start":{"line":324,"column":2},"end":{"line":324,"column":35}},"157":{"start":{"line":325,"column":2},"end":{"line":325,"column":46}},"158":{"start":{"line":333,"column":2},"end":{"line":333,"column":30}},"159":{"start":{"line":333,"column":23},"end":{"line":333,"column":30}},"160":{"start":{"line":334,"column":2},"end":{"line":334,"column":42}},"161":{"start":{"line":335,"column":2},"end":{"line":340,"column":3}},"162":{"start":{"line":336,"column":4},"end":{"line":336,"column":15}},"163":{"start":{"line":337,"column":4},"end":{"line":337,"column":43}},"164":{"start":{"line":338,"column":4},"end":{"line":338,"column":41}},"165":{"start":{"line":339,"column":4},"end":{"line":339,"column":53}},"166":{"start":{"line":342,"column":2},"end":{"line":342,"column":26}},"167":{"start":{"line":343,"column":20},"end":{"line":343,"column":53}},"168":{"start":{"line":344,"column":2},"end":{"line":346,"column":3}},"169":{"start":{"line":345,"column":4},"end":{"line":345,"column":41}},"170":{"start":{"line":347,"column":2},"end":{"line":347,"column":57}},"171":{"start":{"line":348,"column":2},"end":{"line":348,"column":25}},"172":{"start":{"line":352,"column":17},"end":{"line":352,"column":56}},"173":{"start":{"line":353,"column":2},"end":{"line":353,"column":38}},"174":{"start":{"line":354,"column":2},"end":{"line":354,"column":77}},"175":{"start":{"line":354,"column":33},"end":{"line":354,"column":75}},"176":{"start":{"line":355,"column":2},"end":{"line":355,"column":16}},"177":{"start":{"line":364,"column":19},"end":{"line":364,"column":21}},"178":{"start":{"line":365,"column":2},"end":{"line":369,"column":3}},"179":{"start":{"line":366,"column":4},"end":{"line":368,"column":5}},"180":{"start":{"line":367,"column":6},"end":{"line":367,"column":28}},"181":{"start":{"line":370,"column":2},"end":{"line":370,"column":18}},"182":{"start":{"line":380,"column":2},"end":{"line":380,"column":68}},"183":{"start":{"line":388,"column":16},"end":{"line":388,"column":49}},"184":{"start":{"line":390,"column":2},"end":{"line":390,"column":33}}},"fnMap":{"0":{"name":"getBulletsByDateRange","decl":{"start":{"line":24,"column":16},"end":{"line":24,"column":37}},"loc":{"start":{"line":24,"column":76},"end":{"line":33,"column":1}},"line":24},"1":{"name":"getBulletsByDateSpan","decl":{"start":{"line":35,"column":16},"end":{"line":35,"column":36}},"loc":{"start":{"line":35,"column":75},"end":{"line":44,"column":1}},"line":35},"2":{"name":"getBulletById","decl":{"start":{"line":50,"column":16},"end":{"line":50,"column":29}},"loc":{"start":{"line":50,"column":55},"end":{"line":53,"column":1}},"line":50},"3":{"name":"getEventBulletsByDateRange","decl":{"start":{"line":60,"column":16},"end":{"line":60,"column":42}},"loc":{"start":{"line":60,"column":81},"end":{"line":63,"column":1}},"line":60},"4":{"name":"getNoteBulletsByDateRange","decl":{"start":{"line":65,"column":16},"end":{"line":65,"column":41}},"loc":{"start":{"line":65,"column":80},"end":{"line":68,"column":1}},"line":65},"5":{"name":"getTaskBulletsByDateRange","decl":{"start":{"line":70,"column":16},"end":{"line":70,"column":41}},"loc":{"start":{"line":70,"column":80},"end":{"line":73,"column":1}},"line":70},"6":{"name":"getBulletsByTag","decl":{"start":{"line":75,"column":16},"end":{"line":75,"column":31}},"loc":{"start":{"line":75,"column":58},"end":{"line":82,"column":1}},"line":75},"7":{"name":"getEventBulletsByTag","decl":{"start":{"line":84,"column":16},"end":{"line":84,"column":36}},"loc":{"start":{"line":84,"column":63},"end":{"line":87,"column":1}},"line":84},"8":{"name":"getNoteBulletsByTag","decl":{"start":{"line":89,"column":16},"end":{"line":89,"column":35}},"loc":{"start":{"line":89,"column":62},"end":{"line":92,"column":1}},"line":89},"9":{"name":"getTaskBulletsByTag","decl":{"start":{"line":94,"column":16},"end":{"line":94,"column":35}},"loc":{"start":{"line":94,"column":62},"end":{"line":97,"column":1}},"line":94},"10":{"name":"setBulletTitle","decl":{"start":{"line":99,"column":16},"end":{"line":99,"column":30}},"loc":{"start":{"line":99,"column":66},"end":{"line":101,"column":1}},"line":99},"11":{"name":"setBulletDate","decl":{"start":{"line":103,"column":16},"end":{"line":103,"column":29}},"loc":{"start":{"line":103,"column":65},"end":{"line":106,"column":1}},"line":103},"12":{"name":"addBulletTag","decl":{"start":{"line":109,"column":16},"end":{"line":109,"column":28}},"loc":{"start":{"line":109,"column":62},"end":{"line":117,"column":1}},"line":109},"13":{"name":"removeBulletTag","decl":{"start":{"line":119,"column":16},"end":{"line":119,"column":31}},"loc":{"start":{"line":119,"column":65},"end":{"line":128,"column":1}},"line":119},"14":{"name":"setBulletContent","decl":{"start":{"line":130,"column":16},"end":{"line":130,"column":32}},"loc":{"start":{"line":130,"column":70},"end":{"line":132,"column":1}},"line":130},"15":{"name":"setBulletDueDate","decl":{"start":{"line":133,"column":16},"end":{"line":133,"column":32}},"loc":{"start":{"line":133,"column":71},"end":{"line":136,"column":1}},"line":133},"16":{"name":"setBulletStatus","decl":{"start":{"line":137,"column":16},"end":{"line":137,"column":31}},"loc":{"start":{"line":137,"column":68},"end":{"line":139,"column":1}},"line":137},"17":{"name":"getAvailableTags","decl":{"start":{"line":141,"column":16},"end":{"line":141,"column":32}},"loc":{"start":{"line":141,"column":35},"end":{"line":147,"column":1}},"line":141},"18":{"name":"createTag","decl":{"start":{"line":149,"column":16},"end":{"line":149,"column":25}},"loc":{"start":{"line":149,"column":52},"end":{"line":154,"column":1}},"line":149},"19":{"name":"removeTagGlobally","decl":{"start":{"line":156,"column":16},"end":{"line":156,"column":33}},"loc":{"start":{"line":156,"column":60},"end":{"line":164,"column":1}},"line":156},"20":{"name":"setAttributes","decl":{"start":{"line":166,"column":16},"end":{"line":166,"column":29}},"loc":{"start":{"line":166,"column":52},"end":{"line":185,"column":1}},"line":166},"21":{"name":"(anonymous_21)","decl":{"start":{"line":173,"column":31},"end":{"line":173,"column":32}},"loc":{"start":{"line":173,"column":47},"end":{"line":175,"column":5}},"line":173},"22":{"name":"createBullet","decl":{"start":{"line":198,"column":16},"end":{"line":198,"column":28}},"loc":{"start":{"line":198,"column":97},"end":{"line":240,"column":1}},"line":198},"23":{"name":"writeNewBullet","decl":{"start":{"line":199,"column":11},"end":{"line":199,"column":25}},"loc":{"start":{"line":199,"column":37},"end":{"line":205,"column":3}},"line":199},"24":{"name":"(anonymous_24)","decl":{"start":{"line":209,"column":18},"end":{"line":209,"column":19}},"loc":{"start":{"line":209,"column":34},"end":{"line":211,"column":3}},"line":209},"25":{"name":"deleteBulletById","decl":{"start":{"line":246,"column":16},"end":{"line":246,"column":32}},"loc":{"start":{"line":246,"column":40},"end":{"line":252,"column":1}},"line":246},"26":{"name":"initCrudRuntime","decl":{"start":{"line":257,"column":16},"end":{"line":257,"column":31}},"loc":{"start":{"line":257,"column":34},"end":{"line":259,"column":1}},"line":257},"27":{"name":"getLocalStorageData","decl":{"start":{"line":261,"column":16},"end":{"line":261,"column":35}},"loc":{"start":{"line":261,"column":38},"end":{"line":268,"column":1}},"line":261},"28":{"name":"loadDataToLocalStorage","decl":{"start":{"line":270,"column":16},"end":{"line":270,"column":38}},"loc":{"start":{"line":270,"column":48},"end":{"line":281,"column":1}},"line":270},"29":{"name":"dateEquals","decl":{"start":{"line":284,"column":9},"end":{"line":284,"column":19}},"loc":{"start":{"line":284,"column":34},"end":{"line":290,"column":1}},"line":284},"30":{"name":"updateBullet","decl":{"start":{"line":292,"column":9},"end":{"line":292,"column":21}},"loc":{"start":{"line":292,"column":45},"end":{"line":299,"column":1}},"line":292},"31":{"name":"writeBulletToStorage","decl":{"start":{"line":305,"column":9},"end":{"line":305,"column":29}},"loc":{"start":{"line":305,"column":41},"end":{"line":312,"column":1}},"line":305},"32":{"name":"deleteBulletFromStorage","decl":{"start":{"line":317,"column":9},"end":{"line":317,"column":32}},"loc":{"start":{"line":317,"column":40},"end":{"line":326,"column":1}},"line":317},"33":{"name":"fillRunTimeBullets","decl":{"start":{"line":332,"column":9},"end":{"line":332,"column":27}},"loc":{"start":{"line":332,"column":30},"end":{"line":349,"column":1}},"line":332},"34":{"name":"parseBullet","decl":{"start":{"line":351,"column":9},"end":{"line":351,"column":20}},"loc":{"start":{"line":351,"column":28},"end":{"line":356,"column":1}},"line":351},"35":{"name":"filterArray","decl":{"start":{"line":363,"column":9},"end":{"line":363,"column":20}},"loc":{"start":{"line":363,"column":44},"end":{"line":371,"column":1}},"line":363},"36":{"name":"writeArrayToStorage","decl":{"start":{"line":379,"column":9},"end":{"line":379,"column":28}},"loc":{"start":{"line":379,"column":47},"end":{"line":381,"column":1}},"line":379},"37":{"name":"readArrayFromStorage","decl":{"start":{"line":387,"column":9},"end":{"line":387,"column":29}},"loc":{"start":{"line":387,"column":43},"end":{"line":391,"column":1}},"line":387}},"branchMap":{"0":{"loc":{"start":{"line":24,"column":58},"end":{"line":24,"column":74}},"type":"default-arg","locations":[{"start":{"line":24,"column":70},"end":{"line":24,"column":74}}],"line":24},"1":{"loc":{"start":{"line":28,"column":4},"end":{"line":30,"column":5}},"type":"if","locations":[{"start":{"line":28,"column":4},"end":{"line":30,"column":5}},{"start":{"line":28,"column":4},"end":{"line":30,"column":5}}],"line":28},"2":{"loc":{"start":{"line":28,"column":8},"end":{"line":28,"column":57}},"type":"binary-expr","locations":[{"start":{"line":28,"column":8},"end":{"line":28,"column":32}},{"start":{"line":28,"column":36},"end":{"line":28,"column":57}}],"line":28},"3":{"loc":{"start":{"line":35,"column":57},"end":{"line":35,"column":73}},"type":"default-arg","locations":[{"start":{"line":35,"column":69},"end":{"line":35,"column":73}}],"line":35},"4":{"loc":{"start":{"line":39,"column":4},"end":{"line":41,"column":5}},"type":"if","locations":[{"start":{"line":39,"column":4},"end":{"line":41,"column":5}},{"start":{"line":39,"column":4},"end":{"line":41,"column":5}}],"line":39},"5":{"loc":{"start":{"line":39,"column":8},"end":{"line":39,"column":81}},"type":"binary-expr","locations":[{"start":{"line":39,"column":8},"end":{"line":39,"column":42}},{"start":{"line":39,"column":46},"end":{"line":39,"column":81}}],"line":39},"6":{"loc":{"start":{"line":50,"column":37},"end":{"line":50,"column":53}},"type":"default-arg","locations":[{"start":{"line":50,"column":49},"end":{"line":50,"column":53}}],"line":50},"7":{"loc":{"start":{"line":51,"column":2},"end":{"line":52,"column":19}},"type":"if","locations":[{"start":{"line":51,"column":2},"end":{"line":52,"column":19}},{"start":{"line":51,"column":2},"end":{"line":52,"column":19}}],"line":51},"8":{"loc":{"start":{"line":60,"column":63},"end":{"line":60,"column":79}},"type":"default-arg","locations":[{"start":{"line":60,"column":75},"end":{"line":60,"column":79}}],"line":60},"9":{"loc":{"start":{"line":65,"column":62},"end":{"line":65,"column":78}},"type":"default-arg","locations":[{"start":{"line":65,"column":74},"end":{"line":65,"column":78}}],"line":65},"10":{"loc":{"start":{"line":70,"column":62},"end":{"line":70,"column":78}},"type":"default-arg","locations":[{"start":{"line":70,"column":74},"end":{"line":70,"column":78}}],"line":70},"11":{"loc":{"start":{"line":75,"column":40},"end":{"line":75,"column":56}},"type":"default-arg","locations":[{"start":{"line":75,"column":52},"end":{"line":75,"column":56}}],"line":75},"12":{"loc":{"start":{"line":79,"column":4},"end":{"line":79,"column":89}},"type":"if","locations":[{"start":{"line":79,"column":4},"end":{"line":79,"column":89}},{"start":{"line":79,"column":4},"end":{"line":79,"column":89}}],"line":79},"13":{"loc":{"start":{"line":84,"column":45},"end":{"line":84,"column":61}},"type":"default-arg","locations":[{"start":{"line":84,"column":57},"end":{"line":84,"column":61}}],"line":84},"14":{"loc":{"start":{"line":89,"column":44},"end":{"line":89,"column":60}},"type":"default-arg","locations":[{"start":{"line":89,"column":56},"end":{"line":89,"column":60}}],"line":89},"15":{"loc":{"start":{"line":94,"column":44},"end":{"line":94,"column":60}},"type":"default-arg","locations":[{"start":{"line":94,"column":56},"end":{"line":94,"column":60}}],"line":94},"16":{"loc":{"start":{"line":99,"column":48},"end":{"line":99,"column":64}},"type":"default-arg","locations":[{"start":{"line":99,"column":60},"end":{"line":99,"column":64}}],"line":99},"17":{"loc":{"start":{"line":103,"column":47},"end":{"line":103,"column":63}},"type":"default-arg","locations":[{"start":{"line":103,"column":59},"end":{"line":103,"column":63}}],"line":103},"18":{"loc":{"start":{"line":104,"column":2},"end":{"line":104,"column":51}},"type":"if","locations":[{"start":{"line":104,"column":2},"end":{"line":104,"column":51}},{"start":{"line":104,"column":2},"end":{"line":104,"column":51}}],"line":104},"19":{"loc":{"start":{"line":109,"column":44},"end":{"line":109,"column":60}},"type":"default-arg","locations":[{"start":{"line":109,"column":56},"end":{"line":109,"column":60}}],"line":109},"20":{"loc":{"start":{"line":110,"column":2},"end":{"line":110,"column":46}},"type":"if","locations":[{"start":{"line":110,"column":2},"end":{"line":110,"column":46}},{"start":{"line":110,"column":2},"end":{"line":110,"column":46}}],"line":110},"21":{"loc":{"start":{"line":112,"column":2},"end":{"line":112,"column":44}},"type":"if","locations":[{"start":{"line":112,"column":2},"end":{"line":112,"column":44}},{"start":{"line":112,"column":2},"end":{"line":112,"column":44}}],"line":112},"22":{"loc":{"start":{"line":119,"column":47},"end":{"line":119,"column":63}},"type":"default-arg","locations":[{"start":{"line":119,"column":59},"end":{"line":119,"column":63}}],"line":119},"23":{"loc":{"start":{"line":120,"column":2},"end":{"line":120,"column":74}},"type":"if","locations":[{"start":{"line":120,"column":2},"end":{"line":120,"column":74}},{"start":{"line":120,"column":2},"end":{"line":120,"column":74}}],"line":120},"24":{"loc":{"start":{"line":120,"column":6},"end":{"line":120,"column":60}},"type":"binary-expr","locations":[{"start":{"line":120,"column":6},"end":{"line":120,"column":32}},{"start":{"line":120,"column":36},"end":{"line":120,"column":60}}],"line":120},"25":{"loc":{"start":{"line":123,"column":2},"end":{"line":123,"column":32}},"type":"if","locations":[{"start":{"line":123,"column":2},"end":{"line":123,"column":32}},{"start":{"line":123,"column":2},"end":{"line":123,"column":32}}],"line":123},"26":{"loc":{"start":{"line":130,"column":52},"end":{"line":130,"column":68}},"type":"default-arg","locations":[{"start":{"line":130,"column":64},"end":{"line":130,"column":68}}],"line":130},"27":{"loc":{"start":{"line":133,"column":53},"end":{"line":133,"column":69}},"type":"default-arg","locations":[{"start":{"line":133,"column":65},"end":{"line":133,"column":69}}],"line":133},"28":{"loc":{"start":{"line":134,"column":2},"end":{"line":134,"column":54}},"type":"if","locations":[{"start":{"line":134,"column":2},"end":{"line":134,"column":54}},{"start":{"line":134,"column":2},"end":{"line":134,"column":54}}],"line":134},"29":{"loc":{"start":{"line":137,"column":50},"end":{"line":137,"column":66}},"type":"default-arg","locations":[{"start":{"line":137,"column":62},"end":{"line":137,"column":66}}],"line":137},"30":{"loc":{"start":{"line":149,"column":34},"end":{"line":149,"column":50}},"type":"default-arg","locations":[{"start":{"line":149,"column":46},"end":{"line":149,"column":50}}],"line":149},"31":{"loc":{"start":{"line":150,"column":2},"end":{"line":153,"column":3}},"type":"if","locations":[{"start":{"line":150,"column":2},"end":{"line":153,"column":3}},{"start":{"line":150,"column":2},"end":{"line":153,"column":3}}],"line":150},"32":{"loc":{"start":{"line":156,"column":42},"end":{"line":156,"column":58}},"type":"default-arg","locations":[{"start":{"line":156,"column":54},"end":{"line":156,"column":58}}],"line":156},"33":{"loc":{"start":{"line":157,"column":2},"end":{"line":163,"column":3}},"type":"if","locations":[{"start":{"line":157,"column":2},"end":{"line":163,"column":3}},{"start":{"line":157,"column":2},"end":{"line":163,"column":3}}],"line":157},"34":{"loc":{"start":{"line":167,"column":2},"end":{"line":167,"column":46}},"type":"if","locations":[{"start":{"line":167,"column":2},"end":{"line":167,"column":46}},{"start":{"line":167,"column":2},"end":{"line":167,"column":46}}],"line":167},"35":{"loc":{"start":{"line":170,"column":2},"end":{"line":170,"column":74}},"type":"if","locations":[{"start":{"line":170,"column":2},"end":{"line":170,"column":74}},{"start":{"line":170,"column":2},"end":{"line":170,"column":74}}],"line":170},"36":{"loc":{"start":{"line":171,"column":2},"end":{"line":171,"column":109}},"type":"if","locations":[{"start":{"line":171,"column":2},"end":{"line":171,"column":109}},{"start":{"line":171,"column":2},"end":{"line":171,"column":109}}],"line":171},"37":{"loc":{"start":{"line":171,"column":6},"end":{"line":171,"column":67}},"type":"binary-expr","locations":[{"start":{"line":171,"column":6},"end":{"line":171,"column":29}},{"start":{"line":171,"column":33},"end":{"line":171,"column":67}}],"line":171},"38":{"loc":{"start":{"line":172,"column":2},"end":{"line":177,"column":3}},"type":"if","locations":[{"start":{"line":172,"column":2},"end":{"line":177,"column":3}},{"start":{"line":172,"column":2},"end":{"line":177,"column":3}}],"line":172},"39":{"loc":{"start":{"line":174,"column":6},"end":{"line":174,"column":45}},"type":"if","locations":[{"start":{"line":174,"column":6},"end":{"line":174,"column":45}},{"start":{"line":174,"column":6},"end":{"line":174,"column":45}}],"line":174},"40":{"loc":{"start":{"line":178,"column":2},"end":{"line":178,"column":80}},"type":"if","locations":[{"start":{"line":178,"column":2},"end":{"line":178,"column":80}},{"start":{"line":178,"column":2},"end":{"line":178,"column":80}}],"line":178},"41":{"loc":{"start":{"line":179,"column":2},"end":{"line":179,"column":121}},"type":"if","locations":[{"start":{"line":179,"column":2},"end":{"line":179,"column":121}},{"start":{"line":179,"column":2},"end":{"line":179,"column":121}}],"line":179},"42":{"loc":{"start":{"line":179,"column":6},"end":{"line":179,"column":73}},"type":"binary-expr","locations":[{"start":{"line":179,"column":6},"end":{"line":179,"column":32}},{"start":{"line":179,"column":36},"end":{"line":179,"column":73}}],"line":179},"43":{"loc":{"start":{"line":180,"column":2},"end":{"line":180,"column":77}},"type":"if","locations":[{"start":{"line":180,"column":2},"end":{"line":180,"column":77}},{"start":{"line":180,"column":2},"end":{"line":180,"column":77}}],"line":180},"44":{"loc":{"start":{"line":198,"column":79},"end":{"line":198,"column":95}},"type":"default-arg","locations":[{"start":{"line":198,"column":91},"end":{"line":198,"column":95}}],"line":198},"45":{"loc":{"start":{"line":207,"column":2},"end":{"line":207,"column":51}},"type":"if","locations":[{"start":{"line":207,"column":2},"end":{"line":207,"column":51}},{"start":{"line":207,"column":2},"end":{"line":207,"column":51}}],"line":207},"46":{"loc":{"start":{"line":210,"column":4},"end":{"line":210,"column":43}},"type":"if","locations":[{"start":{"line":210,"column":4},"end":{"line":210,"column":43}},{"start":{"line":210,"column":4},"end":{"line":210,"column":43}}],"line":210},"47":{"loc":{"start":{"line":226,"column":2},"end":{"line":229,"column":3}},"type":"if","locations":[{"start":{"line":226,"column":2},"end":{"line":229,"column":3}},{"start":{"line":226,"column":2},"end":{"line":229,"column":3}}],"line":226},"48":{"loc":{"start":{"line":227,"column":4},"end":{"line":227,"column":71}},"type":"if","locations":[{"start":{"line":227,"column":4},"end":{"line":227,"column":71}},{"start":{"line":227,"column":4},"end":{"line":227,"column":71}}],"line":227},"49":{"loc":{"start":{"line":228,"column":4},"end":{"line":228,"column":68}},"type":"if","locations":[{"start":{"line":228,"column":4},"end":{"line":228,"column":68}},{"start":{"line":228,"column":4},"end":{"line":228,"column":68}}],"line":228},"50":{"loc":{"start":{"line":231,"column":2},"end":{"line":237,"column":3}},"type":"if","locations":[{"start":{"line":231,"column":2},"end":{"line":237,"column":3}},{"start":{"line":231,"column":2},"end":{"line":237,"column":3}}],"line":231},"51":{"loc":{"start":{"line":233,"column":9},"end":{"line":237,"column":3}},"type":"if","locations":[{"start":{"line":233,"column":9},"end":{"line":237,"column":3}},{"start":{"line":233,"column":9},"end":{"line":237,"column":3}}],"line":233},"52":{"loc":{"start":{"line":235,"column":9},"end":{"line":237,"column":3}},"type":"if","locations":[{"start":{"line":235,"column":9},"end":{"line":237,"column":3}},{"start":{"line":235,"column":9},"end":{"line":237,"column":3}}],"line":235},"53":{"loc":{"start":{"line":239,"column":2},"end":{"line":239,"column":78}},"type":"if","locations":[{"start":{"line":239,"column":2},"end":{"line":239,"column":78}},{"start":{"line":239,"column":2},"end":{"line":239,"column":78}}],"line":239},"54":{"loc":{"start":{"line":247,"column":2},"end":{"line":250,"column":3}},"type":"if","locations":[{"start":{"line":247,"column":2},"end":{"line":250,"column":3}},{"start":{"line":247,"column":2},"end":{"line":250,"column":3}}],"line":247},"55":{"loc":{"start":{"line":271,"column":2},"end":{"line":274,"column":3}},"type":"if","locations":[{"start":{"line":271,"column":2},"end":{"line":274,"column":3}},{"start":{"line":271,"column":2},"end":{"line":274,"column":3}}],"line":271},"56":{"loc":{"start":{"line":271,"column":6},"end":{"line":271,"column":102}},"type":"binary-expr","locations":[{"start":{"line":271,"column":6},"end":{"line":271,"column":28}},{"start":{"line":271,"column":32},"end":{"line":271,"column":55}},{"start":{"line":271,"column":59},"end":{"line":271,"column":79}},{"start":{"line":271,"column":83},"end":{"line":271,"column":102}}],"line":271},"57":{"loc":{"start":{"line":286,"column":4},"end":{"line":288,"column":39}},"type":"binary-expr","locations":[{"start":{"line":286,"column":4},"end":{"line":286,"column":47}},{"start":{"line":287,"column":4},"end":{"line":287,"column":41}},{"start":{"line":288,"column":4},"end":{"line":288,"column":39}}],"line":286},"58":{"loc":{"start":{"line":293,"column":2},"end":{"line":293,"column":46}},"type":"if","locations":[{"start":{"line":293,"column":2},"end":{"line":293,"column":46}},{"start":{"line":293,"column":2},"end":{"line":293,"column":46}}],"line":293},"59":{"loc":{"start":{"line":333,"column":2},"end":{"line":333,"column":30}},"type":"if","locations":[{"start":{"line":333,"column":2},"end":{"line":333,"column":30}},{"start":{"line":333,"column":2},"end":{"line":333,"column":30}}],"line":333},"60":{"loc":{"start":{"line":335,"column":2},"end":{"line":340,"column":3}},"type":"if","locations":[{"start":{"line":335,"column":2},"end":{"line":340,"column":3}},{"start":{"line":335,"column":2},"end":{"line":340,"column":3}}],"line":335},"61":{"loc":{"start":{"line":335,"column":6},"end":{"line":335,"column":41}},"type":"binary-expr","locations":[{"start":{"line":335,"column":6},"end":{"line":335,"column":23}},{"start":{"line":335,"column":27},"end":{"line":335,"column":41}}],"line":335},"62":{"loc":{"start":{"line":354,"column":2},"end":{"line":354,"column":77}},"type":"if","locations":[{"start":{"line":354,"column":2},"end":{"line":354,"column":77}},{"start":{"line":354,"column":2},"end":{"line":354,"column":77}}],"line":354},"63":{"loc":{"start":{"line":366,"column":4},"end":{"line":368,"column":5}},"type":"if","locations":[{"start":{"line":366,"column":4},"end":{"line":368,"column":5}},{"start":{"line":366,"column":4},"end":{"line":368,"column":5}}],"line":366}},"s":{"0":5,"1":5,"2":5,"3":31,"4":31,"5":32,"6":32,"7":29,"8":31,"9":1,"10":1,"11":3,"12":3,"13":1,"14":1,"15":12,"16":12,"17":0,"18":1,"19":1,"20":1,"21":1,"22":1,"23":1,"24":4,"25":4,"26":12,"27":12,"28":12,"29":4,"30":1,"31":1,"32":1,"33":1,"34":1,"35":1,"36":1,"37":1,"38":0,"39":1,"40":1,"41":0,"42":1,"43":1,"44":0,"45":1,"46":1,"47":1,"48":1,"49":12,"50":0,"51":12,"52":12,"53":12,"54":3,"55":9,"56":9,"57":9,"58":9,"59":1,"60":1,"61":0,"62":1,"63":1,"64":13,"65":13,"66":21,"67":13,"68":3,"69":3,"70":3,"71":3,"72":3,"73":11,"74":3,"75":3,"76":6,"77":0,"78":6,"79":6,"80":6,"81":6,"82":4,"83":6,"84":4,"85":5,"86":0,"87":4,"88":6,"89":4,"90":6,"91":0,"92":6,"93":0,"94":6,"95":6,"96":6,"97":8,"98":8,"99":8,"100":8,"101":8,"102":8,"103":0,"104":8,"105":7,"106":1,"107":8,"108":8,"109":8,"110":3,"111":3,"112":3,"113":2,"114":8,"115":3,"116":5,"117":2,"118":3,"119":3,"120":8,"121":8,"122":0,"123":3,"124":3,"125":3,"126":3,"127":5,"128":0,"129":0,"130":0,"131":0,"132":0,"133":0,"134":0,"135":0,"136":0,"137":0,"138":4,"139":5,"140":0,"141":5,"142":5,"143":5,"144":5,"145":5,"146":8,"147":8,"148":8,"149":8,"150":8,"151":8,"152":3,"153":3,"154":3,"155":3,"156":3,"157":3,"158":5,"159":0,"160":5,"161":5,"162":3,"163":3,"164":3,"165":3,"166":5,"167":5,"168":5,"169":4,"170":5,"171":5,"172":4,"173":4,"174":4,"175":1,"176":4,"177":6,"178":6,"179":16,"180":6,"181":6,"182":14,"183":16,"184":16},"f":{"0":31,"1":1,"2":12,"3":1,"4":1,"5":1,"6":4,"7":1,"8":1,"9":1,"10":1,"11":1,"12":1,"13":12,"14":1,"15":1,"16":1,"17":13,"18":3,"19":3,"20":6,"21":5,"22":8,"23":8,"24":7,"25":3,"26":5,"27":0,"28":0,"29":4,"30":5,"31":8,"32":3,"33":5,"34":4,"35":6,"36":14,"37":16},"b":{"0":[28],"1":[29,3],"2":[32,29],"3":[1],"4":[1,2],"5":[3,1],"6":[12],"7":[12,0],"8":[1],"9":[1],"10":[1],"11":[4],"12":[12,0],"13":[1],"14":[1],"15":[1],"16":[1],"17":[1],"18":[0,1],"19":[1],"20":[0,1],"21":[0,1],"22":[12],"23":[0,12],"24":[12,12],"25":[3,9],"26":[1],"27":[1],"28":[0,1],"29":[1],"30":[3],"31":[3,0],"32":[3],"33":[3,0],"34":[0,6],"35":[6,0],"36":[4,2],"37":[6,4],"38":[4,2],"39":[0,5],"40":[4,2],"41":[0,6],"42":[6,0],"43":[0,6],"44":[5],"45":[0,8],"46":[1,6],"47":[3,5],"48":[3,0],"49":[2,1],"50":[3,5],"51":[2,3],"52":[3,0],"53":[8,0],"54":[3,0],"55":[0,0],"56":[0,0,0,0],"57":[4,4,2],"58":[0,5],"59":[0,5],"60":[3,2],"61":[5,5],"62":[1,3],"63":[6,10]},"_coverageSchema":"1a1c01bbd47fc00a2c39e90264f33305004495a9","hash":"fc6075f32cf176168130b07b02fd5ddcfabe775f"}
,"E:\\UCSD\\CSE 110\\cse110-sp21-group9\\source\\frontend\\globals.js": {"path":"E:\\UCSD\\CSE 110\\cse110-sp21-group9\\source\\frontend\\globals.js","statementMap":{"0":{"start":{"line":1,"column":30},"end":{"line":1,"column":108}},"1":{"start":{"line":2,"column":31},"end":{"line":2,"column":80}},"2":{"start":{"line":3,"column":32},"end":{"line":16,"column":1}}},"fnMap":{},"branchMap":{},"s":{"0":2,"1":2,"2":2},"f":{},"b":{},"_coverageSchema":"1a1c01bbd47fc00a2c39e90264f33305004495a9","hash":"b6ef656bc20643369dd4a932e0bb92f777d1f39f"}
,"E:\\UCSD\\CSE 110\\cse110-sp21-group9\\source\\frontend\\utils.js": {"path":"E:\\UCSD\\CSE 110\\cse110-sp21-group9\\source\\frontend\\utils.js","statementMap":{"0":{"start":{"line":1,"column":32},"end":{"line":14,"column":1}},"1":{"start":{"line":16,"column":32},"end":{"line":16,"column":81}},"2":{"start":{"line":17,"column":31},"end":{"line":17,"column":109}},"3":{"start":{"line":20,"column":2},"end":{"line":24,"column":3}},"4":{"start":{"line":21,"column":4},"end":{"line":21,"column":43}},"5":{"start":{"line":23,"column":4},"end":{"line":23,"column":55}},"6":{"start":{"line":28,"column":19},"end":{"line":28,"column":34}},"7":{"start":{"line":29,"column":2},"end":{"line":34,"column":3}},"8":{"start":{"line":30,"column":4},"end":{"line":30,"column":62}},"9":{"start":{"line":31,"column":4},"end":{"line":31,"column":73}},"10":{"start":{"line":33,"column":4},"end":{"line":33,"column":93}},"11":{"start":{"line":38,"column":2},"end":{"line":38,"column":44}},"12":{"start":{"line":42,"column":14},"end":{"line":42,"column":42}},"13":{"start":{"line":43,"column":2},"end":{"line":43,"column":22}},"14":{"start":{"line":47,"column":16},"end":{"line":47,"column":37}},"15":{"start":{"line":48,"column":4},"end":{"line":48,"column":20}},"16":{"start":{"line":49,"column":4},"end":{"line":49,"column":38}}},"fnMap":{"0":{"name":"hashString","decl":{"start":{"line":19,"column":16},"end":{"line":19,"column":26}},"loc":{"start":{"line":19,"column":58},"end":{"line":25,"column":1}},"line":19},"1":{"name":"readHash","decl":{"start":{"line":27,"column":16},"end":{"line":27,"column":24}},"loc":{"start":{"line":27,"column":31},"end":{"line":35,"column":1}},"line":27},"2":{"name":"daysInMonth","decl":{"start":{"line":37,"column":16},"end":{"line":37,"column":27}},"loc":{"start":{"line":37,"column":41},"end":{"line":39,"column":1}},"line":37},"3":{"name":"startDate","decl":{"start":{"line":41,"column":16},"end":{"line":41,"column":25}},"loc":{"start":{"line":41,"column":39},"end":{"line":44,"column":1}},"line":41},"4":{"name":"updateURL","decl":{"start":{"line":46,"column":16},"end":{"line":46,"column":25}},"loc":{"start":{"line":46,"column":32},"end":{"line":50,"column":1}},"line":46}},"branchMap":{"0":{"loc":{"start":{"line":19,"column":46},"end":{"line":19,"column":56}},"type":"default-arg","locations":[{"start":{"line":19,"column":52},"end":{"line":19,"column":56}}],"line":19},"1":{"loc":{"start":{"line":20,"column":2},"end":{"line":24,"column":3}},"type":"if","locations":[{"start":{"line":20,"column":2},"end":{"line":24,"column":3}},{"start":{"line":20,"column":2},"end":{"line":24,"column":3}}],"line":20},"2":{"loc":{"start":{"line":29,"column":2},"end":{"line":34,"column":3}},"type":"if","locations":[{"start":{"line":29,"column":2},"end":{"line":34,"column":3}},{"start":{"line":29,"column":2},"end":{"line":34,"column":3}}],"line":29}},"s":{"0":3,"1":3,"2":3,"3":24,"4":22,"5":2,"6":5,"7":5,"8":1,"9":1,"10":4,"11":958,"12":812,"13":812,"14":22,"15":22,"16":22},"f":{"0":24,"1":5,"2":958,"3":812,"4":22},"b":{"0":[22],"1":[22,2],"2":[1,4]},"_coverageSchema":"1a1c01bbd47fc00a2c39e90264f33305004495a9","hash":"41c23254502c3f4feec2a414d13d056b4c641247"}
,"E:\\UCSD\\CSE 110\\cse110-sp21-group9\\source\\frontend\\app\\element-mini-calendar\\mini-calendar.js": {"path":"E:\\UCSD\\CSE 110\\cse110-sp21-group9\\source\\frontend\\app\\element-mini-calendar\\mini-calendar.js","statementMap":{"0":{"start":{"line":4,"column":19},"end":{"line":4,"column":59}},"1":{"start":{"line":6,"column":16},"end":{"line":6,"column":17}},"2":{"start":{"line":7,"column":13},"end":{"line":7,"column":14}},"3":{"start":{"line":15,"column":12},"end":{"line":15,"column":39}},"4":{"start":{"line":16,"column":2},"end":{"line":18,"column":3}},"5":{"start":{"line":17,"column":4},"end":{"line":17,"column":38}},"6":{"start":{"line":19,"column":2},"end":{"line":19,"column":12}},"7":{"start":{"line":23,"column":2},"end":{"line":23,"column":94}},"8":{"start":{"line":28,"column":4},"end":{"line":28,"column":12}},"9":{"start":{"line":29,"column":4},"end":{"line":29,"column":29}},"10":{"start":{"line":30,"column":21},"end":{"line":30,"column":55}},"11":{"start":{"line":31,"column":4},"end":{"line":142,"column":6}},"12":{"start":{"line":143,"column":4},"end":{"line":143,"column":40}},"13":{"start":{"line":144,"column":4},"end":{"line":144,"column":66}},"14":{"start":{"line":146,"column":22},"end":{"line":146,"column":65}},"15":{"start":{"line":147,"column":25},"end":{"line":147,"column":71}},"16":{"start":{"line":149,"column":20},"end":{"line":149,"column":24}},"17":{"start":{"line":151,"column":4},"end":{"line":151,"column":37}},"18":{"start":{"line":152,"column":4},"end":{"line":152,"column":40}},"19":{"start":{"line":153,"column":4},"end":{"line":157,"column":7}},"20":{"start":{"line":154,"column":22},"end":{"line":154,"column":106}},"21":{"start":{"line":155,"column":22},"end":{"line":155,"column":64}},"22":{"start":{"line":156,"column":6},"end":{"line":156,"column":129}},"23":{"start":{"line":156,"column":46},"end":{"line":156,"column":81}},"24":{"start":{"line":156,"column":91},"end":{"line":156,"column":127}},"25":{"start":{"line":158,"column":4},"end":{"line":162,"column":7}},"26":{"start":{"line":159,"column":22},"end":{"line":159,"column":106}},"27":{"start":{"line":160,"column":22},"end":{"line":160,"column":64}},"28":{"start":{"line":161,"column":6},"end":{"line":161,"column":129}},"29":{"start":{"line":161,"column":46},"end":{"line":161,"column":81}},"30":{"start":{"line":161,"column":91},"end":{"line":161,"column":127}},"31":{"start":{"line":173,"column":4},"end":{"line":175,"column":5}},"32":{"start":{"line":174,"column":6},"end":{"line":174,"column":56}},"33":{"start":{"line":176,"column":4},"end":{"line":176,"column":29}},"34":{"start":{"line":178,"column":25},"end":{"line":178,"column":72}},"35":{"start":{"line":179,"column":21},"end":{"line":179,"column":78}},"36":{"start":{"line":180,"column":22},"end":{"line":180,"column":61}},"37":{"start":{"line":181,"column":21},"end":{"line":181,"column":59}},"38":{"start":{"line":182,"column":22},"end":{"line":182,"column":35}},"39":{"start":{"line":185,"column":4},"end":{"line":185,"column":90}},"40":{"start":{"line":185,"column":38},"end":{"line":185,"column":88}},"41":{"start":{"line":188,"column":4},"end":{"line":188,"column":70}},"42":{"start":{"line":189,"column":4},"end":{"line":189,"column":46}},"43":{"start":{"line":192,"column":4},"end":{"line":197,"column":7}},"44":{"start":{"line":193,"column":20},"end":{"line":193,"column":56}},"45":{"start":{"line":194,"column":23},"end":{"line":194,"column":108}},"46":{"start":{"line":195,"column":19},"end":{"line":195,"column":57}},"47":{"start":{"line":196,"column":6},"end":{"line":196,"column":53}},"48":{"start":{"line":200,"column":4},"end":{"line":229,"column":5}},"49":{"start":{"line":200,"column":17},"end":{"line":200,"column":18}},"50":{"start":{"line":201,"column":26},"end":{"line":201,"column":54}},"51":{"start":{"line":202,"column":6},"end":{"line":227,"column":7}},"52":{"start":{"line":202,"column":19},"end":{"line":202,"column":20}},"53":{"start":{"line":203,"column":27},"end":{"line":203,"column":55}},"54":{"start":{"line":204,"column":8},"end":{"line":204,"column":44}},"55":{"start":{"line":206,"column":28},"end":{"line":206,"column":86}},"56":{"start":{"line":207,"column":24},"end":{"line":207,"column":28}},"57":{"start":{"line":208,"column":8},"end":{"line":217,"column":11}},"58":{"start":{"line":209,"column":10},"end":{"line":209,"column":32}},"59":{"start":{"line":210,"column":10},"end":{"line":210,"column":41}},"60":{"start":{"line":211,"column":26},"end":{"line":211,"column":42}},"61":{"start":{"line":212,"column":28},"end":{"line":212,"column":102}},"62":{"start":{"line":213,"column":27},"end":{"line":213,"column":80}},"63":{"start":{"line":214,"column":23},"end":{"line":214,"column":74}},"64":{"start":{"line":215,"column":10},"end":{"line":215,"column":38}},"65":{"start":{"line":216,"column":10},"end":{"line":216,"column":35}},"66":{"start":{"line":219,"column":8},"end":{"line":219,"column":53}},"67":{"start":{"line":220,"column":8},"end":{"line":220,"column":37}},"68":{"start":{"line":221,"column":8},"end":{"line":221,"column":100}},"69":{"start":{"line":221,"column":58},"end":{"line":221,"column":98}},"70":{"start":{"line":223,"column":8},"end":{"line":225,"column":9}},"71":{"start":{"line":224,"column":10},"end":{"line":224,"column":62}},"72":{"start":{"line":224,"column":25},"end":{"line":224,"column":62}},"73":{"start":{"line":226,"column":8},"end":{"line":226,"column":22}},"74":{"start":{"line":228,"column":6},"end":{"line":228,"column":44}},"75":{"start":{"line":234,"column":21},"end":{"line":234,"column":79}},"76":{"start":{"line":236,"column":4},"end":{"line":248,"column":5}},"77":{"start":{"line":236,"column":17},"end":{"line":236,"column":18}},"78":{"start":{"line":237,"column":26},"end":{"line":237,"column":37}},"79":{"start":{"line":238,"column":22},"end":{"line":238,"column":44}},"80":{"start":{"line":240,"column":6},"end":{"line":247,"column":7}},"81":{"start":{"line":240,"column":19},"end":{"line":240,"column":20}},"82":{"start":{"line":241,"column":27},"end":{"line":241,"column":37}},"83":{"start":{"line":242,"column":8},"end":{"line":245,"column":9}},"84":{"start":{"line":243,"column":10},"end":{"line":243,"column":78}},"85":{"start":{"line":244,"column":10},"end":{"line":244,"column":19}},"86":{"start":{"line":246,"column":8},"end":{"line":246,"column":48}},"87":{"start":{"line":252,"column":0},"end":{"line":252,"column":53}}},"fnMap":{"0":{"name":"getMonthFromString","decl":{"start":{"line":14,"column":9},"end":{"line":14,"column":27}},"loc":{"start":{"line":14,"column":33},"end":{"line":20,"column":1}},"line":14},"1":{"name":"monthYearEqual","decl":{"start":{"line":22,"column":9},"end":{"line":22,"column":23}},"loc":{"start":{"line":22,"column":38},"end":{"line":24,"column":1}},"line":22},"2":{"name":"(anonymous_2)","decl":{"start":{"line":27,"column":2},"end":{"line":27,"column":3}},"loc":{"start":{"line":27,"column":16},"end":{"line":163,"column":3}},"line":27},"3":{"name":"(anonymous_3)","decl":{"start":{"line":153,"column":40},"end":{"line":153,"column":41}},"loc":{"start":{"line":153,"column":51},"end":{"line":157,"column":5}},"line":153},"4":{"name":"(anonymous_4)","decl":{"start":{"line":158,"column":43},"end":{"line":158,"column":44}},"loc":{"start":{"line":158,"column":54},"end":{"line":162,"column":5}},"line":158},"5":{"name":"(anonymous_5)","decl":{"start":{"line":172,"column":2},"end":{"line":172,"column":3}},"loc":{"start":{"line":172,"column":45},"end":{"line":230,"column":3}},"line":172},"6":{"name":"(anonymous_6)","decl":{"start":{"line":192,"column":40},"end":{"line":192,"column":41}},"loc":{"start":{"line":192,"column":51},"end":{"line":197,"column":5}},"line":192},"7":{"name":"(anonymous_7)","decl":{"start":{"line":208,"column":45},"end":{"line":208,"column":46}},"loc":{"start":{"line":208,"column":56},"end":{"line":217,"column":9}},"line":208},"8":{"name":"(anonymous_8)","decl":{"start":{"line":233,"column":2},"end":{"line":233,"column":3}},"loc":{"start":{"line":233,"column":16},"end":{"line":249,"column":3}},"line":233}},"branchMap":{"0":{"loc":{"start":{"line":16,"column":2},"end":{"line":18,"column":3}},"type":"if","locations":[{"start":{"line":16,"column":2},"end":{"line":18,"column":3}},{"start":{"line":16,"column":2},"end":{"line":18,"column":3}}],"line":16},"1":{"loc":{"start":{"line":23,"column":9},"end":{"line":23,"column":93}},"type":"binary-expr","locations":[{"start":{"line":23,"column":9},"end":{"line":23,"column":46}},{"start":{"line":23,"column":50},"end":{"line":23,"column":93}}],"line":23},"2":{"loc":{"start":{"line":156,"column":6},"end":{"line":156,"column":129}},"type":"if","locations":[{"start":{"line":156,"column":6},"end":{"line":156,"column":129}},{"start":{"line":156,"column":6},"end":{"line":156,"column":129}}],"line":156},"3":{"loc":{"start":{"line":161,"column":6},"end":{"line":161,"column":129}},"type":"if","locations":[{"start":{"line":161,"column":6},"end":{"line":161,"column":129}},{"start":{"line":161,"column":6},"end":{"line":161,"column":129}}],"line":161},"4":{"loc":{"start":{"line":172,"column":14},"end":{"line":172,"column":25}},"type":"default-arg","locations":[{"start":{"line":172,"column":21},"end":{"line":172,"column":25}}],"line":172},"5":{"loc":{"start":{"line":172,"column":27},"end":{"line":172,"column":43}},"type":"default-arg","locations":[{"start":{"line":172,"column":39},"end":{"line":172,"column":43}}],"line":172},"6":{"loc":{"start":{"line":173,"column":4},"end":{"line":175,"column":5}},"type":"if","locations":[{"start":{"line":173,"column":4},"end":{"line":175,"column":5}},{"start":{"line":173,"column":4},"end":{"line":175,"column":5}}],"line":173},"7":{"loc":{"start":{"line":221,"column":8},"end":{"line":221,"column":100}},"type":"if","locations":[{"start":{"line":221,"column":8},"end":{"line":221,"column":100}},{"start":{"line":221,"column":8},"end":{"line":221,"column":100}}],"line":221},"8":{"loc":{"start":{"line":223,"column":8},"end":{"line":225,"column":9}},"type":"if","locations":[{"start":{"line":223,"column":8},"end":{"line":225,"column":9}},{"start":{"line":223,"column":8},"end":{"line":225,"column":9}}],"line":223},"9":{"loc":{"start":{"line":224,"column":10},"end":{"line":224,"column":62}},"type":"if","locations":[{"start":{"line":224,"column":10},"end":{"line":224,"column":62}},{"start":{"line":224,"column":10},"end":{"line":224,"column":62}}],"line":224},"10":{"loc":{"start":{"line":242,"column":8},"end":{"line":245,"column":9}},"type":"if","locations":[{"start":{"line":242,"column":8},"end":{"line":245,"column":9}},{"start":{"line":242,"column":8},"end":{"line":245,"column":9}}],"line":242}},"s":{"0":2,"1":2,"2":2,"3":0,"4":0,"5":0,"6":0,"7":0,"8":2,"9":2,"10":2,"11":2,"12":2,"13":2,"14":2,"15":2,"16":2,"17":2,"18":2,"19":2,"20":0,"21":0,"22":0,"23":0,"24":0,"25":2,"26":0,"27":0,"28":0,"29":0,"30":0,"31":2,"32":2,"33":2,"34":2,"35":2,"36":2,"37":2,"38":2,"39":2,"40":2,"41":2,"42":2,"43":2,"44":0,"45":0,"46":0,"47":0,"48":2,"49":2,"50":12,"51":12,"52":12,"53":84,"54":84,"55":84,"56":84,"57":84,"58":0,"59":0,"60":0,"61":0,"62":0,"63":0,"64":0,"65":0,"66":84,"67":84,"68":84,"69":24,"70":84,"71":2,"72":2,"73":84,"74":12,"75":0,"76":0,"77":0,"78":0,"79":0,"80":0,"81":0,"82":0,"83":0,"84":0,"85":0,"86":0,"87":2},"f":{"0":0,"1":0,"2":2,"3":0,"4":0,"5":2,"6":0,"7":0,"8":0},"b":{"0":[0,0],"1":[0,0],"2":[0,0],"3":[0,0],"4":[2],"5":[2],"6":[2,0],"7":[24,60],"8":[2,82],"9":[2,0],"10":[0,0]},"_coverageSchema":"1a1c01bbd47fc00a2c39e90264f33305004495a9","hash":"f2ef8e8f77980a577b19d4711aa7ed44fec0a78d"}
,"E:\\UCSD\\CSE 110\\cse110-sp21-group9\\source\\frontend\\app\\page-calendar-monthly\\calendar.js": {"path":"E:\\UCSD\\CSE 110\\cse110-sp21-group9\\source\\frontend\\app\\page-calendar-monthly\\calendar.js","statementMap":{"0":{"start":{"line":4,"column":17},"end":{"line":4,"column":39}},"1":{"start":{"line":6,"column":17},"end":{"line":6,"column":52}},"2":{"start":{"line":7,"column":14},"end":{"line":7,"column":46}},"3":{"start":{"line":8,"column":13},"end":{"line":8,"column":44}},"4":{"start":{"line":9,"column":18},"end":{"line":9,"column":54}},"5":{"start":{"line":10,"column":21},"end":{"line":10,"column":60}},"6":{"start":{"line":11,"column":15},"end":{"line":11,"column":48}},"7":{"start":{"line":12,"column":14},"end":{"line":12,"column":46}},"8":{"start":{"line":14,"column":14},"end":{"line":14,"column":15}},"9":{"start":{"line":15,"column":13},"end":{"line":15,"column":17}},"10":{"start":{"line":16,"column":15},"end":{"line":16,"column":27}},"11":{"start":{"line":18,"column":0},"end":{"line":18,"column":33}},"12":{"start":{"line":20,"column":0},"end":{"line":20,"column":36}},"13":{"start":{"line":22,"column":0},"end":{"line":38,"column":3}},"14":{"start":{"line":23,"column":17},"end":{"line":23,"column":31}},"15":{"start":{"line":25,"column":13},"end":{"line":25,"column":35}},"16":{"start":{"line":26,"column":2},"end":{"line":26,"column":53}},"17":{"start":{"line":28,"column":2},"end":{"line":28,"column":29}},"18":{"start":{"line":29,"column":2},"end":{"line":29,"column":30}},"19":{"start":{"line":31,"column":14},"end":{"line":31,"column":41}},"20":{"start":{"line":32,"column":12},"end":{"line":32,"column":36}},"21":{"start":{"line":34,"column":13},"end":{"line":34,"column":34}},"22":{"start":{"line":36,"column":2},"end":{"line":36,"column":18}},"23":{"start":{"line":37,"column":2},"end":{"line":37,"column":42}},"24":{"start":{"line":40,"column":0},"end":{"line":55,"column":3}},"25":{"start":{"line":41,"column":2},"end":{"line":41,"column":12}},"26":{"start":{"line":42,"column":2},"end":{"line":45,"column":3}},"27":{"start":{"line":43,"column":4},"end":{"line":43,"column":17}},"28":{"start":{"line":44,"column":4},"end":{"line":44,"column":13}},"29":{"start":{"line":47,"column":2},"end":{"line":47,"column":18}},"30":{"start":{"line":48,"column":16},"end":{"line":48,"column":45}},"31":{"start":{"line":49,"column":14},"end":{"line":49,"column":39}},"32":{"start":{"line":51,"column":15},"end":{"line":51,"column":36}},"33":{"start":{"line":52,"column":2},"end":{"line":52,"column":42}},"34":{"start":{"line":53,"column":17},"end":{"line":53,"column":36}},"35":{"start":{"line":54,"column":2},"end":{"line":54,"column":26}},"36":{"start":{"line":57,"column":0},"end":{"line":71,"column":3}},"37":{"start":{"line":58,"column":2},"end":{"line":58,"column":12}},"38":{"start":{"line":59,"column":2},"end":{"line":62,"column":3}},"39":{"start":{"line":60,"column":4},"end":{"line":60,"column":16}},"40":{"start":{"line":61,"column":4},"end":{"line":61,"column":13}},"41":{"start":{"line":63,"column":2},"end":{"line":63,"column":18}},"42":{"start":{"line":64,"column":16},"end":{"line":64,"column":45}},"43":{"start":{"line":65,"column":14},"end":{"line":65,"column":39}},"44":{"start":{"line":67,"column":15},"end":{"line":67,"column":36}},"45":{"start":{"line":68,"column":2},"end":{"line":68,"column":42}},"46":{"start":{"line":69,"column":17},"end":{"line":69,"column":36}},"47":{"start":{"line":70,"column":2},"end":{"line":70,"column":26}},"48":{"start":{"line":73,"column":0},"end":{"line":82,"column":3}},"49":{"start":{"line":74,"column":2},"end":{"line":74,"column":28}},"50":{"start":{"line":76,"column":2},"end":{"line":76,"column":18}},"51":{"start":{"line":77,"column":16},"end":{"line":77,"column":45}},"52":{"start":{"line":78,"column":14},"end":{"line":78,"column":39}},"53":{"start":{"line":80,"column":15},"end":{"line":80,"column":36}},"54":{"start":{"line":81,"column":2},"end":{"line":81,"column":42}},"55":{"start":{"line":84,"column":0},"end":{"line":86,"column":3}},"56":{"start":{"line":85,"column":2},"end":{"line":85,"column":34}},"57":{"start":{"line":88,"column":0},"end":{"line":99,"column":3}},"58":{"start":{"line":89,"column":18},"end":{"line":89,"column":28}},"59":{"start":{"line":90,"column":2},"end":{"line":90,"column":35}},"60":{"start":{"line":91,"column":2},"end":{"line":91,"column":33}},"61":{"start":{"line":93,"column":2},"end":{"line":93,"column":18}},"62":{"start":{"line":94,"column":16},"end":{"line":94,"column":45}},"63":{"start":{"line":95,"column":14},"end":{"line":95,"column":39}},"64":{"start":{"line":97,"column":15},"end":{"line":97,"column":36}},"65":{"start":{"line":98,"column":2},"end":{"line":98,"column":42}},"66":{"start":{"line":101,"column":0},"end":{"line":103,"column":3}},"67":{"start":{"line":102,"column":2},"end":{"line":102,"column":34}},"68":{"start":{"line":105,"column":0},"end":{"line":118,"column":3}},"69":{"start":{"line":106,"column":18},"end":{"line":106,"column":28}},"70":{"start":{"line":107,"column":2},"end":{"line":107,"column":35}},"71":{"start":{"line":108,"column":2},"end":{"line":108,"column":33}},"72":{"start":{"line":110,"column":2},"end":{"line":110,"column":18}},"73":{"start":{"line":111,"column":16},"end":{"line":111,"column":45}},"74":{"start":{"line":112,"column":14},"end":{"line":112,"column":39}},"75":{"start":{"line":114,"column":15},"end":{"line":114,"column":36}},"76":{"start":{"line":115,"column":2},"end":{"line":115,"column":42}},"77":{"start":{"line":116,"column":17},"end":{"line":116,"column":36}},"78":{"start":{"line":117,"column":2},"end":{"line":117,"column":26}},"79":{"start":{"line":121,"column":15},"end":{"line":121,"column":23}},"80":{"start":{"line":122,"column":2},"end":{"line":130,"column":3}},"81":{"start":{"line":123,"column":4},"end":{"line":123,"column":54}},"82":{"start":{"line":124,"column":9},"end":{"line":130,"column":3}},"83":{"start":{"line":125,"column":4},"end":{"line":125,"column":55}},"84":{"start":{"line":126,"column":9},"end":{"line":130,"column":3}},"85":{"start":{"line":127,"column":4},"end":{"line":127,"column":54}},"86":{"start":{"line":129,"column":4},"end":{"line":129,"column":50}},"87":{"start":{"line":138,"column":14},"end":{"line":138,"column":19}},"88":{"start":{"line":139,"column":16},"end":{"line":139,"column":17}},"89":{"start":{"line":140,"column":2},"end":{"line":204,"column":3}},"90":{"start":{"line":141,"column":4},"end":{"line":143,"column":5}},"91":{"start":{"line":142,"column":6},"end":{"line":142,"column":45}},"92":{"start":{"line":144,"column":16},"end":{"line":144,"column":21}},"93":{"start":{"line":145,"column":4},"end":{"line":148,"column":5}},"94":{"start":{"line":147,"column":6},"end":{"line":147,"column":19}},"95":{"start":{"line":149,"column":4},"end":{"line":194,"column":5}},"96":{"start":{"line":150,"column":22},"end":{"line":150,"column":32}},"97":{"start":{"line":151,"column":21},"end":{"line":151,"column":43}},"98":{"start":{"line":152,"column":20},"end":{"line":152,"column":41}},"99":{"start":{"line":153,"column":19},"end":{"line":153,"column":36}},"100":{"start":{"line":155,"column":19},"end":{"line":155,"column":47}},"101":{"start":{"line":156,"column":6},"end":{"line":156,"column":39}},"102":{"start":{"line":158,"column":6},"end":{"line":160,"column":7}},"103":{"start":{"line":159,"column":8},"end":{"line":159,"column":36}},"104":{"start":{"line":162,"column":6},"end":{"line":164,"column":7}},"105":{"start":{"line":163,"column":8},"end":{"line":163,"column":60}},"106":{"start":{"line":166,"column":6},"end":{"line":166,"column":31}},"107":{"start":{"line":167,"column":6},"end":{"line":174,"column":9}},"108":{"start":{"line":168,"column":21},"end":{"line":168,"column":89}},"109":{"start":{"line":173,"column":8},"end":{"line":173,"column":53}},"110":{"start":{"line":176,"column":6},"end":{"line":180,"column":9}},"111":{"start":{"line":178,"column":8},"end":{"line":178,"column":60}},"112":{"start":{"line":179,"column":8},"end":{"line":179,"column":38}},"113":{"start":{"line":181,"column":6},"end":{"line":188,"column":9}},"114":{"start":{"line":183,"column":8},"end":{"line":187,"column":9}},"115":{"start":{"line":184,"column":10},"end":{"line":184,"column":62}},"116":{"start":{"line":186,"column":10},"end":{"line":186,"column":65}},"117":{"start":{"line":189,"column":6},"end":{"line":189,"column":16}},"118":{"start":{"line":190,"column":6},"end":{"line":190,"column":32}},"119":{"start":{"line":192,"column":19},"end":{"line":192,"column":47}},"120":{"start":{"line":193,"column":6},"end":{"line":193,"column":32}},"121":{"start":{"line":195,"column":4},"end":{"line":197,"column":5}},"122":{"start":{"line":196,"column":6},"end":{"line":196,"column":20}},"123":{"start":{"line":198,"column":4},"end":{"line":203,"column":5}},"124":{"start":{"line":199,"column":6},"end":{"line":199,"column":36}},"125":{"start":{"line":200,"column":6},"end":{"line":202,"column":7}},"126":{"start":{"line":201,"column":8},"end":{"line":201,"column":14}},"127":{"start":{"line":205,"column":2},"end":{"line":205,"column":21}},"128":{"start":{"line":210,"column":18},"end":{"line":210,"column":46}},"129":{"start":{"line":211,"column":2},"end":{"line":213,"column":3}},"130":{"start":{"line":212,"column":4},"end":{"line":212,"column":46}},"131":{"start":{"line":214,"column":2},"end":{"line":218,"column":5}},"132":{"start":{"line":215,"column":17},"end":{"line":215,"column":45}},"133":{"start":{"line":216,"column":4},"end":{"line":216,"column":23}},"134":{"start":{"line":217,"column":4},"end":{"line":217,"column":30}},"135":{"start":{"line":219,"column":2},"end":{"line":219,"column":27}},"136":{"start":{"line":220,"column":2},"end":{"line":220,"column":26}},"137":{"start":{"line":221,"column":2},"end":{"line":221,"column":139}},"138":{"start":{"line":226,"column":2},"end":{"line":239,"column":3}},"139":{"start":{"line":227,"column":17},"end":{"line":227,"column":36}},"140":{"start":{"line":228,"column":17},"end":{"line":228,"column":46}},"141":{"start":{"line":229,"column":18},"end":{"line":229,"column":46}},"142":{"start":{"line":230,"column":4},"end":{"line":232,"column":5}},"143":{"start":{"line":231,"column":6},"end":{"line":231,"column":53}},"144":{"start":{"line":233,"column":18},"end":{"line":233,"column":85}},"145":{"start":{"line":235,"column":4},"end":{"line":235,"column":81}},"146":{"start":{"line":236,"column":4},"end":{"line":238,"column":5}},"147":{"start":{"line":237,"column":6},"end":{"line":237,"column":44}},"148":{"start":{"line":243,"column":15},"end":{"line":243,"column":27}},"149":{"start":{"line":245,"column":2},"end":{"line":260,"column":3}},"150":{"start":{"line":248,"column":4},"end":{"line":256,"column":5}},"151":{"start":{"line":249,"column":19},"end":{"line":249,"column":53}},"152":{"start":{"line":250,"column":6},"end":{"line":250,"column":34}},"153":{"start":{"line":251,"column":6},"end":{"line":251,"column":32}},"154":{"start":{"line":253,"column":19},"end":{"line":253,"column":29}},"155":{"start":{"line":254,"column":6},"end":{"line":254,"column":34}},"156":{"start":{"line":255,"column":6},"end":{"line":255,"column":32}},"157":{"start":{"line":257,"column":4},"end":{"line":257,"column":46}},"158":{"start":{"line":259,"column":4},"end":{"line":259,"column":50}},"159":{"start":{"line":263,"column":0},"end":{"line":265,"column":3}},"160":{"start":{"line":264,"column":2},"end":{"line":264,"column":31}},"161":{"start":{"line":267,"column":0},"end":{"line":267,"column":23}},"162":{"start":{"line":268,"column":15},"end":{"line":268,"column":29}},"163":{"start":{"line":270,"column":13},"end":{"line":270,"column":35}},"164":{"start":{"line":271,"column":0},"end":{"line":271,"column":30}},"165":{"start":{"line":272,"column":0},"end":{"line":272,"column":28}},"166":{"start":{"line":274,"column":0},"end":{"line":274,"column":24}},"167":{"start":{"line":276,"column":14},"end":{"line":276,"column":43}},"168":{"start":{"line":277,"column":12},"end":{"line":277,"column":37}},"169":{"start":{"line":279,"column":13},"end":{"line":279,"column":34}},"170":{"start":{"line":280,"column":0},"end":{"line":280,"column":16}},"171":{"start":{"line":281,"column":0},"end":{"line":281,"column":40}}},"fnMap":{"0":{"name":"(anonymous_0)","decl":{"start":{"line":22,"column":38},"end":{"line":22,"column":39}},"loc":{"start":{"line":22,"column":48},"end":{"line":38,"column":1}},"line":22},"1":{"name":"(anonymous_1)","decl":{"start":{"line":40,"column":36},"end":{"line":40,"column":37}},"loc":{"start":{"line":40,"column":47},"end":{"line":55,"column":1}},"line":40},"2":{"name":"(anonymous_2)","decl":{"start":{"line":57,"column":39},"end":{"line":57,"column":40}},"loc":{"start":{"line":57,"column":50},"end":{"line":71,"column":1}},"line":57},"3":{"name":"(anonymous_3)","decl":{"start":{"line":73,"column":34},"end":{"line":73,"column":35}},"loc":{"start":{"line":73,"column":41},"end":{"line":82,"column":1}},"line":73},"4":{"name":"(anonymous_4)","decl":{"start":{"line":84,"column":37},"end":{"line":84,"column":38}},"loc":{"start":{"line":84,"column":48},"end":{"line":86,"column":1}},"line":84},"5":{"name":"(anonymous_5)","decl":{"start":{"line":88,"column":32},"end":{"line":88,"column":33}},"loc":{"start":{"line":88,"column":43},"end":{"line":99,"column":1}},"line":88},"6":{"name":"(anonymous_6)","decl":{"start":{"line":101,"column":37},"end":{"line":101,"column":38}},"loc":{"start":{"line":101,"column":48},"end":{"line":103,"column":1}},"line":101},"7":{"name":"(anonymous_7)","decl":{"start":{"line":105,"column":32},"end":{"line":105,"column":33}},"loc":{"start":{"line":105,"column":43},"end":{"line":118,"column":1}},"line":105},"8":{"name":"onlyThese","decl":{"start":{"line":120,"column":9},"end":{"line":120,"column":18}},"loc":{"start":{"line":120,"column":31},"end":{"line":131,"column":1}},"line":120},"9":{"name":"populateCalendar","decl":{"start":{"line":135,"column":9},"end":{"line":135,"column":25}},"loc":{"start":{"line":135,"column":45},"end":{"line":206,"column":1}},"line":135},"10":{"name":"(anonymous_10)","decl":{"start":{"line":167,"column":37},"end":{"line":167,"column":38}},"loc":{"start":{"line":167,"column":48},"end":{"line":174,"column":7}},"line":167},"11":{"name":"(anonymous_11)","decl":{"start":{"line":176,"column":41},"end":{"line":176,"column":42}},"loc":{"start":{"line":176,"column":52},"end":{"line":180,"column":7}},"line":176},"12":{"name":"(anonymous_12)","decl":{"start":{"line":181,"column":42},"end":{"line":181,"column":43}},"loc":{"start":{"line":181,"column":53},"end":{"line":188,"column":7}},"line":181},"13":{"name":"resetCalendar","decl":{"start":{"line":209,"column":9},"end":{"line":209,"column":22}},"loc":{"start":{"line":209,"column":25},"end":{"line":222,"column":1}},"line":209},"14":{"name":"(anonymous_14)","decl":{"start":{"line":214,"column":33},"end":{"line":214,"column":34}},"loc":{"start":{"line":214,"column":45},"end":{"line":218,"column":3}},"line":214},"15":{"name":"bulletAppend","decl":{"start":{"line":225,"column":9},"end":{"line":225,"column":21}},"loc":{"start":{"line":225,"column":31},"end":{"line":240,"column":1}},"line":225},"16":{"name":"generateHash","decl":{"start":{"line":242,"column":9},"end":{"line":242,"column":21}},"loc":{"start":{"line":242,"column":37},"end":{"line":261,"column":1}},"line":242},"17":{"name":"(anonymous_17)","decl":{"start":{"line":263,"column":36},"end":{"line":263,"column":37}},"loc":{"start":{"line":263,"column":42},"end":{"line":265,"column":1}},"line":263}},"branchMap":{"0":{"loc":{"start":{"line":42,"column":2},"end":{"line":45,"column":3}},"type":"if","locations":[{"start":{"line":42,"column":2},"end":{"line":45,"column":3}},{"start":{"line":42,"column":2},"end":{"line":45,"column":3}}],"line":42},"1":{"loc":{"start":{"line":59,"column":2},"end":{"line":62,"column":3}},"type":"if","locations":[{"start":{"line":59,"column":2},"end":{"line":62,"column":3}},{"start":{"line":59,"column":2},"end":{"line":62,"column":3}}],"line":59},"2":{"loc":{"start":{"line":122,"column":2},"end":{"line":130,"column":3}},"type":"if","locations":[{"start":{"line":122,"column":2},"end":{"line":130,"column":3}},{"start":{"line":122,"column":2},"end":{"line":130,"column":3}}],"line":122},"3":{"loc":{"start":{"line":124,"column":9},"end":{"line":130,"column":3}},"type":"if","locations":[{"start":{"line":124,"column":9},"end":{"line":130,"column":3}},{"start":{"line":124,"column":9},"end":{"line":130,"column":3}}],"line":124},"4":{"loc":{"start":{"line":126,"column":9},"end":{"line":130,"column":3}},"type":"if","locations":[{"start":{"line":126,"column":9},"end":{"line":130,"column":3}},{"start":{"line":126,"column":9},"end":{"line":130,"column":3}}],"line":126},"5":{"loc":{"start":{"line":141,"column":4},"end":{"line":143,"column":5}},"type":"if","locations":[{"start":{"line":141,"column":4},"end":{"line":143,"column":5}},{"start":{"line":141,"column":4},"end":{"line":143,"column":5}}],"line":141},"6":{"loc":{"start":{"line":145,"column":4},"end":{"line":148,"column":5}},"type":"if","locations":[{"start":{"line":145,"column":4},"end":{"line":148,"column":5}},{"start":{"line":145,"column":4},"end":{"line":148,"column":5}}],"line":145},"7":{"loc":{"start":{"line":145,"column":8},"end":{"line":146,"column":50}},"type":"binary-expr","locations":[{"start":{"line":145,"column":8},"end":{"line":145,"column":44}},{"start":{"line":145,"column":48},"end":{"line":145,"column":63}},{"start":{"line":146,"column":6},"end":{"line":146,"column":50}}],"line":145},"8":{"loc":{"start":{"line":149,"column":4},"end":{"line":194,"column":5}},"type":"if","locations":[{"start":{"line":149,"column":4},"end":{"line":194,"column":5}},{"start":{"line":149,"column":4},"end":{"line":194,"column":5}}],"line":149},"9":{"loc":{"start":{"line":158,"column":6},"end":{"line":160,"column":7}},"type":"if","locations":[{"start":{"line":158,"column":6},"end":{"line":160,"column":7}},{"start":{"line":158,"column":6},"end":{"line":160,"column":7}}],"line":158},"10":{"loc":{"start":{"line":158,"column":10},"end":{"line":158,"column":68}},"type":"binary-expr","locations":[{"start":{"line":158,"column":10},"end":{"line":158,"column":28}},{"start":{"line":158,"column":32},"end":{"line":158,"column":48}},{"start":{"line":158,"column":52},"end":{"line":158,"column":68}}],"line":158},"11":{"loc":{"start":{"line":162,"column":6},"end":{"line":164,"column":7}},"type":"if","locations":[{"start":{"line":162,"column":6},"end":{"line":164,"column":7}},{"start":{"line":162,"column":6},"end":{"line":164,"column":7}}],"line":162},"12":{"loc":{"start":{"line":183,"column":8},"end":{"line":187,"column":9}},"type":"if","locations":[{"start":{"line":183,"column":8},"end":{"line":187,"column":9}},{"start":{"line":183,"column":8},"end":{"line":187,"column":9}}],"line":183},"13":{"loc":{"start":{"line":195,"column":4},"end":{"line":197,"column":5}},"type":"if","locations":[{"start":{"line":195,"column":4},"end":{"line":197,"column":5}},{"start":{"line":195,"column":4},"end":{"line":197,"column":5}}],"line":195},"14":{"loc":{"start":{"line":198,"column":4},"end":{"line":203,"column":5}},"type":"if","locations":[{"start":{"line":198,"column":4},"end":{"line":203,"column":5}},{"start":{"line":198,"column":4},"end":{"line":203,"column":5}}],"line":198},"15":{"loc":{"start":{"line":200,"column":6},"end":{"line":202,"column":7}},"type":"if","locations":[{"start":{"line":200,"column":6},"end":{"line":202,"column":7}},{"start":{"line":200,"column":6},"end":{"line":202,"column":7}}],"line":200},"16":{"loc":{"start":{"line":230,"column":4},"end":{"line":232,"column":5}},"type":"if","locations":[{"start":{"line":230,"column":4},"end":{"line":232,"column":5}},{"start":{"line":230,"column":4},"end":{"line":232,"column":5}}],"line":230},"17":{"loc":{"start":{"line":236,"column":4},"end":{"line":238,"column":5}},"type":"if","locations":[{"start":{"line":236,"column":4},"end":{"line":238,"column":5}},{"start":{"line":236,"column":4},"end":{"line":238,"column":5}}],"line":236},"18":{"loc":{"start":{"line":242,"column":22},"end":{"line":242,"column":35}},"type":"default-arg","locations":[{"start":{"line":242,"column":31},"end":{"line":242,"column":35}}],"line":242},"19":{"loc":{"start":{"line":245,"column":2},"end":{"line":260,"column":3}},"type":"if","locations":[{"start":{"line":245,"column":2},"end":{"line":260,"column":3}},{"start":{"line":245,"column":2},"end":{"line":260,"column":3}}],"line":245},"20":{"loc":{"start":{"line":248,"column":4},"end":{"line":256,"column":5}},"type":"if","locations":[{"start":{"line":248,"column":4},"end":{"line":256,"column":5}},{"start":{"line":248,"column":4},"end":{"line":256,"column":5}}],"line":248},"21":{"loc":{"start":{"line":248,"column":8},"end":{"line":248,"column":55}},"type":"binary-expr","locations":[{"start":{"line":248,"column":8},"end":{"line":248,"column":26}},{"start":{"line":248,"column":30},"end":{"line":248,"column":55}}],"line":248}},"s":{"0":1,"1":1,"2":1,"3":1,"4":1,"5":1,"6":1,"7":1,"8":1,"9":1,"10":1,"11":1,"12":1,"13":1,"14":0,"15":0,"16":0,"17":0,"18":0,"19":0,"20":0,"21":0,"22":0,"23":0,"24":1,"25":7,"26":7,"27":1,"28":1,"29":7,"30":7,"31":7,"32":7,"33":7,"34":7,"35":7,"36":1,"37":14,"38":14,"39":2,"40":2,"41":14,"42":14,"43":14,"44":14,"45":14,"46":14,"47":14,"48":1,"49":0,"50":0,"51":0,"52":0,"53":0,"54":0,"55":1,"56":0,"57":1,"58":0,"59":0,"60":0,"61":0,"62":0,"63":0,"64":0,"65":0,"66":1,"67":0,"68":1,"69":0,"70":0,"71":0,"72":0,"73":0,"74":0,"75":0,"76":0,"77":0,"78":0,"79":22,"80":22,"81":0,"82":22,"83":0,"84":22,"85":0,"86":22,"87":22,"88":22,"89":22,"90":812,"91":116,"92":812,"93":812,"94":22,"95":812,"96":669,"97":669,"98":669,"99":669,"100":669,"101":669,"102":669,"103":3,"104":669,"105":3,"106":669,"107":669,"108":0,"109":0,"110":669,"111":0,"112":0,"113":669,"114":0,"115":0,"116":0,"117":669,"118":669,"119":143,"120":143,"121":812,"122":97,"123":812,"124":116,"125":116,"126":22,"127":22,"128":22,"129":22,"130":132,"131":22,"132":154,"133":154,"134":154,"135":22,"136":22,"137":22,"138":22,"139":0,"140":0,"141":0,"142":0,"143":0,"144":0,"145":0,"146":0,"147":0,"148":22,"149":22,"150":1,"151":0,"152":0,"153":0,"154":1,"155":1,"156":1,"157":1,"158":21,"159":1,"160":0,"161":1,"162":1,"163":1,"164":1,"165":1,"166":1,"167":1,"168":1,"169":1,"170":1,"171":1},"f":{"0":0,"1":7,"2":14,"3":0,"4":0,"5":0,"6":0,"7":0,"8":22,"9":22,"10":0,"11":0,"12":0,"13":22,"14":154,"15":22,"16":22,"17":0},"b":{"0":[1,6],"1":[2,12],"2":[0,22],"3":[0,22],"4":[0,22],"5":[116,696],"6":[22,790],"7":[812,116,30],"8":[669,143],"9":[3,666],"10":[669,90,90],"11":[3,666],"12":[0,0],"13":[97,715],"14":[116,696],"15":[22,94],"16":[0,0],"17":[0,0],"18":[1],"19":[1,21],"20":[0,1],"21":[1,0]},"_coverageSchema":"1a1c01bbd47fc00a2c39e90264f33305004495a9","hash":"47a7bce8af8c61d67551ca79ce67198eaadc6b6e"}
,"E:\\UCSD\\CSE 110\\cse110-sp21-group9\\source\\frontend\\app\\page-day\\day.js": {"path":"E:\\UCSD\\CSE 110\\cse110-sp21-group9\\source\\frontend\\app\\page-day\\day.js","statementMap":{"0":{"start":{"line":9,"column":25},"end":{"line":9,"column":27}},"1":{"start":{"line":10,"column":23},"end":{"line":10,"column":25}},"2":{"start":{"line":12,"column":22},"end":{"line":12,"column":59}},"3":{"start":{"line":15,"column":15},"end":{"line":15,"column":51}},"4":{"start":{"line":16,"column":19},"end":{"line":16,"column":51}},"5":{"start":{"line":17,"column":18},"end":{"line":17,"column":49}},"6":{"start":{"line":18,"column":21},"end":{"line":18,"column":62}},"7":{"start":{"line":19,"column":18},"end":{"line":19,"column":49}},"8":{"start":{"line":20,"column":18},"end":{"line":20,"column":49}},"9":{"start":{"line":21,"column":20},"end":{"line":21,"column":51}},"10":{"start":{"line":22,"column":21},"end":{"line":22,"column":59}},"11":{"start":{"line":24,"column":16},"end":{"line":24,"column":50}},"12":{"start":{"line":25,"column":18},"end":{"line":25,"column":54}},"13":{"start":{"line":28,"column":19},"end":{"line":28,"column":58}},"14":{"start":{"line":29,"column":19},"end":{"line":29,"column":55}},"15":{"start":{"line":32,"column":24},"end":{"line":32,"column":60}},"16":{"start":{"line":33,"column":19},"end":{"line":33,"column":53}},"17":{"start":{"line":34,"column":20},"end":{"line":34,"column":54}},"18":{"start":{"line":35,"column":16},"end":{"line":35,"column":50}},"19":{"start":{"line":38,"column":19},"end":{"line":38,"column":56}},"20":{"start":{"line":39,"column":17},"end":{"line":39,"column":55}},"21":{"start":{"line":40,"column":18},"end":{"line":40,"column":54}},"22":{"start":{"line":41,"column":17},"end":{"line":41,"column":52}},"23":{"start":{"line":42,"column":17},"end":{"line":42,"column":52}},"24":{"start":{"line":43,"column":20},"end":{"line":43,"column":65}},"25":{"start":{"line":44,"column":24},"end":{"line":44,"column":59}},"26":{"start":{"line":45,"column":25},"end":{"line":45,"column":66}},"27":{"start":{"line":48,"column":21},"end":{"line":48,"column":57}},"28":{"start":{"line":50,"column":18},"end":{"line":50,"column":20}},"29":{"start":{"line":53,"column":0},"end":{"line":55,"column":3}},"30":{"start":{"line":54,"column":2},"end":{"line":54,"column":32}},"31":{"start":{"line":58,"column":0},"end":{"line":63,"column":1}},"32":{"start":{"line":59,"column":14},"end":{"line":59,"column":35}},"33":{"start":{"line":60,"column":15},"end":{"line":60,"column":25}},"34":{"start":{"line":61,"column":2},"end":{"line":61,"column":92}},"35":{"start":{"line":62,"column":2},"end":{"line":62,"column":36}},"36":{"start":{"line":66,"column":17},"end":{"line":66,"column":55}},"37":{"start":{"line":67,"column":18},"end":{"line":67,"column":63}},"38":{"start":{"line":68,"column":16},"end":{"line":68,"column":57}},"39":{"start":{"line":71,"column":0},"end":{"line":71,"column":81}},"40":{"start":{"line":72,"column":0},"end":{"line":72,"column":56}},"41":{"start":{"line":75,"column":0},"end":{"line":75,"column":40}},"42":{"start":{"line":76,"column":0},"end":{"line":76,"column":39}},"43":{"start":{"line":77,"column":0},"end":{"line":77,"column":35}},"44":{"start":{"line":80,"column":0},"end":{"line":80,"column":23}},"45":{"start":{"line":81,"column":0},"end":{"line":81,"column":11}},"46
[...]
t":{"line":58,"column":35},"end":{"line":58,"column":70}}],"line":58},"2":{"loc":{"start":{"line":155,"column":2},"end":{"line":158,"column":3}},"type":"if","locations":[{"start":{"line":155,"column":2},"end":{"line":158,"column":3}},{"start":{"line":155,"column":2},"end":{"line":158,"column":3}}],"line":155},"3":{"loc":{"start":{"line":167,"column":2},"end":{"line":173,"column":3}},"type":"if","locations":[{"start":{"line":167,"column":2},"end":{"line":173,"column":3}},{"start":{"line":167,"column":2},"end":{"line":173,"column":3}}],"line":167},"4":{"loc":{"start":{"line":215,"column":21},"end":{"line":215,"column":34}},"type":"default-arg","locations":[{"start":{"line":215,"column":30},"end":{"line":215,"column":34}}],"line":215},"5":{"loc":{"start":{"line":236,"column":4},"end":{"line":246,"column":5}},"type":"if","locations":[{"start":{"line":236,"column":4},"end":{"line":246,"column":5}},{"start":{"line":236,"column":4},"end":{"line":246,"column":5}}],"line":236},"6":{"loc":{"start":{"line":238,"column":6},"end":{"line":241,"column":7}},"type":"if","locations":[{"start":{"line":238,"column":6},"end":{"line":241,"column":7}},{"start":{"line":238,"column":6},"end":{"line":241,"column":7}}],"line":238},"7":{"loc":{"start":{"line":238,"column":10},"end":{"line":238,"column":63}},"type":"binary-expr","locations":[{"start":{"line":238,"column":10},"end":{"line":238,"column":25}},{"start":{"line":238,"column":29},"end":{"line":238,"column":63}}],"line":238},"8":{"loc":{"start":{"line":264,"column":6},"end":{"line":266,"column":7}},"type":"if","locations":[{"start":{"line":264,"column":6},"end":{"line":266,"column":7}},{"start":{"line":264,"column":6},"end":{"line":266,"column":7}}],"line":264},"9":{"loc":{"start":{"line":269,"column":4},"end":{"line":297,"column":5}},"type":"if","locations":[{"start":{"line":269,"column":4},"end":{"line":297,"column":5}},{"start":{"line":269,"column":4},"end":{"line":297,"column":5}}],"line":269},"10":{"loc":{"start":{"line":302,"column":2},"end":{"line":311,"column":3}},"type":"if","locations":[{"start":{"line":302,"column":2},"end":{"line":311,"column":3}},{"start":{"line":302,"column":2},"end":{"line":311,"column":3}}],"line":302},"11":{"loc":{"start":{"line":307,"column":9},"end":{"line":311,"column":3}},"type":"if","locations":[{"start":{"line":307,"column":9},"end":{"line":311,"column":3}},{"start":{"line":307,"column":9},"end":{"line":311,"column":3}}],"line":307},"12":{"loc":{"start":{"line":309,"column":9},"end":{"line":311,"column":3}},"type":"if","locations":[{"start":{"line":309,"column":9},"end":{"line":311,"column":3}},{"start":{"line":309,"column":9},"end":{"line":311,"column":3}}],"line":309},"13":{"loc":{"start":{"line":324,"column":2},"end":{"line":329,"column":3}},"type":"if","locations":[{"start":{"line":324,"column":2},"end":{"line":329,"column":3}},{"start":{"line":324,"column":2},"end":{"line":329,"column":3}}],"line":324},"14":{"loc":{"start":{"line":401,"column":2},"end":{"line":413,"column":3}},"type":"if","locations":[{"start":{"line":401,"column":2},"end":{"line":413,"column":3}},{"start":{"line":401,"column":2},"end":{"line":413,"column":3}}],"line":401},"15":{"loc":{"start":{"line":405,"column":6},"end":{"line":408,"column":7}},"type":"if","locations":[{"start":{"line":405,"column":6},"end":{"line":408,"column":7}},{"start":{"line":405,"column":6},"end":{"line":408,"column":7}}],"line":405},"16":{"loc":{"start":{"line":417,"column":2},"end":{"line":428,"column":3}},"type":"if","locations":[{"start":{"line":417,"column":2},"end":{"line":428,"column":3}},{"start":{"line":417,"column":2},"end":{"line":428,"column":3}}],"line":417},"17":{"loc":{"start":{"line":421,"column":6},"end":{"line":424,"column":7}},"type":"if","locations":[{"start":{"line":421,"column":6},"end":{"line":424,"column":7}},{"start":{"line":421,"column":6},"end":{"line":424,"column":7}}],"line":421},"18":{"loc":{"start":{"line":456,"column":2},"end":{"line":462,"column":3}},"type":"if","locations":[{"start":{"line":456,"column":2},"end":{"line":462,"column":3}},{"start":{"line":456,"column":2},"end":{"line":462,"column":3}}],"line":456},"19":{"loc":{"start":{"line":481,"column":4},"end":{"line":484,"column":5}},"type":"if","locations":[{"start":{"line":481,"column":4},"end":{"line":484,"column":5}},{"start":{"line":481,"column":4},"end":{"line":484,"column":5}}],"line":481},"20":{"loc":{"start":{"line":495,"column":4},"end":{"line":501,"column":5}},"type":"if","locations":[{"start":{"line":495,"column":4},"end":{"line":501,"column":5}},{"start":{"line":495,"column":4},"end":{"line":501,"column":5}}],"line":495},"21":{"loc":{"start":{"line":507,"column":4},"end":{"line":512,"column":5}},"type":"if","locations":[{"start":{"line":507,"column":4},"end":{"line":512,"column":5}},{"start":{"line":507,"column":4},"end":{"line":512,"column":5}}],"line":507},"22":{"loc":{"start":{"line":557,"column":2},"end":{"line":561,"column":3}},"type":"if","locations":[{"start":{"line":557,"column":2},"end":{"line":561,"column":3}},{"start":{"line":557,"column":2},"end":{"line":561,"column":3}}],"line":557},"23":{"loc":{"start":{"line":568,"column":2},"end":{"line":634,"column":3}},"type":"if","locations":[{"start":{"line":568,"column":2},"end":{"line":634,"column":3}},{"start":{"line":568,"column":2},"end":{"line":634,"column":3}}],"line":568},"24":{"loc":{"start":{"line":667,"column":2},"end":{"line":669,"column":3}},"type":"if","locations":[{"start":{"line":667,"column":2},"end":{"line":669,"column":3}},{"start":{"line":667,"column":2},"end":{"line":669,"column":3}}],"line":667},"25":{"loc":{"start":{"line":680,"column":2},"end":{"line":688,"column":3}},"type":"if","locations":[{"start":{"line":680,"column":2},"end":{"line":688,"column":3}},{"start":{"line":680,"column":2},"end":{"line":688,"column":3}}],"line":680},"26":{"loc":{"start":{"line":682,"column":9},"end":{"line":688,"column":3}},"type":"if","locations":[{"start":{"line":682,"column":9},"end":{"line":688,"column":3}},{"start":{"line":682,"column":9},"end":{"line":688,"column":3}}],"line":682},"27":{"loc":{"start":{"line":684,"column":9},"end":{"line":688,"column":3}},"type":"if","locations":[{"start":{"line":684,"column":9},"end":{"line":688,"column":3}},{"start":{"line":684,"column":9},"end":{"line":688,"column":3}}],"line":684},"28":{"loc":{"start":{"line":725,"column":4},"end":{"line":733,"column":5}},"type":"if","locations":[{"start":{"line":725,"column":4},"end":{"line":733,"column":5}},{"start":{"line":725,"column":4},"end":{"line":733,"column":5}}],"line":725},"29":{"loc":{"start":{"line":740,"column":4},"end":{"line":753,"column":5}},"type":"if","locations":[{"start":{"line":740,"column":4},"end":{"line":753,"column":5}},{"start":{"line":740,"column":4},"end":{"line":753,"column":5}}],"line":740},"30":{"loc":{"start":{"line":742,"column":6},"end":{"line":750,"column":7}},"type":"if","locations":[{"start":{"line":742,"column":6},"end":{"line":750,"column":7}},{"start":{"line":742,"column":6},"end":{"line":750,"column":7}}],"line":742},"31":{"loc":{"start":{"line":789,"column":4},"end":{"line":800,"column":5}},"type":"if","locations":[{"start":{"line":789,"column":4},"end":{"line":800,"column":5}},{"start":{"line":789,"column":4},"end":{"line":800,"column":5}}],"line":789},"32":{"loc":{"start":{"line":804,"column":4},"end":{"line":818,"column":5}},"type":"if","locations":[{"start":{"line":804,"column":4},"end":{"line":818,"column":5}},{"start":{"line":804,"column":4},"end":{"line":818,"column":5}}],"line":804},"33":{"loc":{"start":{"line":805,"column":6},"end":{"line":817,"column":7}},"type":"if","locations":[{"start":{"line":805,"column":6},"end":{"line":817,"column":7}},{"start":{"line":805,"column":6},"end":{"line":817,"column":7}}],"line":805}},"s":{"0":2,"1":2,"2":2,"3":2,"4":2,"5":2,"6":2,"7":2,"8":2,"9":2,"10":2,"11":2,"12":2,"13":2,"14":2,"15":2,"16":2,"17":2,"18":2,"19":2,"20":2,"21":2,"22":2,"23":2,"24":2,"25":2,"26":2,"27":2,"28":2,"29":2,"30":0,"31":2,"32":2,"33":2,"34":2,"35":2,"36":2,"37":2,"38":2,"39":2,"40":2,"41":2,"42":2,"43":2,"44":2,"45":2,"46":2,"47":2,"48":48,"49":48,"50":48,"51":2,"52":48,"53":48,"54":48,"55":48,"56":48,"57":48,"58":48,"59":48,"60":48,"61":2,"62":2,"63":2,"64":2,"65":2,"66":2,"67":22,"68":22,"69":22,"70":22,"71":2,"72":2,"73":2,"74":2,"75":2,"76":2,"77":22,"78":22,"79":22,"80":22,"81":2,"82":3,"83":3,"84":3,"85":3,"86":3,"87":3,"88":3,"89":3,"90":1,"91":2,"92":2,"93":0,"94":0,"95":2,"96":2,"97":2,"98":2,"99":2,"100":2,"101":2,"102":2,"103":3,"104":3,"105":3,"106":2,"107":2,"108":2,"109":2,"110":1,"111":1,"112":1,"113":1,"114":1,"115":1,"116":1,"117":1,"118":1,"119":1,"120":1,"121":1,"122":1,"123":1,"124":1,"125":5,"126":120,"127":7,"128":5,"129":12,"130":5,"131":5,"132":20,"133":20,"134":10,"135":8,"136":8,"137":10,"138":10,"139":3,"140":3,"141":3,"142":3,"143":3,"144":3,"145":3,"146":3,"147":2,"148":1,"149":3,"150":1,"151":2,"152":2,"153":2,"154":2,"155":2,"156":2,"157":2,"158":2,"159":2,"160":2,"161":2,"162":2,"163":2,"164":1,"165":1,"166":1,"167":1,"168":2,"169":2,"170":2,"171":0,"172":0,"173":0,"174":2,"175":1,"176":1,"177":1,"178":2,"179":0,"180":2,"181":1,"182":1,"183":1,"184":1,"185":2,"186":0,"187":0,"188":0,"189":8,"190":8,"191":24,"192":8,"193":8,"194":8,"195":8,"196":8,"197":8,"198":8,"199":16,"200":16,"201":16,"202":16,"203":16,"204":16,"205":11,"206":11,"207":11,"208":11,"209":11,"210":11,"211":11,"212":11,"213":1,"214":11,"215":2,"216":3,"217":3,"218":3,"219":1,"220":0,"221":0,"222":3,"223":3,"224":2,"225":2,"226":1,"227":1,"228":1,"229":0,"230":0,"231":1,"232":2,"233":2,"234":1,"235":1,"236":1,"237":5,"238":5,"239":5,"240":5,"241":5,"242":5,"243":3,"244":3,"245":2,"246":2,"247":5,"248":5,"249":3,"250":5,"251":7,"252":5,"253":4,"254":0,"255":0,"256":4,"257":4,"258":4,"259":4,"260":4,"261":4,"262":4,"263":4,"264":4,"265":4,"266":5,"267":5,"268":5,"269":4,"270":4,"271":3,"272":1,"273":1,"274":4,"275":55,"276":55,"277":55,"278":55,"279":55,"280":55,"281":55,"282":28,"283":28,"284":28,"285":28,"286":28,"287":28,"288":28,"289":28,"290":28,"291":28,"292":28,"293":28,"294":3,"295":3,"296":3,"297":28,"298":28,"299":28,"300":14,"301":3,"302":14,"303":14,"304":14,"305":14,"306":1,"307":14,"308":0,"309":14,"310":0,"311":14,"312":1,"313":1,"314":14,"315":14,"316":14,"317":14,"318":5,"319":14,"320":0,"321":14,"322":0,"323":14,"324":14,"325":14,"326":14,"327":2,"328":14,"329":0,"330":14,"331":0,"332":14,"333":14,"334":14,"335":14,"336":28,"337":28,"338":15,"339":1,"340":15,"341":17,"342":17,"343":17,"344":17,"345":6,"346":4,"347":2,"348":49,"349":49,"350":2,"351":47,"352":2,"353":45,"354":22,"355":23,"356":49,"357":2,"358":4,"359":4,"360":4,"361":4,"362":4,"363":4,"364":4,"365":4,"366":4,"367":4,"368":4,"369":4,"370":4,"371":1,"372":1,"373":4,"374":4,"375":4,"376":4,"377":4,"378":1,"379":1,"380":1,"381":1,"382":1,"383":1,"384":1,"385":4,"386":1,"387":1,"388":1,"389":1,"390":1,"391":1,"392":1,"393":1,"394":3,"395":3,"396":3,"397":3,"398":3,"399":3,"400":3,"401":3,"402":3,"403":3,"404":3,"405":3,"406":3,"407":3,"408":1,"409":1,"410":3,"411":3,"412":3,"413":3,"414":3,"415":1,"416":0,"417":0,"418":1,"419":1,"420":1,"421":3,"422":1,"423":1,"424":0,"425":0,"426":1,"427":1,"428":1,"429":1,"430":1,"431":2,"432":2,"433":2},"f":{"0":0,"1":48,"2":3,"3":2,"4":1,"5":5,"6":3,"7":1,"8":2,"9":0,"10":1,"11":0,"12":8,"13":11,"14":1,"15":3,"16":2,"17":2,"18":1,"19":5,"20":4,"21":55,"22":28,"23":3,"24":1,"25":0,"26":0,"27":1,"28":5,"29":0,"30":0,"31":2,"32":0,"33":0,"34":15,"35":6,"36":49,"37":4,"38":1,"39":1,"40":1,"41":3,"42":1,"43":1,"44":1,"45":1},"b":{"0":[2,0],"1":[2,0],"2":[0,2],"3":[2,0],"4":[4],"5":[10,10],"6":[8,2],"7":[10,3],"8":[1,1],"9":[1,2],"10":[0,2],"11":[1,1],"12":[1,0],"13":[1,0],"14":[3,0],"15":[0,1],"16":[1,1],"17":[0,1],"18":[3,2],"19":[0,4],"20":[4,0],"21":[3,1],"22":[3,25],"23":[14,14],"24":[4,2],"25":[2,47],"26":[2,45],"27":[22,23],"28":[1,0],"29":[1,0],"30":[1,0],"31":[0,1],"32":[1,0],"33":[0,1]},"_coverageSchema":"1a1c01bbd47fc00a2c39e90264f33305004495a9","hash":"7efeaca2dad7bb619c3e85db53c292023fcbe1c3"}
,"E:\\UCSD\\CSE 110\\cse110-sp21-group9\\source\\frontend\\app\\sidebar\\sidebar.js": {"path":"E:\\UCSD\\CSE 110\\cse110-sp21-group9\\source\\frontend\\app\\sidebar\\sidebar.js","statementMap":{"0":{"start":{"line":3,"column":24},"end":{"line":3,"column":51}},"1":{"start":{"line":4,"column":23},"end":{"line":4,"column":51}},"2":{"start":{"line":6,"column":22},"end":{"line":6,"column":60}},"3":{"start":{"line":9,"column":0},"end":{"line":11,"column":3}},"4":{"start":{"line":10,"column":2},"end":{"line":10,"column":38}},"5":{"start":{"line":14,"column":19},"end":{"line":14,"column":56}},"6":{"start":{"line":16,"column":0},"end":{"line":27,"column":3}},"7":{"start":{"line":17,"column":12},"end":{"line":17,"column":39}},"8":{"start":{"line":18,"column":2},"end":{"line":22,"column":4}},"9":{"start":{"line":23,"column":2},"end":{"line":23,"column":43}},"10":{"start":{"line":24,"column":2},"end":{"line":24,"column":31}},"11":{"start":{"line":25,"column":2},"end":{"line":25,"column":12}},"12":{"start":{"line":26,"column":2},"end":{"line":26,"column":31}},"13":{"start":{"line":29,"column":17},"end":{"line":29,"column":49}},"14":{"start":{"line":31,"column":0},"end":{"line":38,"column":3}},"15":{"start":{"line":32,"column":17},"end":{"line":32,"column":33}},"16":{"start":{"line":33,"column":2},"end":{"line":36,"column":4}},"17":{"start":{"line":34,"column":4},"end":{"line":34,"column":54}},"18":{"start":{"line":35,"column":4},"end":{"line":35,"column":22}},"19":{"start":{"line":37,"column":2},"end":{"line":37,"column":35}},"20":{"start":{"line":41,"column":22},"end":{"line":41,"column":62}},"21":{"start":{"line":43,"column":2},"end":{"line":43,"column":64}},"22":{"start":{"line":44,"column":2},"end":{"line":44,"column":42}},"23":{"start":{"line":48,"column":2},"end":{"line":66,"column":3}},"24":{"start":{"line":50,"column":4},"end":{"line":50,"column":57}},"25":{"start":{"line":53,"column":4},"end":{"line":54,"column":49}},"26":{"start":{"line":56,"column":4},"end":{"line":56,"column":31}},"27":{"start":{"line":59,"column":4},"end":{"line":59,"column":58}},"28":{"start":{"line":62,"column":4},"end":{"line":63,"column":50}},"29":{"start":{"line":65,"column":4},"end":{"line":65,"column":32}},"30":{"start":{"line":70,"column":0},"end":{"line":86,"column":3}},"31":{"start":{"line":71,"column":16},"end":{"line":71,"column":45}},"32":{"start":{"line":73,"column":2},"end":{"line":73,"column":70}},"33":{"start":{"line":73,"column":24},"end":{"line":73,"column":40}},"34":{"start":{"line":73,"column":50},"end":{"line":73,"column":68}},"35":{"start":{"line":75,"column":22},"end":{"line":75,"column":62}},"36":{"start":{"line":76,"column":2},"end":{"line":85,"column":4}},"37":{"start":{"line":77,"column":4},"end":{"line":77,"column":29}},"38":{"start":{"line":79,"column":25},"end":{"line":79,"column":76}},"39":{"start":{"line":82,"column":26},"end":{"line":82,"column":68}},"40":{"start":{"line":84,"column":4},"end":{"line":84,"column":28}}},"fnMap":{"0":{"name":"(anonymous_0)","decl":{"start":{"line":9,"column":40},"end":{"line":9,"column":41}},"loc":{"start":{"line":9,"column":51},"end":{"line":11,"column":1}},"line":9},"1":{"name":"(anonymous_1)","decl":{"start":{"line":16,"column":37},"end":{"line":16,"column":38}},"loc":{"start":{"line":16,"column":48},"end":{"line":27,"column":1}},"line":16},"2":{"name":"(anonymous_2)","decl":{"start":{"line":31,"column":36},"end":{"line":31,"column":37}},"loc":{"start":{"line":31,"column":47},"end":{"line":38,"column":1}},"line":31},"3":{"name":"(anonymous_3)","decl":{"start":{"line":33,"column":18},"end":{"line":33,"column":19}},"loc":{"start":{"line":33,"column":24},"end":{"line":36,"column":3}},"line":33},"4":{"name":"setTheme","decl":{"start":{"line":40,"column":9},"end":{"line":40,"column":17}},"loc":{"start":{"line":40,"column":28},"end":{"line":67,"column":1}},"line":40},"5":{"name":"(anonymous_5)","decl":{"start":{"line":70,"column":46},"end":{"line":70,"column":47}},"loc":{"start":{"line":70,"column":62},"end":{"line":86,"column":1}},"line":70},"6":{"name":"(anonymous_6)","decl":{"start":{"line":76,"column":24},"end":{"line":76,"column":25}},"loc":{"start":{"line":76,"column":35},"end":{"line":85,"column":3}},"line":76}},"branchMap":{"0":{"loc":{"start":{"line":48,"column":2},"end":{"line":66,"column":3}},"type":"if","locations":[{"start":{"line":48,"column":2},"end":{"line":66,"column":3}},{"start":{"line":48,"column":2},"end":{"line":66,"column":3}}],"line":48},"1":{"loc":{"start":{"line":73,"column":2},"end":{"line":73,"column":70}},"type":"if","locations":[{"start":{"line":73,"column":2},"end":{"line":73,"column":70}},{"start":{"line":73,"column":2},"end":{"line":73,"column":70}}],"line":73},"2":{"loc":{"start":{"line":82,"column":26},"end":{"line":82,"column":68}},"type":"cond-expr","locations":[{"start":{"line":82,"column":52},"end":{"line":82,"column":59}},{"start":{"line":82,"column":62},"end":{"line":82,"column":68}}],"line":82}},"s":{"0":3,"1":3,"2":3,"3":3,"4":0,"5":3,"6":3,"7":0,"8":0,"9":0,"10":0,"11":0,"12":0,"13":3,"14":3,"15":0,"16":0,"17":0,"18":0,"19":0,"20":0,"21":0,"22":0,"23":0,"24":0,"25":0,"26":0,"27":0,"28":0,"29":0,"30":3,"31":0,"32":0,"33":0,"34":0,"35":0,"36":0,"37":0,"38":0,"39":0,"40":0},"f":{"0":0,"1":0,"2":0,"3":0,"4":0,"5":0,"6":0},"b":{"0":[0,0],"1":[0,0],"2":[0,0]},"_coverageSchema":"1a1c01bbd47fc00a2c39e90264f33305004495a9","hash":"4944262bac045b15507f004eb87448db60d4c61b"}
,"E:\\UCSD\\CSE 110\\cse110-sp21-group9\\test\\testutils.js": {"path":"E:\\UCSD\\CSE 110\\cse110-sp21-group9\\test\\testutils.js","statementMap":{"0":{"start":{"line":6,"column":4},"end":{"line":6,"column":20}},"1":{"start":{"line":10,"column":4},"end":{"line":10,"column":20}},"2":{"start":{"line":14,"column":4},"end":{"line":14,"column":35}},"3":{"start":{"line":18,"column":4},"end":{"line":18,"column":36}},"4":{"start":{"line":22,"column":4},"end":{"line":22,"column":27}},"5":{"start":{"line":28,"column":21},"end":{"line":28,"column":33}},"6":{"start":{"line":29,"column":4},"end":{"line":29,"column":51}},"7":{"start":{"line":29,"column":18},"end":{"line":29,"column":31}},"8":{"start":{"line":29,"column":32},"end":{"line":29,"column":49}}},"fnMap":{"0":{"name":"(anonymous_0)","decl":{"start":{"line":5,"column":2},"end":{"line":5,"column":3}},"loc":{"start":{"line":5,"column":16},"end":{"line":7,"column":3}},"line":5},"1":{"name":"(anonymous_1)","decl":{"start":{"line":9,"column":2},"end":{"line":9,"column":3}},"loc":{"start":{"line":9,"column":10},"end":{"line":11,"column":3}},"line":9},"2":{"name":"(anonymous_2)","decl":{"start":{"line":13,"column":2},"end":{"line":13,"column":3}},"loc":{"start":{"line":13,"column":15},"end":{"line":15,"column":3}},"line":13},"3":{"name":"(anonymous_3)","decl":{"start":{"line":17,"column":2},"end":{"line":17,"column":3}},"loc":{"start":{"line":17,"column":22},"end":{"line":19,"column":3}},"line":17},"4":{"name":"(anonymous_4)","decl":{"start":{"line":21,"column":2},"end":{"line":21,"column":3}},"loc":{"start":{"line":21,"column":18},"end":{"line":23,"column":3}},"line":21},"5":{"name":"makeTestCounter","decl":{"start":{"line":26,"column":16},"end":{"line":26,"column":31}},"loc":{"start":{"line":27,"column":0},"end":{"line":30,"column":1}},"line":27},"6":{"name":"(anonymous_6)","decl":{"start":{"line":29,"column":11},"end":{"line":29,"column":12}},"loc":{"start":{"line":29,"column":17},"end":{"line":29,"column":50}},"line":29}},"branchMap":{"0":{"loc":{"start":{"line":14,"column":11},"end":{"line":14,"column":34}},"type":"binary-expr","locations":[{"start":{"line":14,"column":11},"end":{"line":14,"column":26}},{"start":{"line":14,"column":30},"end":{"line":14,"column":34}}],"line":14}},"s":{"0":4,"1":0,"2":63,"3":41,"4":1,"5":6,"6":6,"7":89,"8":89},"f":{"0":4,"1":0,"2":63,"3":41,"4":1,"5":6,"6":89},"b":{"0":[63,2]},"_coverageSchema":"1a1c01bbd47fc00a2c39e90264f33305004495a9","hash":"cec0227c88116bafb28819931a47ebf1536a50d1"}
}
