TN:
SF:source\backend\bullet.js
FN:2,(anonymous_0)
FNF:1
FNH:1
FNDA:83,(anonymous_0)
DA:3,83
DA:4,83
DA:5,83
DA:6,83
DA:7,83
DA:8,83
DA:9,83
DA:10,83
LF:8
LH:8
BRF:0
BRH:0
end_of_record
TN:
SF:source\backend\crudFunctions.js
FN:24,getBulletsByDateRange
FN:35,getBulletsByDateSpan
FN:50,getBulletById
FN:60,getEventBulletsByDateRange
FN:65,getNoteBulletsByDateRange
FN:70,getTaskBulletsByDateRange
FN:75,getBulletsByTag
FN:84,getEventBulletsByTag
FN:89,getNoteBulletsByTag
FN:94,getTaskBulletsByTag
FN:99,setBulletTitle
FN:103,setBulletDate
FN:109,addBulletTag
FN:119,removeBulletTag
FN:130,setBulletContent
FN:133,setBulletDueDate
FN:137,setBulletStatus
FN:141,getAvailableTags
FN:149,createTag
FN:156,removeTagGlobally
FN:166,setAttributes
FN:173,(anonymous_21)
FN:198,createBullet
FN:199,writeNewBullet
FN:209,(anonymous_24)
FN:246,deleteBulletById
FN:257,initCrudRuntime
FN:261,getLocalStorageData
FN:270,loadDataToLocalStorage
FN:284,dateEquals
FN:292,updateBullet
FN:305,writeBulletToStorage
FN:317,deleteBulletFromStorage
FN:332,fillRunTimeBullets
FN:351,parseBullet
FN:363,filterArray
FN:379,writeArrayToStorage
FN:387,readArrayFromStorage
FNF:38
FNH:36
FNDA:31,getBulletsByDateRange
FNDA:1,getBulletsByDateSpan
FNDA:12,getBulletById
FNDA:1,getEventBulletsByDateRange
FNDA:1,getNoteBulletsByDateRange
FNDA:1,getTaskBulletsByDateRange
FNDA:4,getBulletsByTag
FNDA:1,getEventBulletsByTag
FNDA:1,getNoteBulletsByTag
FNDA:1,getTaskBulletsByTag
FNDA:1,setBulletTitle
FNDA:1,setBulletDate
FNDA:1,addBulletTag
FNDA:12,removeBulletTag
FNDA:1,setBulletContent
FNDA:1,setBulletDueDate
FNDA:1,setBulletStatus
FNDA:13,getAvailableTags
FNDA:3,createTag
FNDA:3,removeTagGlobally
FNDA:6,setAttributes
FNDA:5,(anonymous_21)
FNDA:8,createBullet
FNDA:8,writeNewBullet
FNDA:7,(anonymous_24)
FNDA:3,deleteBulletById
FNDA:5,initCrudRuntime
FNDA:0,getLocalStorageData
FNDA:0,loadDataToLocalStorage
FNDA:4,dateEquals
FNDA:5,updateBullet
FNDA:8,writeBulletToStorage
FNDA:3,deleteBulletFromStorage
FNDA:5,fillRunTimeBullets
FNDA:4,parseBullet
FNDA:6,filterArray
FNDA:14,writeArrayToStorage
FNDA:16,readArrayFromStorage
DA:14,5
DA:15,5
DA:16,5
DA:25,31
DA:26,31
DA:27,32
DA:28,32
DA:29,29
DA:32,31
DA:36,1
DA:37,1
DA:38,3
DA:39,3
DA:40,1
DA:43,1
DA:51,12
DA:52,0
DA:61,1
DA:62,1
DA:66,1
DA:67,1
DA:71,1
DA:72,1
DA:76,4
DA:77,4
DA:78,12
DA:79,12
DA:81,4
DA:85,1
DA:86,1
DA:90,1
DA:91,1
DA:95,1
DA:96,1
DA:100,1
DA:104,1
DA:105,1
DA:110,1
DA:111,1
DA:112,1
DA:113,1
DA:114,1
DA:115,1
DA:116,1
DA:120,12
DA:121,12
DA:122,12
DA:123,12
DA:124,9
DA:125,9
DA:126,9
DA:127,9
DA:131,1
DA:134,1
DA:135,1
DA:138,1
DA:142,13
DA:143,13
DA:144,21
DA:146,13
DA:150,3
DA:151,3
DA:152,3
DA:157,3
DA:158,3
DA:159,11
DA:161,3
DA:162,3
DA:167,6
DA:168,6
DA:170,6
DA:171,6
DA:172,6
DA:173,4
DA:174,5
DA:176,4
DA:178,6
DA:179,6
DA:180,6
DA:182,6
DA:183,6
DA:184,6
DA:200,8
DA:201,8
DA:202,8
DA:203,8
DA:204,8
DA:207,8
DA:209,8
DA:210,7
DA:213,8
DA:215,8
DA:226,8
DA:227,3
DA:228,3
DA:231,8
DA:232,3
DA:233,5
DA:234,2
DA:235,3
DA:236,3
DA:239,8
DA:247,3
DA:248,3
DA:249,3
DA:251,3
DA:258,5
DA:262,0
DA:271,0
DA:272,0
DA:273,0
DA:276,0
DA:277,0
DA:278,0
DA:279,0
DA:280,0
DA:285,4
DA:293,5
DA:294,5
DA:295,5
DA:296,5
DA:297,5
DA:298,5
DA:306,8
DA:307,8
DA:308,8
DA:309,8
DA:310,8
DA:311,8
DA:318,3
DA:319,3
DA:322,3
DA:323,3
DA:324,3
DA:325,3
DA:333,5
DA:334,5
DA:335,5
DA:336,3
DA:337,3
DA:338,3
DA:339,3
DA:342,5
DA:343,5
DA:344,5
DA:345,4
DA:347,5
DA:348,5
DA:352,4
DA:353,4
DA:354,4
DA:355,4
DA:364,6
DA:365,6
DA:366,16
DA:367,6
DA:370,6
DA:380,14
DA:388,16
DA:390,16
LF:160
LH:150
BRDA:24,0,0,28
BRDA:28,1,0,29
BRDA:28,1,1,3
BRDA:28,2,0,32
BRDA:28,2,1,29
BRDA:35,3,0,1
BRDA:39,4,0,1
BRDA:39,4,1,2
BRDA:39,5,0,3
BRDA:39,5,1,1
BRDA:50,6,0,12
BRDA:51,7,0,12
BRDA:51,7,1,0
BRDA:60,8,0,1
BRDA:65,9,0,1
BRDA:70,10,0,1
BRDA:75,11,0,4
BRDA:79,12,0,12
BRDA:79,12,1,0
BRDA:84,13,0,1
BRDA:89,14,0,1
BRDA:94,15,0,1
BRDA:99,16,0,1
BRDA:103,17,0,1
BRDA:104,18,0,0
BRDA:104,18,1,1
BRDA:109,19,0,1
BRDA:110,20,0,0
BRDA:110,20,1,1
BRDA:112,21,0,0
BRDA:112,21,1,1
BRDA:119,22,0,12
BRDA:120,23,0,0
BRDA:120,23,1,12
BRDA:120,24,0,12
BRDA:120,24,1,12
BRDA:123,25,0,3
BRDA:123,25,1,9
BRDA:130,26,0,1
BRDA:133,27,0,1
BRDA:134,28,0,0
BRDA:134,28,1,1
BRDA:137,29,0,1
BRDA:149,30,0,3
BRDA:150,31,0,3
BRDA:150,31,1,0
BRDA:156,32,0,3
BRDA:157,33,0,3
BRDA:157,33,1,0
BRDA:167,34,0,0
BRDA:167,34,1,6
BRDA:170,35,0,6
BRDA:170,35,1,0
BRDA:171,36,0,4
BRDA:171,36,1,2
BRDA:171,37,0,6
BRDA:171,37,1,4
BRDA:172,38,0,4
BRDA:172,38,1,2
BRDA:174,39,0,0
BRDA:174,39,1,5
BRDA:178,40,0,4
BRDA:178,40,1,2
BRDA:179,41,0,0
BRDA:179,41,1,6
BRDA:179,42,0,6
BRDA:179,42,1,0
BRDA:180,43,0,0
BRDA:180,43,1,6
BRDA:198,44,0,5
BRDA:207,45,0,0
BRDA:207,45,1,8
BRDA:210,46,0,1
BRDA:210,46,1,6
BRDA:226,47,0,3
BRDA:226,47,1,5
BRDA:227,48,0,3
BRDA:227,48,1,0
BRDA:228,49,0,2
BRDA:228,49,1,1
BRDA:231,50,0,3
BRDA:231,50,1,5
BRDA:233,51,0,2
BRDA:233,51,1,3
BRDA:235,52,0,3
BRDA:235,52,1,0
BRDA:239,53,0,8
BRDA:239,53,1,0
BRDA:247,54,0,3
BRDA:247,54,1,0
BRDA:271,55,0,0
BRDA:271,55,1,0
BRDA:271,56,0,0
BRDA:271,56,1,0
BRDA:271,56,2,0
BRDA:271,56,3,0
BRDA:286,57,0,4
BRDA:286,57,1,4
BRDA:286,57,2,2
BRDA:293,58,0,0
BRDA:293,58,1,5
BRDA:333,59,0,0
BRDA:333,59,1,5
BRDA:335,60,0,3
BRDA:335,60,1,2
BRDA:335,61,0,5
BRDA:335,61,1,5
BRDA:354,62,0,1
BRDA:354,62,1,3
BRDA:366,63,0,6
BRDA:366,63,1,10
BRF:111
BRH:83
end_of_record
TN:
SF:source\frontend\globals.js
FNF:0
FNH:0
DA:1,2
DA:2,2
DA:3,2
LF:3
LH:3
BRF:0
BRH:0
end_of_record
TN:
SF:source\frontend\utils.js
FN:19,hashString
FN:27,readHash
FN:37,daysInMonth
FN:41,startDate
FN:46,updateURL
FNF:5
FNH:5
FNDA:24,hashString
FNDA:5,readHash
FNDA:958,daysInMonth
FNDA:812,startDate
FNDA:22,updateURL
DA:1,3
DA:16,3
DA:17,3
DA:20,24
DA:21,22
DA:23,2
DA:28,5
DA:29,5
DA:30,1
DA:31,1
DA:33,4
DA:38,958
DA:42,812
DA:43,812
DA:47,22
DA:48,22
DA:49,22
LF:17
LH:17
BRDA:19,0,0,22
BRDA:20,1,0,22
BRDA:20,1,1,2
BRDA:29,2,0,1
BRDA:29,2,1,4
BRF:5
BRH:5
end_of_record
TN:
SF:source\frontend\app\element-mini-calendar\mini-calendar.js
FN:14,getMonthFromString
FN:22,monthYearEqual
FN:27,(anonymous_2)
FN:153,(anonymous_3)
FN:158,(anonymous_4)
FN:172,(anonymous_5)
FN:192,(anonymous_6)
FN:208,(anonymous_7)
FN:233,(anonymous_8)
FNF:9
FNH:2
FNDA:0,getMonthFromString
FNDA:0,monthYearEqual
FNDA:2,(anonymous_2)
FNDA:0,(anonymous_3)
FNDA:0,(anonymous_4)
FNDA:2,(anonymous_5)
FNDA:0,(anonymous_6)
FNDA:0,(anonymous_7)
FNDA:0,(anonymous_8)
DA:4,2
DA:6,2
DA:7,2
DA:15,0
DA:16,0
DA:17,0
DA:19,0
DA:23,0
DA:28,2
DA:29,2
DA:30,2
DA:31,2
DA:143,2
DA:144,2
DA:146,2
DA:147,2
DA:149,2
DA:151,2
DA:152,2
DA:153,2
DA:154,0
DA:155,0
DA:156,0
DA:158,2
DA:159,0
DA:160,0
DA:161,0
DA:173,2
DA:174,2
DA:176,2
DA:178,2
DA:179,2
DA:180,2
DA:181,2
DA:182,2
DA:185,2
DA:188,2
DA:189,2
DA:192,2
DA:193,0
DA:194,0
DA:195,0
DA:196,0
DA:200,2
DA:201,12
DA:202,12
DA:203,84
DA:204,84
DA:206,84
DA:207,84
DA:208,84
DA:209,0
DA:210,0
DA:211,0
DA:212,0
DA:213,0
DA:214,0
DA:215,0
DA:216,0
DA:219,84
DA:220,84
DA:221,84
DA:223,84
DA:224,2
DA:226,84
DA:228,12
DA:234,0
DA:236,0
DA:237,0
DA:238,0
DA:240,0
DA:241,0
DA:242,0
DA:243,0
DA:244,0
DA:246,0
DA:252,2
LF:77
LH:44
BRDA:16,0,0,0
BRDA:16,0,1,0
BRDA:23,1,0,0
BRDA:23,1,1,0
BRDA:156,2,0,0
BRDA:156,2,1,0
BRDA:161,3,0,0
BRDA:161,3,1,0
BRDA:172,4,0,2
BRDA:172,5,0,2
BRDA:173,6,0,2
BRDA:173,6,1,0
BRDA:221,7,0,24
BRDA:221,7,1,60
BRDA:223,8,0,2
BRDA:223,8,1,82
BRDA:224,9,0,2
BRDA:224,9,1,0
BRDA:242,10,0,0
BRDA:242,10,1,0
BRF:20
BRH:8
end_of_record
TN:
SF:source\frontend\app\page-calendar-monthly\calendar.js
FN:22,(anonymous_0)
FN:40,(anonymous_1)
FN:57,(anonymous_2)
FN:73,(anonymous_3)
FN:84,(anonymous_4)
FN:88,(anonymous_5)
FN:101,(anonymous_6)
FN:105,(anonymous_7)
FN:120,onlyThese
FN:135,populateCalendar
FN:167,(anonymous_10)
FN:176,(anonymous_11)
FN:181,(anonymous_12)
FN:209,resetCalendar
FN:214,(anonymous_14)
FN:225,bulletAppend
FN:242,generateHash
FN:263,(anonymous_17)
FNF:18
FNH:8
FNDA:0,(anonymous_0)
FNDA:7,(anonymous_1)
FNDA:14,(anonymous_2)
FNDA:0,(anonymous_3)
FNDA:0,(anonymous_4)
FNDA:0,(anonymous_5)
FNDA:0,(anonymous_6)
FNDA:0,(anonymous_7)
FNDA:22,onlyThese
FNDA:22,populateCalendar
FNDA:0,(anonymous_10)
FNDA:0,(anonymous_11)
FNDA:0,(anonymous_12)
FNDA:22,resetCalendar
FNDA:154,(anonymous_14)
FNDA:22,bulletAppend
FNDA:22,generateHash
FNDA:0,(anonymous_17)
DA:4,1
DA:6,1
DA:7,1
DA:8,1
DA:9,1
DA:10,1
DA:11,1
DA:12,1
DA:14,1
DA:15,1
DA:16,1
DA:18,1
DA:20,1
DA:22,1
DA:23,0
DA:25,0
DA:26,0
DA:28,0
DA:29,0
DA:31,0
DA:32,0
DA:34,0
DA:36,0
DA:37,0
DA:40,1
DA:41,7
DA:42,7
DA:43,1
DA:44,1
DA:47,7
DA:48,7
DA:49,7
DA:51,7
DA:52,7
DA:53,7
DA:54,7
DA:57,1
DA:58,14
DA:59,14
DA:60,2
DA:61,2
DA:63,14
DA:64,14
DA:65,14
DA:67,14
DA:68,14
DA:69,14
DA:70,14
DA:73,1
DA:74,0
DA:76,0
DA:77,0
DA:78,0
DA:80,0
DA:81,0
DA:84,1
DA:85,0
DA:88,1
DA:89,0
DA:90,0
DA:91,0
DA:93,0
DA:94,0
DA:95,0
DA:97,0
DA:98,0
DA:101,1
DA:102,0
DA:105,1
DA:106,0
DA:107,0
DA:108,0
DA:110,0
DA:111,0
DA:112,0
DA:114,0
DA:115,0
DA:116,0
DA:117,0
DA:121,22
DA:122,22
DA:123,0
DA:124,22
DA:125,0
DA:126,22
DA:127,0
DA:129,22
DA:138,22
DA:139,22
DA:140,22
DA:141,812
DA:142,116
DA:144,812
DA:145,812
DA:147,22
DA:149,812
DA:150,669
DA:151,669
DA:152,669
DA:153,669
DA:155,669
DA:156,669
DA:158,669
DA:159,3
DA:162,669
DA:163,3
DA:166,669
DA:167,669
DA:168,0
DA:173,0
DA:176,669
DA:178,0
DA:179,0
DA:181,669
DA:183,0
DA:184,0
DA:186,0
DA:189,669
DA:190,669
DA:192,143
DA:193,143
DA:195,812
DA:196,97
DA:198,812
DA:199,116
DA:200,116
DA:201,22
DA:205,22
DA:210,22
DA:211,22
DA:212,132
DA:214,22
DA:215,154
DA:216,154
DA:217,154
DA:219,22
DA:220,22
DA:221,22
DA:226,22
DA:227,0
DA:228,0
DA:229,0
DA:230,0
DA:231,0
DA:233,0
DA:235,0
DA:236,0
DA:237,0
DA:243,22
DA:245,22
DA:248,1
DA:249,0
DA:250,0
DA:251,0
DA:253,1
DA:254,1
DA:255,1
DA:257,1
DA:259,21
DA:263,1
DA:264,0
DA:267,1
DA:268,1
DA:270,1
DA:271,1
DA:272,1
DA:274,1
DA:276,1
DA:277,1
DA:279,1
DA:280,1
DA:281,1
LF:172
LH:113
BRDA:42,0,0,1
BRDA:42,0,1,6
BRDA:59,1,0,2
BRDA:59,1,1,12
BRDA:122,2,0,0
BRDA:122,2,1,22
BRDA:124,3,0,0
BRDA:124,3,1,22
BRDA:126,4,0,0
BRDA:126,4,1,22
BRDA:141,5,0,116
BRDA:141,5,1,696
BRDA:145,6,0,22
BRDA:145,6,1,790
BRDA:145,7,0,812
BRDA:145,7,1,116
BRDA:145,7,2,30
BRDA:149,8,0,669
BRDA:149,8,1,143
BRDA:158,9,0,3
BRDA:158,9,1,666
BRDA:158,10,0,669
BRDA:158,10,1,90
BRDA:158,10,2,90
BRDA:162,11,0,3
BRDA:162,11,1,666
BRDA:183,12,0,0
BRDA:183,12,1,0
BRDA:195,13,0,97
BRDA:195,13,1,715
BRDA:198,14,0,116
BRDA:198,14,1,696
BRDA:200,15,0,22
BRDA:200,15,1,94
BRDA:230,16,0,0
BRDA:230,16,1,0
BRDA:236,17,0,0
BRDA:236,17,1,0
BRDA:242,18,0,1
BRDA:245,19,0,1
BRDA:245,19,1,21
BRDA:248,20,0,0
BRDA:248,20,1,1
BRDA:248,21,0,1
BRDA:248,21,1,0
BRF:45
BRH:34
end_of_record
TN:
SF:source\frontend\app\page-day\day.js
FN:53,(anonymous_0)
FN:93,makeTimeSlotComponent
FN:133,(anonymous_2)
FN:152,(anonymous_3)
FN:188,showBulletInfo
FN:215,loadBullets
FN:253,loadTags
FN:290,(anonymous_7)
FN:301,(anonymous_8)
FN:316,(anonymous_9)
FN:322,(anonymous_10)
FN:333,(anonymous_11)
FN:344,populateTagOptions
FN:376,addListTag
FN:388,(anonymous_14)
FN:400,(anonymous_15)
FN:416,(anonymous_16)
FN:435,openDeleteDialog
FN:437,(anonymous_18)
FN:449,openEditDialog
FN:477,(anonymous_20)
FN:525,appendButton
FN:541,createBulletEntryElem
FN:570,(anonymous_23)
FN:578,(anonymous_24)
FN:582,(anonymous_25)
FN:585,(anonymous_26)
FN:591,(anonymous_27)
FN:600,(anonymous_28)
FN:605,(anonymous_29)
FN:609,(anonymous_30)
FN:617,(anonymous_31)
FN:622,(anonymous_32)
FN:625,(anonymous_33)
FN:645,createTagElements
FN:666,getHour
FN:678,getTime
FN:693,(anonymous_37)
FN:713,(anonymous_38)
FN:723,(anonymous_39)
FN:739,(anonymous_40)
FN:762,editNote
FN:779,(anonymous_42)
FN:788,(anonymous_43)
FN:803,(anonymous_44)
FN:826,deleteNote
FNF:46
FNH:37
FNDA:0,(anonymous_0)
FNDA:48,makeTimeSlotComponent
FNDA:3,(anonymous_2)
FNDA:2,(anonymous_3)
FNDA:1,showBulletInfo
FNDA:5,loadBullets
FNDA:3,loadTags
FNDA:1,(anonymous_7)
FNDA:2,(anonymous_8)
FNDA:0,(anonymous_9)
FNDA:1,(anonymous_10)
FNDA:0,(anonymous_11)
FNDA:8,populateTagOptions
FNDA:11,addListTag
FNDA:1,(anonymous_14)
FNDA:3,(anonymous_15)
FNDA:2,(anonymous_16)
FNDA:2,openDeleteDialog
FNDA:1,(anonymous_18)
FNDA:5,openEditDialog
FNDA:4,(anonymous_20)
FNDA:55,appendButton
FNDA:28,createBulletEntryElem
FNDA:3,(anonymous_23)
FNDA:1,(anonymous_24)
FNDA:0,(anonymous_25)
FNDA:0,(anonymous_26)
FNDA:1,(anonymous_27)
FNDA:5,(anonymous_28)
FNDA:0,(anonymous_29)
FNDA:0,(anonymous_30)
FNDA:2,(anonymous_31)
FNDA:0,(anonymous_32)
FNDA:0,(anonymous_33)
FNDA:15,createTagElements
FNDA:6,getHour
FNDA:49,getTime
FNDA:4,(anonymous_37)
FNDA:1,(anonymous_38)
FNDA:1,(anonymous_39)
FNDA:1,(anonymous_40)
FNDA:3,editNote
FNDA:1,(anonymous_42)
FNDA:1,(anonymous_43)
FNDA:1,(anonymous_44)
FNDA:1,deleteNote
DA:9,2
DA:10,2
DA:12,2
DA:15,2
DA:16,2
DA:17,2
DA:18,2
DA:19,2
DA:20,2
DA:21,2
DA:22,2
DA:24,2
DA:25,2
DA:28,2
DA:29,2
DA:32,2
DA:33,2
DA:34,2
DA:35,2
DA:38,2
DA:39,2
DA:40,2
DA:41,2
DA:42,2
DA:43,2
DA:44,2
DA:45,2
DA:48,2
DA:50,2
DA:53,2
DA:54,0
DA:58,2
DA:59,2
DA:60,2
DA:61,2
DA:62,2
DA:66,2
DA:67,2
DA:68,2
DA:71,2
DA:72,2
DA:75,2
DA:76,2
DA:77,2
DA:80,2
DA:81,2
DA:84,2
DA:85,48
DA:86,48
DA:88,48
DA:91,2
DA:94,48
DA:95,48
DA:96,48
DA:97,48
DA:98,48
DA:100,48
DA:101,48
DA:102,48
DA:104,48
DA:110,2
DA:111,2
DA:112,2
DA:113,2
DA:114,2
DA:115,22
DA:116,22
DA:117,22
DA:118,22
DA:121,2
DA:122,2
DA:123,2
DA:124,2
DA:125,2
DA:126,22
DA:127,22
DA:128,22
DA:129,22
DA:133,2
DA:134,3
DA:136,3
DA:137,3
DA:138,3
DA:139,3
DA:140,3
DA:143,3
DA:146,3
DA:147,1
DA:152,2
DA:155,2
DA:156,0
DA:157,0
DA:160,2
DA:161,2
DA:162,2
DA:165,2
DA:166,2
DA:167,2
DA:168,2
DA:169,3
DA:170,3
DA:171,3
DA:176,2
DA:177,2
DA:178,2
DA:181,2
DA:189,1
DA:190,1
DA:191,1
DA:192,1
DA:193,1
DA:194,1
DA:195,1
DA:197,1
DA:199,1
DA:200,1
DA:201,1
DA:202,1
DA:203,1
DA:204,1
DA:206,1
DA:217,5
DA:218,120
DA:219,7
DA:224,5
DA:225,12
DA:229,5
DA:234,5
DA:235,20
DA:236,20
DA:238,10
DA:239,8
DA:240,8
DA:244,10
DA:245,10
DA:255,3
DA:256,3
DA:259,3
DA:260,3
DA:261,3
DA:263,3
DA:264,2
DA:265,1
DA:269,3
DA:270,1
DA:273,2
DA:275,2
DA:276,2
DA:277,2
DA:278,2
DA:279,2
DA:282,2
DA:283,2
DA:284,2
DA:285,2
DA:288,2
DA:289,2
DA:290,2
DA:291,1
DA:292,1
DA:293,1
DA:294,1
DA:296,2
DA:301,2
DA:302,2
DA:304,0
DA:305,0
DA:306,0
DA:307,2
DA:308,1
DA:309,1
DA:310,1
DA:316,2
DA:318,0
DA:322,2
DA:324,1
DA:326,1
DA:327,1
DA:328,1
DA:333,2
DA:335,0
DA:336,0
DA:337,0
DA:346,8
DA:349,8
DA:350,24
DA:354,8
DA:355,8
DA:356,8
DA:357,8
DA:358,8
DA:359,8
DA:360,16
DA:362,16
DA:363,16
DA:364,16
DA:365,16
DA:366,16
DA:378,11
DA:379,11
DA:380,11
DA:381,11
DA:384,11
DA:386,11
DA:387,11
DA:388,11
DA:389,1
DA:393,11
DA:400,2
DA:401,3
DA:403,3
DA:404,3
DA:405,1
DA:406,0
DA:407,0
DA:411,3
DA:412,3
DA:416,2
DA:417,2
DA:419,1
DA:420,1
DA:421,1
DA:422,0
DA:423,0
DA:427,1
DA:436,2
DA:437,2
DA:438,1
DA:439,1
DA:440,1
DA:450,5
DA:451,5
DA:452,5
DA:454,5
DA:455,5
DA:456,5
DA:457,3
DA:458,3
DA:460,2
DA:461,2
DA:465,5
DA:468,5
DA:469,3
DA:473,5
DA:474,7
DA:477,5
DA:481,4
DA:482,0
DA:483,0
DA:486,4
DA:487,4
DA:488,4
DA:489,4
DA:490,4
DA:493,4
DA:494,4
DA:495,4
DA:496,4
DA:497,5
DA:498,5
DA:499,5
DA:504,4
DA:507,4
DA:508,3
DA:510,1
DA:511,1
DA:514,4
DA:526,55
DA:527,55
DA:529,55
DA:530,55
DA:531,55
DA:532,55
DA:534,55
DA:542,28
DA:543,28
DA:544,28
DA:545,28
DA:547,28
DA:548,28
DA:550,28
DA:551,28
DA:553,28
DA:554,28
DA:555,28
DA:557,28
DA:558,3
DA:559,3
DA:560,3
DA:564,28
DA:565,28
DA:568,28
DA:570,14
DA:571,3
DA:575,14
DA:576,14
DA:577,14
DA:578,14
DA:579,1
DA:582,14
DA:583,0
DA:585,14
DA:586,0
DA:591,14
DA:592,1
DA:593,1
DA:597,14
DA:598,14
DA:599,14
DA:600,14
DA:601,5
DA:605,14
DA:607,0
DA:609,14
DA:610,0
DA:614,14
DA:615,14
DA:616,14
DA:617,14
DA:618,2
DA:622,14
DA:623,0
DA:625,14
DA:626,0
DA:628,14
DA:631,14
DA:632,14
DA:633,14
DA:636,28
DA:637,28
DA:647,15
DA:648,1
DA:652,15
DA:653,17
DA:654,17
DA:656,17
DA:657,17
DA:667,6
DA:668,4
DA:670,2
DA:679,49
DA:680,49
DA:681,2
DA:682,47
DA:683,2
DA:684,45
DA:685,22
DA:687,23
DA:689,49
DA:693,2
DA:695,4
DA:698,4
DA:699,4
DA:700,4
DA:703,4
DA:704,4
DA:705,4
DA:706,4
DA:709,4
DA:710,4
DA:711,4
DA:712,4
DA:713,4
DA:714,1
DA:715,1
DA:719,4
DA:720,4
DA:721,4
DA:722,4
DA:723,4
DA:725,1
DA:727,1
DA:728,1
DA:729,1
DA:732,1
DA:734,1
DA:735,1
DA:739,4
DA:740,1
DA:742,1
DA:744,1
DA:745,1
DA:746,1
DA:749,1
DA:751,1
DA:752,1
DA:763,3
DA:764,3
DA:765,3
DA:767,3
DA:768,3
DA:769,3
DA:770,3
DA:771,3
DA:772,3
DA:775,3
DA:776,3
DA:777,3
DA:778,3
DA:779,3
DA:780,1
DA:781,1
DA:784,3
DA:785,3
DA:786,3
DA:787,3
DA:788,3
DA:789,1
DA:791,0
DA:792,0
DA:795,1
DA:797,1
DA:799,1
DA:803,3
DA:804,1
DA:805,1
DA:807,0
DA:808,0
DA:811,1
DA:813,1
DA:816,1
DA:827,1
DA:828,1
DA:831,2
DA:832,2
DA:833,2
LF:426
LH:400
BRDA:58,0,0,2
BRDA:58,0,1,0
BRDA:58,1,0,2
BRDA:58,1,1,0
BRDA:155,2,0,0
BRDA:155,2,1,2
BRDA:167,3,0,2
BRDA:167,3,1,0
BRDA:215,4,0,4
BRDA:236,5,0,10
BRDA:236,5,1,10
BRDA:238,6,0,8
BRDA:238,6,1,2
BRDA:238,7,0,10
BRDA:238,7,1,3
BRDA:264,8,0,1
BRDA:264,8,1,1
BRDA:269,9,0,1
BRDA:269,9,1,2
BRDA:302,10,0,0
BRDA:302,10,1,2
BRDA:307,11,0,1
BRDA:307,11,1,1
BRDA:309,12,0,1
BRDA:309,12,1,0
BRDA:324,13,0,1
BRDA:324,13,1,0
BRDA:401,14,0,3
BRDA:401,14,1,0
BRDA:405,15,0,0
BRDA:405,15,1,1
BRDA:417,16,0,1
BRDA:417,16,1,1
BRDA:421,17,0,0
BRDA:421,17,1,1
BRDA:456,18,0,3
BRDA:456,18,1,2
BRDA:481,19,0,0
BRDA:481,19,1,4
BRDA:495,20,0,4
BRDA:495,20,1,0
BRDA:507,21,0,3
BRDA:507,21,1,1
BRDA:557,22,0,3
BRDA:557,22,1,25
BRDA:568,23,0,14
BRDA:568,23,1,14
BRDA:667,24,0,4
BRDA:667,24,1,2
BRDA:680,25,0,2
BRDA:680,25,1,47
BRDA:682,26,0,2
BRDA:682,26,1,45
BRDA:684,27,0,22
BRDA:684,27,1,23
BRDA:725,28,0,1
BRDA:725,28,1,0
BRDA:740,29,0,1
BRDA:740,29,1,0
BRDA:742,30,0,1
BRDA:742,30,1,0
BRDA:789,31,0,0
BRDA:789,31,1,1
BRDA:804,32,0,1
BRDA:804,32,1,0
BRDA:805,33,0,0
BRDA:805,33,1,1
BRF:67
BRH:49
end_of_record
TN:
SF:source\frontend\app\sidebar\sidebar.js
FN:9,(anonymous_0)
FN:16,(anonymous_1)
FN:31,(anonymous_2)
FN:33,(anonymous_3)
FN:40,setTheme
FN:70,(anonymous_5)
FN:76,(anonymous_6)
FNF:7
FNH:0
FNDA:0,(anonymous_0)
FNDA:0,(anonymous_1)
FNDA:0,(anonymous_2)
FNDA:0,(anonymous_3)
FNDA:0,setTheme
FNDA:0,(anonymous_5)
FNDA:0,(anonymous_6)
DA:3,3
DA:4,3
DA:6,3
DA:9,3
DA:10,0
DA:14,3
DA:16,3
DA:17,0
DA:18,0
DA:23,0
DA:24,0
DA:25,0
DA:26,0
DA:29,3
DA:31,3
DA:32,0
DA:33,0
DA:34,0
DA:35,0
DA:37,0
DA:41,0
DA:43,0
DA:44,0
DA:48,0
DA:50,0
DA:53,0
DA:56,0
DA:59,0
DA:62,0
DA:65,0
DA:70,3
DA:71,0
DA:73,0
DA:75,0
DA:76,0
DA:77,0
DA:79,0
DA:82,0
DA:84,0
LF:39
LH:9
BRDA:48,0,0,0
BRDA:48,0,1,0
BRDA:73,1,0,0
BRDA:73,1,1,0
BRDA:82,2,0,0
BRDA:82,2,1,0
BRF:6
BRH:0
end_of_record
TN:
SF:test\testutils.js
FN:5,(anonymous_0)
FN:9,(anonymous_1)
FN:13,(anonymous_2)
FN:17,(anonymous_3)
FN:21,(anonymous_4)
FN:26,makeTestCounter
FN:29,(anonymous_6)
FNF:7
FNH:6
FNDA:4,(anonymous_0)
FNDA:0,(anonymous_1)
FNDA:63,(anonymous_2)
FNDA:41,(anonymous_3)
FNDA:1,(anonymous_4)
FNDA:6,makeTestCounter
FNDA:89,(anonymous_6)
DA:6,4
DA:10,0
DA:14,63
DA:18,41
DA:22,1
DA:28,6
DA:29,89
LF:7
LH:6
BRDA:14,0,0,63
BRDA:14,0,1,2
BRF:2
BRH:2
end_of_record
