{"E:\\UCSD\\CSE 110\\cse110-sp21-group9\\source\\backend\\bullet.js": {"path":"E:\\UCSD\\CSE 110\\cse110-sp21-group9\\source\\backend\\bullet.js","statementMap":{"0":{"start":{"line":3,"column":4},"end":{"line":3,"column":27}},"1":{"start":{"line":4,"column":4},"end":{"line":4,"column":33}},"2":{"start":{"line":5,"column":4},"end":{"line":5,"column":31}},"3":{"start":{"line":6,"column":4},"end":{"line":6,"column":31}},"4":{"start":{"line":7,"column":4},"end":{"line":7,"column":31}},"5":{"start":{"line":8,"column":4},"end":{"line":8,"column":37}},"6":{"start":{"line":9,"column":4},"end":{"line":9,"column":37}},"7":{"start":{"line":10,"column":4},"end":{"line":10,"column":35}}},"fnMap":{"0":{"name":"(anonymous_0)","decl":{"start":{"line":2,"column":2},"end":{"line":2,"column":3}},"loc":{"start":{"line":2,"column":25},"end":{"line":11,"column":3}},"line":2}},"branchMap":{},"s":{"0":42,"1":42,"2":42,"3":42,"4":42,"5":42,"6":42,"7":42},"f":{"0":42},"b":{},"_coverageSchema":"1a1c01bbd47fc00a2c39e90264f33305004495a9","hash":"e2064c14ea545c02252d5f3924cd33112e3d3768"}
,"E:\\UCSD\\CSE 110\\cse110-sp21-group9\\source\\backend\\crudFunctions.js": {"path":"E:\\UCSD\\CSE 110\\cse110-sp21-group9\\source\\backend\\crudFunctions.js","statementMap":{"0":{"start":{"line":14,"column":23},"end":{"line":14,"column":25}},"1":{"start":{"line":15,"column":18},"end":{"line":15,"column":20}},"2":{"start":{"line":16,"column":22},"end":{"line":16,"column":27}},"3":{"start":{"line":25,"column":26},"end":{"line":25,"column":28}},"4":{"start":{"line":26,"column":2},"end":{"line":31,"column":3}},"5":{"start":{"line":27,"column":19},"end":{"line":27,"column":44}},"6":{"start":{"line":28,"column":4},"end":{"line":30,"column":5}},"7":{"start":{"line":29,"column":6},"end":{"line":29,"column":47}},"8":{"start":{"line":32,"column":2},"end":{"line":32,"column":25}},"9":{"start":{"line":36,"column":26},"end":{"line":36,"column":28}},"10":{"start":{"line":37,"column":2},"end":{"line":42,"column":3}},"11":{"start":{"line":38,"column":19},"end":{"line":38,"column":44}},"12":{"start":{"line":39,"column":4},"end":{"line":41,"column":5}},"13":{"start":{"line":40,"column":6},"end":{"line":40,"column":47}},"14":{"start":{"line":43,"column":2},"end":{"line":43,"column":25}},"15":{"start":{"line":51,"column":2},"end":{"line":52,"column":19}},"16":{"start":{"line":51,"column":31},"end":{"line":51,"column":72}},"17":{"start":{"line":52,"column":7},"end":{"line":52,"column":19}},"18":{"start":{"line":61,"column":28},"end":{"line":61,"column":80}},"19":{"start":{"line":62,"column":2},"end":{"line":62,"column":49}},"20":{"start":{"line":66,"column":28},"end":{"line":66,"column":80}},"21":{"start":{"line":67,"column":2},"end":{"line":67,"column":48}},"22":{"start":{"line":71,"column":28},"end":{"line":71,"column":80}},"23":{"start":{"line":72,"column":2},"end":{"line":72,"column":48}},"24":{"start":{"line":76,"column":26},"end":{"line":76,"column":28}},"25":{"start":{"line":77,"column":2},"end":{"line":80,"column":3}},"26":{"start":{"line":78,"column":19},"end":{"line":78,"column":44}},"27":{"start":{"line":79,"column":4},"end":{"line":79,"column":89}},"28":{"start":{"line":79,"column":46},"end":{"line":79,"column":87}},"29":{"start":{"line":81,"column":2},"end":{"line":81,"column":25}},"30":{"start":{"line":85,"column":28},"end":{"line":85,"column":51}},"31":{"start":{"line":86,"column":2},"end":{"line":86,"column":49}},"32":{"start":{"line":90,"column":28},"end":{"line":90,"column":51}},"33":{"start":{"line":91,"column":2},"end":{"line":91,"column":48}},"34":{"start":{"line":95,"column":28},"end":{"line":95,"column":51}},"35":{"start":{"line":96,"column":2},"end":{"line":96,"column":48}},"36":{"start":{"line":100,"column":2},"end":{"line":100,"column":48}},"37":{"start":{"line":104,"column":2},"end":{"line":104,"column":51}},"38":{"start":{"line":104,"column":37},"end":{"line":104,"column":49}},"39":{"start":{"line":105,"column":2},"end":{"line":105,"column":47}},"40":{"start":{"line":110,"column":2},"end":{"line":110,"column":46}},"41":{"start":{"line":110,"column":34},"end":{"line":110,"column":46}},"42":{"start":{"line":111,"column":20},"end":{"line":111,"column":41}},"43":{"start":{"line":112,"column":2},"end":{"line":112,"column":44}},"44":{"start":{"line":112,"column":32},"end":{"line":112,"column":44}},"45":{"start":{"line":113,"column":2},"end":{"line":113,"column":30}},"46":{"start":{"line":114,"column":2},"end":{"line":114,"column":36}},"47":{"start":{"line":115,"column":2},"end":{"line":115,"column":57}},"48":{"start":{"line":116,"column":2},"end":{"line":116,"column":31}},"49":{"start":{"line":120,"column":2},"end":{"line":120,"column":74}},"50":{"start":{"line":120,"column":62},"end":{"line":120,"column":74}},"51":{"start":{"line":121,"column":20},"end":{"line":121,"column":41}},"52":{"start":{"line":122,"column":16},"end":{"line":122,"column":46}},"53":{"start":{"line":123,"column":2},"end":{"line":123,"column":32}},"54":{"start":{"line":123,"column":20},"end":{"line":123,"column":32}},"55":{"start":{"line":124,"column":2},"end":{"line":124,"column":34}},"56":{"start":{"line":125,"column":2},"end":{"line":125,"column":36}},"57":{"start":{"line":126,"column":2},"end":{"line":126,"column":57}},"58":{"start":{"line":127,"column":2},"end":{"line":127,"column":31}},"59":{"start":{"line":131,"column":2},"end":{"line":131,"column":52}},"60":{"start":{"line":134,"column":2},"end":{"line":134,"column":54}},"61":{"start":{"line":134,"column":40},"end":{"line":134,"column":52}},"62":{"start":{"line":135,"column":2},"end":{"line":135,"column":53}},"63":{"start":{"line":138,"column":2},"end":{"line":138,"column":50}},"64":{"start":{"line":142,"column":2},"end":{"line":142,"column":46}},"65":{"start":{"line":142,"column":34},"end":{"line":142,"column":46}},"66":{"start":{"line":143,"column":20},"end":{"line":143,"column":41}},"67":{"start":{"line":145,"column":2},"end":{"line":145,"column":74}},"68":{"start":{"line":145,"column":34},"end":{"line":145,"column":72}},"69":{"start":{"line":146,"column":2},"end":{"line":146,"column":109}},"70":{"start":{"line":146,"column":71},"end":{"line":146,"column":107}},"71":{"start":{"line":147,"column":2},"end":{"line":152,"column":3}},"72":{"start":{"line":148,"column":4},"end":{"line":150,"column":7}},"73":{"start":{"line":149,"column":6},"end":{"line":149,"column":45}},"74":{"start":{"line":149,"column":33},"end":{"line":149,"column":45}},"75":{"start":{"line":151,"column":4},"end":{"line":151,"column":40}},"76":{"start":{"line":153,"column":2},"end":{"line":153,"column":80}},"77":{"start":{"line":153,"column":36},"end":{"line":153,"column":78}},"78":{"start":{"line":154,"column":2},"end":{"line":154,"column":121}},"79":{"start":{"line":154,"column":77},"end":{"line":154,"column":119}},"80":{"start":{"line":155,"column":2},"end":{"line":155,"column":77}},"81":{"start":{"line":155,"column":35},"end":{"line":155,"column":75}},"82":{"start":{"line":157,"column":2},"end":{"line":157,"column":36}},"83":{"start":{"line":158,"column":2},"end":{"line":158,"column":57}},"84":{"start":{"line":159,"column":2},"end":{"line":159,"column":31}},"85":{"start":{"line":163,"column":23},"end":{"line":163,"column":25}},"86":{"start":{"line":164,"column":2},"end":{"line":166,"column":3}},"87":{"start":{"line":165,"column":4},"end":{"line":165,"column":27}},"88":{"start":{"line":167,"column":2},"end":{"line":167,"column":22}},"89":{"start":{"line":171,"column":2},"end":{"line":174,"column":3}},"90":{"start":{"line":172,"column":4},"end":{"line":172,"column":31}},"91":{"start":{"line":173,"column":4},"end":{"line":173,"column":62}},"92":{"start":{"line":178,"column":2},"end":{"line":184,"column":3}},"93":{"start":{"line":179,"column":4},"end":{"line":181,"column":5}},"94":{"start":{"line":180,"column":6},"end":{"line":180,"column":41}},"95":{"start":{"line":182,"column":4},"end":{"line":182,"column":31}},"96":{"start":{"line":183,"column":4},"end":{"line":183,"column":62}},"97":{"start":{"line":200,"column":4},"end":{"line":200,"column":13}},"98":{"start":{"line":201,"column":4},"end":{"line":201,"column":26}},"99":{"start":{"line":202,"column":4},"end":{"line":202,"column":43}},"100":{"start":{"line":203,"column":4},"end":{"line":203,"column":36}},"101":{"start":{"line":204,"column":4},"end":{"line":204,"column":30}},"102":{"start":{"line":207,"column":2},"end":{"line":207,"column":51}},"103":{"start":{"line":207,"column":37},"end":{"line":207,"column":49}},"104":{"start":{"line":209,"column":2},"end":{"line":211,"column":5}},"105":{"start":{"line":210,"column":4},"end":{"line":210,"column":43}},"106":{"start":{"line":210,"column":31},"end":{"line":210,"column":43}},"107":{"start":{"line":213,"column":27},"end":{"line":213,"column":32}},"108":{"start":{"line":215,"column":2},"end":{"line":224,"column":3}},"109":{"start":{"line":226,"column":2},"end":{"line":229,"column":3}},"110":{"start":{"line":227,"column":4},"end":{"line":227,"column":71}},"111":{"start":{"line":227,"column":34},"end":{"line":227,"column":69}},"112":{"start":{"line":228,"column":4},"end":{"line":228,"column":68}},"113":{"start":{"line":228,"column":33},"end":{"line":228,"column":66}},"114":{"start":{"line":231,"column":2},"end":{"line":237,"column":3}},"115":{"start":{"line":232,"column":4},"end":{"line":232,"column":27}},"116":{"start":{"line":233,"column":9},"end":{"line":237,"column":3}},"117":{"start":{"line":234,"column":4},"end":{"line":234,"column":27}},"118":{"start":{"line":235,"column":9},"end":{"line":237,"column":3}},"119":{"start":{"line":236,"column":4},"end":{"line":236,"column":27}},"120":{"start":{"line":239,"column":2},"end":{"line":239,"column":78}},"121":{"start":{"line":239,"column":28},"end":{"line":239,"column":54}},"122":{"start":{"line":239,"column":64},"end":{"line":239,"column":76}},"123":{"start":{"line":247,"column":2},"end":{"line":250,"column":3}},"124":{"start":{"line":248,"column":4},"end":{"line":248,"column":33}},"125":{"start":{"line":249,"column":4},"end":{"line":249,"column":35}},"126":{"start":{"line":251,"column":2},"end":{"line":251,"column":14}},"127":{"start":{"line":258,"column":2},"end":{"line":258,"column":23}},"128":{"start":{"line":263,"column":2},"end":{"line":267,"column":4}},"129":{"start":{"line":271,"column":2},"end":{"line":271,"column":46}},"130":{"start":{"line":271,"column":34},"end":{"line":271,"column":46}},"131":{"start":{"line":272,"column":20},"end":{"line":272,"column":41}},"132":{"start":{"line":273,"column":2},"end":{"line":273,"column":29}},"133":{"start":{"line":274,"column":2},"end":{"line":274,"column":36}},"134":{"start":{"line":275,"column":2},"end":{"line":275,"column":57}},"135":{"start":{"line":276,"column":2},"end":{"line":276,"column":31}},"136":{"start":{"line":284,"column":2},"end":{"line":284,"column":43}},"137":{"start":{"line":285,"column":2},"end":{"line":285,"column":64}},"138":{"start":{"line":286,"column":20},"end":{"line":286,"column":53}},"139":{"start":{"line":287,"column":2},"end":{"line":287,"column":31}},"140":{"start":{"line":288,"column":2},"end":{"line":288,"column":41}},"141":{"start":{"line":289,"column":2},"end":{"line":289,"column":46}},"142":{"start":{"line":296,"column":2},"end":{"line":296,"column":24}},"143":{"start":{"line":297,"column":2},"end":{"line":297,"column":33}},"144":{"start":{"line":300,"column":20},"end":{"line":300,"column":53}},"145":{"start":{"line":301,"column":22},"end":{"line":301,"column":46}},"146":{"start":{"line":302,"column":2},"end":{"line":302,"column":35}},"147":{"start":{"line":303,"column":2},"end":{"line":303,"column":46}},"148":{"start":{"line":311,"column":2},"end":{"line":311,"column":30}},"149":{"start":{"line":311,"column":23},"end":{"line":311,"column":30}},"150":{"start":{"line":312,"column":2},"end":{"line":312,"column":42}},"151":{"start":{"line":313,"column":2},"end":{"line":318,"column":3}},"152":{"start":{"line":314,"column":4},"end":{"line":314,"column":15}},"153":{"start":{"line":315,"column":4},"end":{"line":315,"column":43}},"154":{"start":{"line":316,"column":4},"end":{"line":316,"column":41}},"155":{"start":{"line":317,"column":4},"end":{"line":317,"column":53}},"156":{"start":{"line":320,"column":2},"end":{"line":320,"column":26}},"157":{"start":{"line":321,"column":20},"end":{"line":321,"column":53}},"158":{"start":{"line":322,"column":2},"end":{"line":322,"column":48}},"159":{"start":{"line":323,"column":2},"end":{"line":326,"column":3}},"160":{"start":{"line":324,"column":4},"end":{"line":324,"column":41}},"161":{"start":{"line":325,"column":4},"end":{"line":325,"column":62}},"162":{"start":{"line":327,"column":2},"end":{"line":327,"column":57}},"163":{"start":{"line":328,"column":2},"end":{"line":328,"column":25}},"164":{"start":{"line":332,"column":17},"end":{"line":332,"column":56}},"165":{"start":{"line":333,"column":2},"end":{"line":333,"column":38}},"166":{"start":{"line":334,"column":2},"end":{"line":334,"column":77}},"167":{"start":{"line":334,"column":33},"end":{"line":334,"column":75}},"168":{"start":{"line":335,"column":2},"end":{"line":335,"column":16}},"169":{"start":{"line":344,"column":19},"end":{"line":344,"column":21}},"170":{"start":{"line":345,"column":2},"end":{"line":349,"column":3}},"171":{"start":{"line":346,"column":4},"end":{"line":348,"column":5}},"172":{"start":{"line":347,"column":6},"end":{"line":347,"column":28}},"173":{"start":{"line":350,"column":2},"end":{"line":350,"column":18}},"174":{"start":{"line":360,"column":2},"end":{"line":360,"column":68}},"175":{"start":{"line":368,"column":16},"end":{"line":368,"column":49}},"176":{"start":{"line":370,"column":2},"end":{"line":370,"column":33}}},"fnMap":{"0":{"name":"getBulletsByDateRange","decl":{"start":{"line":24,"column":16},"end":{"line":24,"column":37}},"loc":{"start":{"line":24,"column":76},"end":{"line":33,"column":1}},"line":24},"1":{"name":"getBulletsByDateSpan","decl":{"start":{"line":35,"column":16},"end":{"line":35,"column":36}},"loc":{"start":{"line":35,"column":75},"end":{"line":44,"column":1}},"line":35},"2":{"name":"getBulletById","decl":{"start":{"line":50,"column":16},"end":{"line":50,"column":29}},"loc":{"start":{"line":50,"column":55},"end":{"line":53,"column":1}},"line":50},"3":{"name":"getEventBulletsByDateRange","decl":{"start":{"line":60,"column":16},"end":{"line":60,"column":42}},"loc":{"start":{"line":60,"column":81},"end":{"line":63,"column":1}},"line":60},"4":{"name":"getNoteBulletsByDateRange","decl":{"start":{"line":65,"column":16},"end":{"line":65,"column":41}},"loc":{"start":{"line":65,"column":80},"end":{"line":68,"column":1}},"line":65},"5":{"name":"getTaskBulletsByDateRange","decl":{"start":{"line":70,"column":16},"end":{"line":70,"column":41}},"loc":{"start":{"line":70,"column":80},"end":{"line":73,"column":1}},"line":70},"6":{"name":"getBulletsByTag","decl":{"start":{"line":75,"column":16},"end":{"line":75,"column":31}},"loc":{"start":{"line":75,"column":58},"end":{"line":82,"column":1}},"line":75},"7":{"name":"getEventBulletsByTag","decl":{"start":{"line":84,"column":16},"end":{"line":84,"column":36}},"loc":{"start":{"line":84,"column":63},"end":{"line":87,"column":1}},"line":84},"8":{"name":"getNoteBulletsByTag","decl":{"start":{"line":89,"column":16},"end":{"line":89,"column":35}},"loc":{"start":{"line":89,"column":62},"end":{"line":92,"column":1}},"line":89},"9":{"name":"getTaskBulletsByTag","decl":{"start":{"line":94,"column":16},"end":{"line":94,"column":35}},"loc":{"start":{"line":94,"column":62},"end":{"line":97,"column":1}},"line":94},"10":{"name":"setBulletTitle","decl":{"start":{"line":99,"column":16},"end":{"line":99,"column":30}},"loc":{"start":{"line":99,"column":66},"end":{"line":101,"column":1}},"line":99},"11":{"name":"setBulletDate","decl":{"start":{"line":103,"column":16},"end":{"line":103,"column":29}},"loc":{"start":{"line":103,"column":65},"end":{"line":106,"column":1}},"line":103},"12":{"name":"addBulletTag","decl":{"start":{"line":109,"column":16},"end":{"line":109,"column":28}},"loc":{"start":{"line":109,"column":62},"end":{"line":117,"column":1}},"line":109},"13":{"name":"removeBulletTag","decl":{"start":{"line":119,"column":16},"end":{"line":119,"column":31}},"loc":{"start":{"line":119,"column":65},"end":{"line":128,"column":1}},"line":119},"14":{"name":"setBulletContent","decl":{"start":{"line":130,"column":16},"end":{"line":130,"column":32}},"loc":{"start":{"line":130,"column":70},"end":{"line":132,"column":1}},"line":130},"15":{"name":"setBulletDueDate","decl":{"start":{"line":133,"column":16},"end":{"line":133,"column":32}},"loc":{"start":{"line":133,"column":71},"end":{"line":136,"column":1}},"line":133},"16":{"name":"setBulletStatus","decl":{"start":{"line":137,"column":16},"end":{"line":137,"column":31}},"loc":{"start":{"line":137,"column":68},"end":{"line":139,"column":1}},"line":137},"17":{"name":"setAttributes","decl":{"start":{"line":141,"column":16},"end":{"line":141,"column":29}},"loc":{"start":{"line":141,"column":52},"end":{"line":160,"column":1}},"line":141},"18":{"name":"(anonymous_18)","decl":{"start":{"line":148,"column":31},"end":{"line":148,"column":32}},"loc":{"start":{"line":148,"column":47},"end":{"line":150,"column":5}},"line":148},"19":{"name":"getAvailableTags","decl":{"start":{"line":162,"column":16},"end":{"line":162,"column":32}},"loc":{"start":{"line":162,"column":35},"end":{"line":168,"column":1}},"line":162},"20":{"name":"createTag","decl":{"start":{"line":170,"column":16},"end":{"line":170,"column":25}},"loc":{"start":{"line":170,"column":52},"end":{"line":175,"column":1}},"line":170},"21":{"name":"removeTagGlobally","decl":{"start":{"line":177,"column":16},"end":{"line":177,"column":33}},"loc":{"start":{"line":177,"column":60},"end":{"line":185,"column":1}},"line":177},"22":{"name":"createBullet","decl":{"start":{"line":198,"column":16},"end":{"line":198,"column":28}},"loc":{"start":{"line":198,"column":97},"end":{"line":240,"column":1}},"line":198},"23":{"name":"writeNewBullet","decl":{"start":{"line":199,"column":11},"end":{"line":199,"column":25}},"loc":{"start":{"line":199,"column":37},"end":{"line":205,"column":3}},"line":199},"24":{"name":"(anonymous_24)","decl":{"start":{"line":209,"column":18},"end":{"line":209,"column":19}},"loc":{"start":{"line":209,"column":34},"end":{"line":211,"column":3}},"line":209},"25":{"name":"deleteBulletById","decl":{"start":{"line":246,"column":16},"end":{"line":246,"column":32}},"loc":{"start":{"line":246,"column":40},"end":{"line":252,"column":1}},"line":246},"26":{"name":"initCrudRuntime","decl":{"start":{"line":257,"column":16},"end":{"line":257,"column":31}},"loc":{"start":{"line":257,"column":34},"end":{"line":259,"column":1}},"line":257},"27":{"name":"dateEquals","decl":{"start":{"line":262,"column":9},"end":{"line":262,"column":19}},"loc":{"start":{"line":262,"column":34},"end":{"line":268,"column":1}},"line":262},"28":{"name":"updateBullet","decl":{"start":{"line":270,"column":9},"end":{"line":270,"column":21}},"loc":{"start":{"line":270,"column":45},"end":{"line":277,"column":1}},"line":270},"29":{"name":"writeBulletToStorage","decl":{"start":{"line":283,"column":9},"end":{"line":283,"column":29}},"loc":{"start":{"line":283,"column":41},"end":{"line":290,"column":1}},"line":283},"30":{"name":"deleteBulletFromStorage","decl":{"start":{"line":295,"column":9},"end":{"line":295,"column":32}},"loc":{"start":{"line":295,"column":40},"end":{"line":304,"column":1}},"line":295},"31":{"name":"fillRunTimeBullets","decl":{"start":{"line":310,"column":9},"end":{"line":310,"column":27}},"loc":{"start":{"line":310,"column":30},"end":{"line":329,"column":1}},"line":310},"32":{"name":"parseBullet","decl":{"start":{"line":331,"column":9},"end":{"line":331,"column":20}},"loc":{"start":{"line":331,"column":28},"end":{"line":336,"column":1}},"line":331},"33":{"name":"filterArray","decl":{"start":{"line":343,"column":9},"end":{"line":343,"column":20}},"loc":{"start":{"line":343,"column":44},"end":{"line":351,"column":1}},"line":343},"34":{"name":"writeArrayToStorage","decl":{"start":{"line":359,"column":9},"end":{"line":359,"column":28}},"loc":{"start":{"line":359,"column":47},"end":{"line":361,"column":1}},"line":359},"35":{"name":"readArrayFromStorage","decl":{"start":{"line":367,"column":9},"end":{"line":367,"column":29}},"loc":{"start":{"line":367,"column":43},"end":{"line":371,"column":1}},"line":367}},"branchMap":{"0":{"loc":{"start":{"line":24,"column":58},"end":{"line":24,"column":74}},"type":"default-arg","locations":[{"start":{"line":24,"column":70},"end":{"line":24,"column":74}}],"line":24},"1":{"loc":{"start":{"line":28,"column":4},"end":{"line":30,"column":5}},"type":"if","locations":[{"start":{"line":28,"column":4},"end":{"line":30,"column":5}},{"start":{"line":28,"column":4},"end":{"line":30,"column":5}}],"line":28},"2":{"loc":{"start":{"line":28,"column":8},"end":{"line":28,"column":57}},"type":"binary-expr","locations":[{"start":{"line":28,"column":8},"end":{"line":28,"column":32}},{"start":{"line":28,"column":36},"end":{"line":28,"column":57}}],"line":28},"3":{"loc":{"start":{"line":35,"column":57},"end":{"line":35,"column":73}},"type":"default-arg","locations":[{"start":{"line":35,"column":69},"end":{"line":35,"column":73}}],"line":35},"4":{"loc":{"start":{"line":39,"column":4},"end":{"line":41,"column":5}},"type":"if","locations":[{"start":{"line":39,"column":4},"end":{"line":41,"column":5}},{"start":{"line":39,"column":4},"end":{"line":41,"column":5}}],"line":39},"5":{"loc":{"start":{"line":39,"column":8},"end":{"line":39,"column":81}},"type":"binary-expr","locations":[{"start":{"line":39,"column":8},"end":{"line":39,"column":42}},{"start":{"line":39,"column":46},"end":{"line":39,"column":81}}],"line":39},"6":{"loc":{"start":{"line":50,"column":37},"end":{"line":50,"column":53}},"type":"default-arg","locations":[{"start":{"line":50,"column":49},"end":{"line":50,"column":53}}],"line":50},"7":{"loc":{"start":{"line":51,"column":2},"end":{"line":52,"column":19}},"type":"if","locations":[{"start":{"line":51,"column":2},"end":{"line":52,"column":19}},{"start":{"line":51,"column":2},"end":{"line":52,"column":19}}],"line":51},"8":{"loc":{"start":{"line":60,"column":63},"end":{"line":60,"column":79}},"type":"default-arg","locations":[{"start":{"line":60,"column":75},"end":{"line":60,"column":79}}],"line":60},"9":{"loc":{"start":{"line":65,"column":62},"end":{"line":65,"column":78}},"type":"default-arg","locations":[{"start":{"line":65,"column":74},"end":{"line":65,"column":78}}],"line":65},"10":{"loc":{"start":{"line":70,"column":62},"end":{"line":70,"column":78}},"type":"default-arg","locations":[{"start":{"line":70,"column":74},"end":{"line":70,"column":78}}],"line":70},"11":{"loc":{"start":{"line":75,"column":40},"end":{"line":75,"column":56}},"type":"default-arg","locations":[{"start":{"line":75,"column":52},"end":{"line":75,"column":56}}],"line":75},"12":{"loc":{"start":{"line":79,"column":4},"end":{"line":79,"column":89}},"type":"if","locations":[{"start":{"line":79,"column":4},"end":{"line":79,"column":89}},{"start":{"line":79,"column":4},"end":{"line":79,"column":89}}],"line":79},"13":{"loc":{"start":{"line":84,"column":45},"end":{"line":84,"column":61}},"type":"default-arg","locations":[{"start":{"line":84,"column":57},"end":{"line":84,"column":61}}],"line":84},"14":{"loc":{"start":{"line":89,"column":44},"end":{"line":89,"column":60}},"type":"default-arg","locations":[{"start":{"line":89,"column":56},"end":{"line":89,"column":60}}],"line":89},"15":{"loc":{"start":{"line":94,"column":44},"end":{"line":94,"column":60}},"type":"default-arg","locations":[{"start":{"line":94,"column":56},"end":{"line":94,"column":60}}],"line":94},"16":{"loc":{"start":{"line":99,"column":48},"end":{"line":99,"column":64}},"type":"default-arg","locations":[{"start":{"line":99,"column":60},"end":{"line":99,"column":64}}],"line":99},"17":{"loc":{"start":{"line":103,"column":47},"end":{"line":103,"column":63}},"type":"default-arg","locations":[{"start":{"line":103,"column":59},"end":{"line":103,"column":63}}],"line":103},"18":{"loc":{"start":{"line":104,"column":2},"end":{"line":104,"column":51}},"type":"if","locations":[{"start":{"line":104,"column":2},"end":{"line":104,"column":51}},{"start":{"line":104,"column":2},"end":{"line":104,"column":51}}],"line":104},"19":{"loc":{"start":{"line":109,"column":44},"end":{"line":109,"column":60}},"type":"default-arg","locations":[{"start":{"line":109,"column":56},"end":{"line":109,"column":60}}],"line":109},"20":{"loc":{"start":{"line":110,"column":2},"end":{"line":110,"column":46}},"type":"if","locations":[{"start":{"line":110,"column":2},"end":{"line":110,"column":46}},{"start":{"line":110,"column":2},"end":{"line":110,"column":46}}],"line":110},"21":{"loc":{"start":{"line":112,"column":2},"end":{"line":112,"column":44}},"type":"if","locations":[{"start":{"line":112,"column":2},"end":{"line":112,"column":44}},{"start":{"line":112,"column":2},"end":{"line":112,"column":44}}],"line":112},"22":{"loc":{"start":{"line":119,"column":47},"end":{"line":119,"column":63}},"type":"default-arg","locations":[{"start":{"line":119,"column":59},"end":{"line":119,"column":63}}],"line":119},"23":{"loc":{"start":{"line":120,"column":2},"end":{"line":120,"column":74}},"type":"if","locations":[{"start":{"line":120,"column":2},"end":{"line":120,"column":74}},{"start":{"line":120,"column":2},"end":{"line":120,"column":74}}],"line":120},"24":{"loc":{"start":{"line":120,"column":6},"end":{"line":120,"column":60}},"type":"binary-expr","locations":[{"start":{"line":120,"column":6},"end":{"line":120,"column":32}},{"start":{"line":120,"column":36},"end":{"line":120,"column":60}}],"line":120},"25":{"loc":{"start":{"line":123,"column":2},"end":{"line":123,"column":32}},"type":"if","locations":[{"start":{"line":123,"column":2},"end":{"line":123,"column":32}},{"start":{"line":123,"column":2},"end":{"line":123,"column":32}}],"line":123},"26":{"loc":{"start":{"line":130,"column":52},"end":{"line":130,"column":68}},"type":"default-arg","locations":[{"start":{"line":130,"column":64},"end":{"line":130,"column":68}}],"line":130},"27":{"loc":{"start":{"line":133,"column":53},"end":{"line":133,"column":69}},"type":"default-arg","locations":[{"start":{"line":133,"column":65},"end":{"line":133,"column":69}}],"line":133},"28":{"loc":{"start":{"line":134,"column":2},"end":{"line":134,"column":54}},"type":"if","locations":[{"start":{"line":134,"column":2},"end":{"line":134,"column":54}},{"start":{"line":134,"column":2},"end":{"line":134,"column":54}}],"line":134},"29":{"loc":{"start":{"line":137,"column":50},"end":{"line":137,"column":66}},"type":"default-arg","locations":[{"start":{"line":137,"column":62},"end":{"line":137,"column":66}}],"line":137},"30":{"loc":{"start":{"line":142,"column":2},"end":{"line":142,"column":46}},"type":"if","locations":[{"start":{"line":142,"column":2},"end":{"line":142,"column":46}},{"start":{"line":142,"column":2},"end":{"line":142,"column":46}}],"line":142},"31":{"loc":{"start":{"line":145,"column":2},"end":{"line":145,"column":74}},"type":"if","locations":[{"start":{"line":145,"column":2},"end":{"line":145,"column":74}},{"start":{"line":145,"column":2},"end":{"line":145,"column":74}}],"line":145},"32":{"loc":{"start":{"line":146,"column":2},"end":{"line":146,"column":109}},"type":"if","locations":[{"start":{"line":146,"column":2},"end":{"line":146,"column":109}},{"start":{"line":146,"column":2},"end":{"line":146,"column":109}}],"line":146},"33":{"loc":{"start":{"line":146,"column":6},"end":{"line":146,"column":67}},"type":"binary-expr","locations":[{"start":{"line":146,"column":6},"end":{"line":146,"column":29}},{"start":{"line":146,"column":33},"end":{"line":146,"column":67}}],"line":146},"34":{"loc":{"start":{"line":147,"column":2},"end":{"line":152,"column":3}},"type":"if","locations":[{"start":{"line":147,"column":2},"end":{"line":152,"column":3}},{"start":{"line":147,"column":2},"end":{"line":152,"column":3}}],"line":147},"35":{"loc":{"start":{"line":149,"column":6},"end":{"line":149,"column":45}},"type":"if","locations":[{"start":{"line":149,"column":6},"end":{"line":149,"column":45}},{"start":{"line":149,"column":6},"end":{"line":149,"column":45}}],"line":149},"36":{"loc":{"start":{"line":153,"column":2},"end":{"line":153,"column":80}},"type":"if","locations":[{"start":{"line":153,"column":2},"end":{"line":153,"column":80}},{"start":{"line":153,"column":2},"end":{"line":153,"column":80}}],"line":153},"37":{"loc":{"start":{"line":154,"column":2},"end":{"line":154,"column":121}},"type":"if","locations":[{"start":{"line":154,"column":2},"end":{"line":154,"column":121}},{"start":{"line":154,"column":2},"end":{"line":154,"column":121}}],"line":154},"38":{"loc":{"start":{"line":154,"column":6},"end":{"line":154,"column":73}},"type":"binary-expr","locations":[{"start":{"line":154,"column":6},"end":{"line":154,"column":32}},{"start":{"line":154,"column":36},"end":{"line":154,"column":73}}],"line":154},"39":{"loc":{"start":{"line":155,"column":2},"end":{"line":155,"column":77}},"type":"if","locations":[{"start":{"line":155,"column":2},"end":{"line":155,"column":77}},{"start":{"line":155,"column":2},"end":{"line":155,"column":77}}],"line":155},"40":{"loc":{"start":{"line":170,"column":34},"end":{"line":170,"column":50}},"type":"default-arg","locations":[{"start":{"line":170,"column":46},"end":{"line":170,"column":50}}],"line":170},"41":{"loc":{"start":{"line":171,"column":2},"end":{"line":174,"column":3}},"type":"if","locations":[{"start":{"line":171,"column":2},"end":{"line":174,"column":3}},{"start":{"line":171,"column":2},"end":{"line":174,"column":3}}],"line":171},"42":{"loc":{"start":{"line":177,"column":42},"end":{"line":177,"column":58}},"type":"default-arg","locations":[{"start":{"line":177,"column":54},"end":{"line":177,"column":58}}],"line":177},"43":{"loc":{"start":{"line":178,"column":2},"end":{"line":184,"column":3}},"type":"if","locations":[{"start":{"line":178,"column":2},"end":{"line":184,"column":3}},{"start":{"line":178,"column":2},"end":{"line":184,"column":3}}],"line":178},"44":{"loc":{"start":{"line":198,"column":79},"end":{"line":198,"column":95}},"type":"default-arg","locations":[{"start":{"line":198,"column":91},"end":{"line":198,"column":95}}],"line":198},"45":{"loc":{"start":{"line":207,"column":2},"end":{"line":207,"column":51}},"type":"if","locations":[{"start":{"line":207,"column":2},"end":{"line":207,"column":51}},{"start":{"line":207,"column":2},"end":{"line":207,"column":51}}],"line":207},"46":{"loc":{"start":{"line":210,"column":4},"end":{"line":210,"column":43}},"type":"if","locations":[{"start":{"line":210,"column":4},"end":{"line":210,"column":43}},{"start":{"line":210,"column":4},"end":{"line":210,"column":43}}],"line":210},"47":{"loc":{"start":{"line":226,"column":2},"end":{"line":229,"column":3}},"type":"if","locations":[{"start":{"line":226,"column":2},"end":{"line":229,"column":3}},{"start":{"line":226,"column":2},"end":{"line":229,"column":3}}],"line":226},"48":{"loc":{"start":{"line":227,"column":4},"end":{"line":227,"column":71}},"type":"if","locations":[{"start":{"line":227,"column":4},"end":{"line":227,"column":71}},{"start":{"line":227,"column":4},"end":{"line":227,"column":71}}],"line":227},"49":{"loc":{"start":{"line":228,"column":4},"end":{"line":228,"column":68}},"type":"if","locations":[{"start":{"line":228,"column":4},"end":{"line":228,"column":68}},{"start":{"line":228,"column":4},"end":{"line":228,"column":68}}],"line":228},"50":{"loc":{"start":{"line":231,"column":2},"end":{"line":237,"column":3}},"type":"if","locations":[{"start":{"line":231,"column":2},"end":{"line":237,"column":3}},{"start":{"line":231,"column":2},"end":{"line":237,"column":3}}],"line":231},"51":{"loc":{"start":{"line":233,"column":9},"end":{"line":237,"column":3}},"type":"if","locations":[{"start":{"line":233,"column":9},"end":{"line":237,"column":3}},{"start":{"line":233,"column":9},"end":{"line":237,"column":3}}],"line":233},"52":{"loc":{"start":{"line":235,"column":9},"end":{"line":237,"column":3}},"type":"if","locations":[{"start":{"line":235,"column":9},"end":{"line":237,"column":3}},{"start":{"line":235,"column":9},"end":{"line":237,"column":3}}],"line":235},"53":{"loc":{"start":{"line":239,"column":2},"end":{"line":239,"column":78}},"type":"if","locations":[{"start":{"line":239,"column":2},"end":{"line":239,"column":78}},{"start":{"line":239,"column":2},"end":{"line":239,"column":78}}],"line":239},"54":{"loc":{"start":{"line":247,"column":2},"end":{"line":250,"column":3}},"type":"if","locations":[{"start":{"line":247,"column":2},"end":{"line":250,"column":3}},{"start":{"line":247,"column":2},"end":{"line":250,"column":3}}],"line":247},"55":{"loc":{"start":{"line":264,"column":4},"end":{"line":266,"column":39}},"type":"binary-expr","locations":[{"start":{"line":264,"column":4},"end":{"line":264,"column":47}},{"start":{"line":265,"column":4},"end":{"line":265,"column":41}},{"start":{"line":266,"column":4},"end":{"line":266,"column":39}}],"line":264},"56":{"loc":{"start":{"line":271,"column":2},"end":{"line":271,"column":46}},"type":"if","locations":[{"start":{"line":271,"column":2},"end":{"line":271,"column":46}},{"start":{"line":271,"column":2},"end":{"line":271,"column":46}}],"line":271},"57":{"loc":{"start":{"line":311,"column":2},"end":{"line":311,"column":30}},"type":"if","locations":[{"start":{"line":311,"column":2},"end":{"line":311,"column":30}},{"start":{"line":311,"column":2},"end":{"line":311,"column":30}}],"line":311},"58":{"loc":{"start":{"line":313,"column":2},"end":{"line":318,"column":3}},"type":"if","locations":[{"start":{"line":313,"column":2},"end":{"line":318,"column":3}},{"start":{"line":313,"column":2},"end":{"line":318,"column":3}}],"line":313},"59":{"loc":{"start":{"line":313,"column":6},"end":{"line":313,"column":41}},"type":"binary-expr","locations":[{"start":{"line":313,"column":6},"end":{"line":313,"column":23}},{"start":{"line":313,"column":27},"end":{"line":313,"column":41}}],"line":313},"60":{"loc":{"start":{"line":334,"column":2},"end":{"line":334,"column":77}},"type":"if","locations":[{"start":{"line":334,"column":2},"end":{"line":334,"column":77}},{"start":{"line":334,"column":2},"end":{"line":334,"column":77}}],"line":334},"61":{"loc":{"start":{"line":346,"column":4},"end":{"line":348,"column":5}},"type":"if","locations":[{"start":{"line":346,"column":4},"end":{"line":348,"column":5}},{"start":{"line":346,"column":4},"end":{"line":348,"column":5}}],"line":346}},"s":{"0":1,"1":1,"2":1,"3":4,"4":4,"5":20,"6":20,"7":20,"8":4,"9":0,"10":0,"11":0,"12":0,"13":0,"14":0,"15":9,"16":9,"17":0,"18":0,"19":0,"20":0,"21":0,"22":0,"23":0,"24":0,"25":0,"26":0,"27":0,"28":0,"29":0,"30":0,"31":0,"32":0,"33":0,"34":0,"35":0,"36":0,"37":0,"38":0,"39":0,"40":0,"41":0,"42":0,"43":0,"44":0,"45":0,"46":0,"47":0,"48":0,"49":6,"50":0,"51":6,"52":6,"53":6,"54":3,"55":3,"56":3,"57":3,"58":3,"59":0,"60":0,"61":0,"62":0,"63":0,"64":6,"65":0,"66":6,"67":6,"68":6,"69":6,"70":4,"71":6,"72":4,"73":5,"74":0,"75":4,"76":6,"77":4,"78":6,"79":0,"80":6,"81":0,"82":6,"83":6,"84":6,"85":10,"86":10,"87":19,"88":10,"89":1,"90":1,"91":1,"92":1,"93":1,"94":6,"95":1,"96":1,"97":4,"98":4,"99":4,"100":4,"101":4,"102":4,"103":0,"104":4,"105":3,"106":0,"107":4,"108":4,"109":4,"110":0,"111":0,"112":0,"113":0,"114":4,"115":2,"116":2,"117":1,"118":1,"119":1,"120":4,"121":4,"122":0,"123":2,"124":2,"125":2,"126":2,"127":1,"128":0,"129":0,"130":0,"131":0,"132":0,"133":0,"134":0,"135":0,"136":4,"137":4,"138":4,"139":4,"140":4,"141":4,"142":2,"143":2,"144":2,"145":2,"146":2,"147":2,"148":1,"149":0,"150":1,"151":1,"152":0,"153":0,"154":0,"155":0,"156":1,"157":1,"158":1,"159":1,"160":2,"161":2,"162":1,"163":1,"164":2,"165":2,"166":2,"167":0,"168":2,"169":0,"170":0,"171":0,"172":0,"173":0,"174":6,"175":7,"176":7},"f":{"0":4,"1":0,"2":9,"3":0,"4":0,"5":0,"6":0,"7":0,"8":0,"9":0,"10":0,"11":0,"12":0,"13":6,"14":0,"15":0,"16":0,"17":6,"18":5,"19":10,"20":1,"21":1,"22":4,"23":4,"24":3,"25":2,"26":1,"27":0,"28":0,"29":4,"30":2,"31":1,"32":2,"33":0,"34":6,"35":7},"b":{"0":[4],"1":[20,0],"2":[20,20],"3":[0],"4":[0,0],"5":[0,0],"6":[9],"7":[9,0],"8":[0],"9":[0],"10":[0],"11":[0],"12":[0,0],"13":[0],"14":[0],"15":[0],"16":[0],"17":[0],"18":[0,0],"19":[0],"20":[0,0],"21":[0,0],"22":[6],"23":[0,6],"24":[6,6],"25":[3,3],"26":[0],"27":[0],"28":[0,0],"29":[0],"30":[0,6],"31":[6,0],"32":[4,2],"33":[6,4],"34":[4,2],"35":[0,5],"36":[4,2],"37":[0,6],"38":[6,0],"39":[0,6],"40":[1],"41":[1,0],"42":[1],"43":[1,0],"44":[4],"45":[0,4],"46":[0,3],"47":[0,4],"48":[0,0],"49":[0,0],"50":[2,2],"51":[1,1],"52":[1,0],"53":[4,0],"54":[2,0],"55":[0,0,0],"56":[0,0],"57":[0,1],"58":[0,1],"59":[1,1],"60":[0,2],"61":[0,0]},"_coverageSchema":"1a1c01bbd47fc00a2c39e90264f33305004495a9","hash":"11e52058908faaf64d98631382b1e0af2593818e"}
,"E:\\UCSD\\CSE 110\\cse110-sp21-group9\\source\\frontend\\globals.js": {"path":"E:\\UCSD\\CSE 110\\cse110-sp21-group9\\source\\frontend\\globals.js","statementMap":{"0":{"start":{"line":1,"column":30},"end":{"line":1,"column":108}},"1":{"start":{"line":2,"column":31},"end":{"line":2,"column":80}},"2":{"start":{"line":3,"column":32},"end":{"line":16,"column":1}}},"fnMap":{},"branchMap":{},"s":{"0":1,"1":1,"2":1},"f":{},"b":{},"_coverageSchema":"1a1c01bbd47fc00a2c39e90264f33305004495a9","hash":"b6ef656bc20643369dd4a932e0bb92f777d1f39f"}
,"E:\\UCSD\\CSE 110\\cse110-sp21-group9\\source\\frontend\\utils.js": {"path":"E:\\UCSD\\CSE 110\\cse110-sp21-group9\\source\\frontend\\utils.js","statementMap":{"0":{"start":{"line":1,"column":32},"end":{"line":14,"column":3}},"1":{"start":{"line":16,"column":32},"end":{"line":16,"column":81}},"2":{"start":{"line":17,"column":31},"end":{"line":17,"column":109}},"3":{"start":{"line":20,"column":2},"end":{"line":24,"column":3}},"4":{"start":{"line":21,"column":4},"end":{"line":21,"column":43}},"5":{"start":{"line":23,"column":4},"end":{"line":23,"column":55}},"6":{"start":{"line":28,"column":19},"end":{"line":28,"column":34}},"7":{"start":{"line":29,"column":2},"end":{"line":34,"column":3}},"8":{"start":{"line":30,"column":4},"end":{"line":30,"column":62}},"9":{"start":{"line":31,"column":4},"end":{"line":31,"column":73}},"10":{"start":{"line":33,"column":4},"end":{"line":33,"column":93}},"11":{"start":{"line":38,"column":2},"end":{"line":38,"column":44}},"12":{"start":{"line":42,"column":14},"end":{"line":42,"column":42}},"13":{"start":{"line":43,"column":2},"end":{"line":43,"column":22}},"14":{"start":{"line":47,"column":16},"end":{"line":47,"column":37}},"15":{"start":{"line":48,"column":4},"end":{"line":48,"column":20}},"16":{"start":{"line":49,"column":4},"end":{"line":49,"column":38}}},"fnMap":{"0":{"name":"hashString","decl":{"start":{"line":19,"column":16},"end":{"line":19,"column":26}},"loc":{"start":{"line":19,"column":58},"end":{"line":25,"column":1}},"line":19},"1":{"name":"readHash","decl":{"start":{"line":27,"column":16},"end":{"line":27,"column":24}},"loc":{"start":{"line":27,"column":31},"end":{"line":35,"column":1}},"line":27},"2":{"name":"daysInMonth","decl":{"start":{"line":37,"column":16},"end":{"line":37,"column":27}},"loc":{"start":{"line":37,"column":41},"end":{"line":39,"column":1}},"line":37},"3":{"name":"startDate","decl":{"start":{"line":41,"column":16},"end":{"line":41,"column":25}},"loc":{"start":{"line":41,"column":39},"end":{"line":44,"column":1}},"line":41},"4":{"name":"updateURL","decl":{"start":{"line":46,"column":16},"end":{"line":46,"column":25}},"loc":{"start":{"line":46,"column":32},"end":{"line":50,"column":1}},"line":46}},"branchMap":{"0":{"loc":{"start":{"line":19,"column":46},"end":{"line":19,"column":56}},"type":"default-arg","locations":[{"start":{"line":19,"column":52},"end":{"line":19,"column":56}}],"line":19},"1":{"loc":{"start":{"line":20,"column":2},"end":{"line":24,"column":3}},"type":"if","locations":[{"start":{"line":20,"column":2},"end":{"line":24,"column":3}},{"start":{"line":20,"column":2},"end":{"line":24,"column":3}}],"line":20},"2":{"loc":{"start":{"line":29,"column":2},"end":{"line":34,"column":3}},"type":"if","locations":[{"start":{"line":29,"column":2},"end":{"line":34,"column":3}},{"start":{"line":29,"column":2},"end":{"line":34,"column":3}}],"line":29}},"s":{"0":1,"1":1,"2":1,"3":1,"4":0,"5":1,"6":1,"7":1,"8":0,"9":0,"10":1,"11":0,"12":0,"13":0,"14":0,"15":0,"16":0},"f":{"0":1,"1":1,"2":0,"3":0,"4":0},"b":{"0":[0],"1":[0,1],"2":[0,1]},"_coverageSchema":"1a1c01bbd47fc00a2c39e90264f33305004495a9","hash":"e64e428518e5696c4af2a1792cfd055a540d77fd"}
,"E:\\UCSD\\CSE 110\\cse110-sp21-group9\\source\\frontend\\app\\page-day\\day.js": {"path":"E:\\UCSD\\CSE 110\\cse110-sp21-group9\\source\\frontend\\app\\page-day\\day.js","statementMap":{"0":{"start":{"line":8,"column":25},"end":{"line":8,"column":27}},"1":{"start":{"line":9,"column":23},"end":{"line":9,"column":25}},"2":{"start":{"line":11,"column":22},"end":{"line":11,"column":59}},"3":{"start":{"line":14,"column":15},"end":{"line":14,"column":51}},"4":{"start":{"line":15,"column":19},"end":{"line":15,"column":51}},"5":{"start":{"line":16,"column":18},"end":{"line":16,"column":49}},"6":{"start":{"line":17,"column":21},"end":{"line":17,"column":62}},"7":{"start":{"line":18,"column":18},"end":{"line":18,"column":49}},"8":{"start":{"line":19,"column":18},"end":{"line":19,"column":49}},"9":{"start":{"line":20,"column":20},"end":{"line":20,"column":51}},"10":{"start":{"line":21,"column":21},"end":{"line":21,"column":59}},"11":{"start":{"line":23,"column":16},"end":{"line":23,"column":50}},"12":{"start":{"line":24,"column":18},"end":{"line":24,"column":54}},"13":{"start":{"line":27,"column":19},"end":{"line":27,"column":58}},"14":{"start":{"line":28,"column":19},"end":{"line":28,"column":55}},"15":{"start":{"line":31,"column":24},"end":{"line":31,"column":60}},"16":{"start":{"line":32,"column":20},"end":{"line":32,"column":54}},"17":{"start":{"line":33,"column":16},"end":{"line":33,"column":50}},"18":{"start":{"line":36,"column":19},"end":{"line":36,"column":56}},"19":{"start":{"line":37,"column":17},"end":{"line":37,"column":55}},"20":{"start":{"line":38,"column":18},"end":{"line":38,"column":54}},"21":{"start":{"line":39,"column":17},"end":{"line":39,"column":52}},"22":{"start":{"line":40,"column":17},"end":{"line":40,"column":52}},"23":{"start":{"line":41,"column":20},"end":{"line":41,"column":65}},"24":{"start":{"line":42,"column":24},"end":{"line":42,"column":59}},"25":{"start":{"line":43,"column":25},"end":{"line":43,"column":66}},"26":{"start":{"line":46,"column":21},"end":{"line":46,"column":57}},"27":{"start":{"line":48,"column":18},"end":{"line":48,"column":20}},"28":{"start":{"line":51,"column":0},"end":{"line":56,"column":1}},"29":{"start":{"line":52,"column":14},"end":{"line":52,"column":35}},"30":{"start":{"line":53,"column":15},"end":{"line":53,"column":25}},"31":{"start":{"line":54,"column":2},"end":{"line":54,"column":92}},"32":{"start":{"line":55,"column":2},"end":{"line":55,"column":36}},"33":{"start":{"line":59,"column":17},"end":{"line":59,"column":55}},"34":{"start":{"line":60,"column":18},"end":{"line":60,"column":63}},"35":{"start":{"line":61,"column":16},"end":{"line":61,"column":57}},"36":{"start":{"line":64,"column":0},"end":{"line":64,"column":81}},"37":{"start":{"line":65,"column":0},"end":{"line":65,"column":56}},"38":{"start":{"line":68,"column":0},"end":{"line":68,"column":40}},"39":{"start":{"line":69,"column":0},"end":{"line":69,"column":39}},"40":{"start":{"line":70,"column":0},"end":{"line":70,"column":35}},"41":{"start":{"line":73,"column":0},"end":{"line":73,"column":23}},"42":{"start":{"line":74,"column":0},"end":{"line":74,"column":11}},"43":{"start":{"line":77,"column":0},"end":{"line":82,"column":1}},"44":{"start":{"line":77,"column":13},"end":{"line":77,"column":14}},"45":{"start":{"line":78,"column":19},"end":{"line":78,"column":43}},"46":{"start":{"line":79,"column":2},"end":{"line":79,"column":37}},"47":{"start":{"line":81,"column":2},"end":{"line":81,"column":67}},"48":{"start":{"line":84,"column":0},"end":{"line":84,"column":14}},"49":{"start":{"line":87,"column":21},"end":{"line":87,"column":37}},"50":{"start":{"line":88,"column":19},"end":{"line":88,"column":48}},"51":{"start":{"line":89,"column":19},"end":{"line":89,"column":54}},"52":{"start":{"line":90,"column":21},"end":{"line":90,"column":49}},"53":{"start":{"line":91,"column":2},"end":{"line":91,"column":48}},"54":{"start":{"line":93,"column":2},"end":{"line":93,"column":33}},"55":{"start":{"line":94,"column":2},"end":{"line":94,"column":35}},"56":{"start":{"line":95,"column":2},"end":{"line":95,"column":35}},"57":{"start":{"line":97,"column":2},"end":{"line":97,"column":18}},"58":{"start":{"line":103,"column":10},"end":{"line":103,"column":42}},"59":{"start":{"line":104,"column":0},"end":{"line":104,"column":14}},"60":{"start":{"line":105,"column":0},"end":{"line":105,"column":24}},"61":{"start":{"line":106,"column":0},"end":{"line":106,"column":27}},"62":{"start":{"line":107,"column":0},"end":{"line":112,"column":1}},"63":{"start":{"line":107,"column":13},"end":{"line":107,"column":14}},"64":{"start":{"line":108,"column":2},"end":{"line":108,"column":41}},"65":{"start":{"line":109,"column":2},"end":{"line":109,"column":16}},"66":{"start":{"line":110,"column":2},"end":{"line":110,"column":28}},"67":{"start":{"line":111,"column":2},"end":{"line":111,"column":29}},"68":{"start":{"line":114,"column":0},"end":{"line":114,"column":39}},"69":{"start":{"line":115,"column":0},"end":{"line":115,"column":14}},"70":{"start":{"line":116,"column":0},"end":{"line":116,"column":24}},"71":{"start":{"line":117,"column":0},"end":{"line":117,"column":26}},"72":{"start":{"line":118,"column":0},"end":{"line":123,"column":1}},"73":{"start":{"line":118,"column":13},"end":{"line":118,"column":14}},"74":{"start":{"line":119,"column":2},"end":{"line":119,"column":41}},"75":{"start":{"line":120,"column":2},"end":{"line":120,"column":16}},"76":{"start":{"line":121,"column":2},"end":{"line":121,"column":28}},"77":{"start":{"line":122,"column":2},"end":{"line":122,"column":28}},"78":{"start":{"line":126,"column":0},"end":{"line":142,"column":2}},"79":{"start":{"line":127,"column":2},"end":{"line":127,"column":34}},"80":{"start":{"line":129,"column":2},"end":{"line":129,"column":24}},"81":{"start":{"line":130,"column":2},"end":{"line":130,"column":28}},"82":{"start":{"line":131,"column":2},"end":{"line":131,"column":28}},"83":{"start":{"line":132,"column":2},"end":{"line":132,"column":24}},"84":{"start":{"line":133,"column":2},"end":{"line":133,"column":25}},"85":{"start":{"line":136,"column":2},"end":{"line":136,"column":34}},"86":{"start":{"line":139,"column":2},"end":{"line":141,"column":3}},"87":{"start":{"line":140,"column":4},"end":{"line":140,"column":54}},"88":{"start":{"line":145,"column":0},"end":{"line":175,"column":2}},"89":{"start":{"line":148,"column":2},"end":{"line":151,"column":3}},"90":{"start":{"line":149,"column":4},"end":{"line":149,"column":28}},"91":{"start":{"line":150,"column":4},"end":{"line":150,"column":17}},"92":{"start":{"line":153,"column":21},"end":{"line":153,"column":36}},"93":{"start":{"line":154,"column":15},"end":{"line":154,"column":56}},"94":{"start":{"line":155,"column":21},"end":{"line":155,"column":100}},"95":{"start":{"line":158,"column":21},"end":{"line":158,"column":23}},"96":{"start":{"line":159,"column":19},"end":{"line":159,"column":55}},"97":{"start":{"line":160,"column":2},"end":{"line":166,"column":3}},"98":{"start":{"line":161,"column":4},"end":{"line":165,"column":5}},"99":{"start":{"line":161,"column":17},"end":{"line":161,"column":18}},"100":{"start":{"line":162,"column":21},"end":{"line":162,"column":62}},"101":{"start":{"line":163,"column":6},"end":{"line":163,"column":30}},"102":{"start":{"line":164,"column":6},"end":{"line":164,"column":27}},"103":{"start":{"line":169,"column":20},"end":{"line":169,"column":111}},"104":{"start":{"line":170,"column":21},"end":{"line":170,"column":53}},"105":{"start":{"line":171,"column":2},"end":{"line":171,"column":37}},"106":{"start":{"line":174,"column":2},"end":{"line":174,"column":34}},"107":{"start":{"line":182,"column":20},"end":{"line":182,"column":52}},"108":{"start":{"line":183,"column":19},"end":{"line":183,"column":55}},"109":{"start":{"line":184,"column":18},"end":{"line":184,"column":53}},"110":{"start":{"line":185,"column":18},"end":{"line":185,"column":53}},"111":{"start":{"line":186,"column":18},"end":{"line":186,"column":53}},"112":{"start":{"line":187,"column":21},"end":{"line":187,"column":56}},"113":{"start":{"line":188,"column":17},"end":{"line":188,"column":52}},"114":{"start":{"line":190,"column":2},"end":{"line":190,"column":43}},"115":{"start":{"line":192,"column":2},"end":{"line":192,"column":39}},"116":{"start":{"line":193,"column":2},"end":{"line":193,"column":91}},"117":{"start":{"line":194,"column":2},"end":{"line":194,"column":57}},"118":{"start":{"line":195,"column":2},"end":{"line":195,"column":43}},"119":{"start":{"line":196,"column":2},"end":{"line":196,"column":37}},"120":{"start":{"line":197,"column":2},"end":{"line":197,"column":39}},"121":{"start":{"line":199,"column":2},"end":{"line":199,"column":33}},"122":{"start":{"line":210,"column":2},"end":{"line":214,"column":3}},"123":{"start":{"line":211,"column":4},"end":{"line":213,"column":5}},"124":{"start":{"line":212,"column":6},"end":{"line":212,"column":48}},"125":{"start":{"line":217,"column":2},"end":{"line":219,"column":3}},"126":{"start":{"line":218,"column":4},"end":{"line":218,"column":48}},"127":{"start":{"line":222,"column":24},"end":{"line":226,"column":4}},"128":{"start":{"line":227,"column":2},"end":{"line":240,"column":3}},"129":{"start":{"line":228,"column":17},"end":{"line":228,"column":39}},"130":{"start":{"line":229,"column":4},"end":{"line":239,"column":5}},"131":{"start":{"line":231,"column":6},"end":{"line":234,"column":7}},"132":{"start":{"line":232,"column":26},"end":{"line":232,"column":55}},"133":{"start":{"line":233,"column":8},"end":{"line":233,"column":42}},"134":{"start":{"line":237,"column":24},"end":{"line":237,"column":53}},"135":{"start":{"line":238,"column":6},"end":{"line":238,"column":34}},"136":{"start":{"line":248,"column":21},"end":{"line":248,"column":44}},"137":{"start":{"line":249,"column":21},"end":{"line":249,"column":55}},"138":{"start":{"line":250,"column":2},"end":{"line":250,"column":26}},"139":{"start":{"line":253,"column":21},"end":{"line":253,"column":54}},"140":{"start":{"line":254,"column":2},"end":{"line":292,"column":3}},"141":{"start":{"line":254,"column":15},"end":{"line":254,"column":16}},"142":{"start":{"line":255,"column":17},"end":{"line":255,"column":30}},"143":{"start":{"line":257,"column":4},"end":{"line":261,"column":5}},"144":{"start":{"line":257,"column":17},"end":{"line":257,"column":18}},"145":{"start":{"line":258,"column":6},"end":{"line":260,"column":7}},"146":{"start":{"line":259,"column":8},"end":{"line":259,"column":22}},"147":{"start":{"line":263,"column":4},"end":{"line":291,"column":5}},"148":{"start":{"line":264,"column":6},"end":{"line":264,"column":15}},"149":{"start":{"line":267,"column":6},"end":{"line":267,"column":26}},"150":{"start":{"line":269,"column":21},"end":{"line":269,"column":50}},"151":{"start":{"line":270,"column":6},"end":{"line":270,"column":37}},"152":{"start":{"line":271,"column":18},"end":{"line":271,"column":46}},"153":{"start":{"line":272,"column":6},"end":{"line":272,"column":29}},"154":{"start":{"line":273,"column":6},"end":{"line":273,"column":30}},"155":{"start":{"line":276,"column":21},"end":{"line":276,"column":53}},"156":{"start":{"line":277,"column":6},"end":{"line":277,"column":32}},"157":{"start":{"line":278,"column":6},"end":{"line":278,"column":28}},"158":{"start":{"line":279,"column":6},"end":{"line":279,"column":97}},"159":{"start":{"line":282,"column":27},"end":{"line":282,"column":88}},"160":{"start":{"line":283,"column":6},"end":{"line":283,"column":58}},"161":{"start":{"line":284,"column":6},"end":{"line":289,"column":9}},"162":{"start":{"line":285,"column":8},"end":{"line":285,"column":46}},"163":{"start":{"line":286,"column":8},"end":{"line":286,"column":44}},"164":{"start":{"line":287,"column":8},"end":{"line":287,"column":39}},"165":{"start":{"line":288,"column":8},"end":{"line":288,"column":22}},"166":{"start":{"line":290,"column":6},"end":{"line":290,"column":37}},"167":{"start":{"line":295,"column":0},"end":{"line":307,"column":3}},"168":{"start":{"line":296,"column":2},"end":{"line":305,"column":3}},"169":{"start":{"line":298,"column":4},"end":{"line":298,"column":31}},"170":{"start":{"line":299,"column":4},"end":{"line":299,"column":23}},"171":{"start":{"line":300,"column":4},"end":{"line":300,"column":38}},"172":{"start":{"line":301,"column":9},"end":{"line":305,"column":3}},"173":{"start":{"line":302,"column":4},"end":{"line":302,"column":18}},"174":{"start":{"line":303,"column":9},"end":{"line":305,"column":3}},"175":{"start":{"line":304,"column":4},"end":{"line":304,"column":39}},"176":{"start":{"line":310,"column":0},"end":{"line":313,"column":3}},"177":{"start":{"line":312,"column":2},"end":{"line":312,"column":36}},"178":{"start":{"line":316,"column":0},"end":{"line":324,"column":3}},"179":{"start":{"line":318,"column":2},"end":{"line":323,"column":3}},"180":{"start":{"line":320,"column":4},"end":{"line":320,"column":34}},"181":{"start":{"line":321,"column":4},"end":{"line":321,"column":15}},"182":{"start":{"line":322,"column":4},"end":{"line":322,"column":23}},"183":{"start":{"line":332,"column":21},"end":{"line":332,"column":44}},"184":{"start":{"line":335,"column":2},"end":{"line":337,"column":3}},"185":{"start":{"line":336,"column":4},"end":{"line":336,"column":48}},"186":{"start":{"line":340,"column":21},"end":{"line":340,"column":53}},"187":{"start":{"line":341,"column":2},"end":{"line":341,"column":31}},"188":{"start":{"line":342,"column":2},"end":{"line":342,"column":39}},"189":{"start":{"line":343,"column":2},"end":{"line":343,"column":36}},"190":{"start":{"line":344,"column":2},"end":{"line":344,"column":25}},"191":{"start":{"line":345,"column":2},"end":{"line":353,"column":3}},"192":{"start":{"line":345,"column":15},"end":{"line":345,"column":16}},"193":{"start":{"line":346,"column":19},"end":{"line":346,"column":32}},"194":{"start":{"line":348,"column":19},"end":{"line":348,"column":51}},"195":{"start":{"line":349,"column":4},"end":{"line":349,"column":30}},"196":{"start":{"line":350,"column":4},"end":{"line":350,"column":26}},"197":{"start":{"line":351,"column":4},"end":{"line":351,"column":24}},"198":{"start":{"line":352,"column":4},"end":{"line":352,"column":34}},"199":{"start":{"line":364,"column":17},"end":{"line":364,"column":46}},"200":{"start":{"line":365,"column":2},"end":{"line":365,"column":33}},"201":{"start":{"line":366,"column":18},"end":{"line":366,"column":46}},"202":{"start":{"line":367,"column":2},"end":{"line":367,"column":30}},"203":{"start":{"line":370,"column":2},"end":{"line":370,"column":48}},"204":{"start":{"line":372,"column":23},"end":{"line":372,"column":83}},"205":{"start":{"line":373,"column":2},"end":{"line":373,"column":54}},"206":{"start":{"line":374,"column":2},"end":{"line":376,"column":5}},"207":{"start":{"line":375,"column":4},"end":{"line":375,"column":33}},"208":{"start":{"line":379,"column":2},"end":{"line":379,"column":31}},"209":{"start":{"line":386,"column":0},"end":{"line":400,"column":3}},"210":{"start":{"line":387,"column":2},"end":{"line":399,"column":3}},"211":{"start":{"line":389,"column":24},"end":{"line":389,"column":59}},"212":{"start":{"line":390,"column":4},"end":{"line":395,"column":5}},"213":{"start":{"line":391,"column":6},"end":{"line":394,"column":7}},"214":{"start":{"line":392,"column":8},"end":{"line":392,"column":38}},"215":{"start":{"line":393,"column":8},"end":{"line":393,"column":15}},"216":{"start":{"line":397,"column":4},"end":{"line":397,"column":48}},"217":{"start":{"line":398,"column":4},"end":{"line":398,"column":34}},"218":{"start":{"line":402,"column":0},"end":{"line":415,"column":3}},"219":{"start":{"line":403,"column":2},"end":{"line":414,"column":3}},"220":{"start":{"line":405,"column":24},"end":{"line":405,"column":63}},"221":{"start":{"line":406,"column":4},"end":{"line":411,"column":5}},"222":{"start":{"line":407,"column":6},"end":{"line":410,"column":7}},"223":{"start":{"line":408,"column":8},"end":{"line":408,"column":42}},"224":{"start":{"line":409,"column":8},"end":{"line":409,"column":15}},"225":{"start":{"line":413,"column":4},"end":{"line":413,"column":56}},"226":{"start":{"line":422,"column":2},"end":{"line":422,"column":37}},"227":{"start":{"line":423,"column":2},"end":{"line":427,"column":4}},"228":{"start":{"line":424,"column":4},"end":{"line":424,"column":40}},"229":{"start":{"line":425,"column":4},"end":{"line":425,"column":23}},"230":{"start":{"line":426,"column":4},"end":{"line":426,"column":39}},"231":{"start":{"line":436,"column":2},"end":{"line":436,"column":35}},"232":{"start":{"line":437,"column":22},"end":{"line":437,"column":54}},"233":{"start":{"line":438,"column":19},"end":{"line":438,"column":46}},"234":{"start":{"line":440,"column":2},"end":{"line":440,"column":38}},"235":{"start":{"line":441,"column":2},"end":{"line":441,"column":42}},"236":{"start":{"line":442,"column":2},"end":{"line":448,"column":3}},"237":{"start":{"line":443,"column":4},"end":{"line":443,"column":35}},"238":{"start":{"line":444,"column":4},"end":{"line":444,"column":26}},"239":{"start":{"line":446,"column":4},"end":{"line":446,"column":30}},"240":{"start":{"line":447,"column":4},"end":{"line":447,"column":26}},"241":{"start":{"line":451,"column":2},"end":{"line":451,"column":38}},"242":{"start":{"line":454,"column":2},"end":{"line":456,"column":3}},"243":{"start":{"line":455,"column":4},"end":{"line":455,"column":62}},"244":{"start":{"line":459,"column":2},"end":{"line":461,"column":3}},"245":{"start":{"line":460,"column":4},"end":{"line":460,"column":38}},"246":{"start":{"line":463,"column":2},"end":{"line":501,"column":4}},"247":{"start":{"line":467,"column":4},"end":{"line":470,"column":5}},"248":{"start":{"line":468,"column":6},"end":{"line":468,"column":30}},"249":{"start":{"line":469,"column":6},"end":{"line":469,"column":19}},"250":{"start":{"line":472,"column":21},"end":{"line":472,"column":36}},"251":{"start":{"line":473,"column":23},"end":{"line":473,"column":40}},"252":{"start":{"line":474,"column":21},"end":{"line":474,"column":60}},"253":{"start":{"line":475,"column":20},"end":{"line":475,"column":56}},"254":{"start":{"line":476,"column":4},"end":{"line":476,"column":31}},"255":{"start":{"line":479,"column":23},"end":{"line":479,"column":25}},"256":{"start":{"line":480,"column":21},"end":{"line":480,"column":61}},"257":{"start":{"line":481,"column":4},"end":{"line":487,"column":5}},"258":{"start":{"line":482,"column":6},"end":{"line":486,"column":7}},"259":{"start":{"line":482,"column":19},"end":{"line":482,"column":20}},"260":{"start":{"line":483,"column":23},"end":{"line":483,"column":64}},"261":{"start":{"line":484,"column":8},"end":{"line":484,"column":32}},"262":{"start":{"line":485,"column":8},"end":{"line":485,"column":29}},"263":{"start":{"line":490,"column":22},"end":{"line":490,"column":129}},"264":{"start":{"line":493,"column":4},"end":{"line":498,"column":5}},"265":{"start":{"line":494,"column":6},"end":{"line":494,"column":84}},"266":{"start":{"line":496,"column":6},"end":{"line":496,"column":49}},"267":{"start":{"line":497,"column":6},"end":{"line":497,"column":72}},"268":{"start":{"line":500,"column":4},"end":{"line":500,"column":37}},"269":{"start":{"line":512,"column":21},"end":{"line":512,"column":53}},"270":{"start":{"line":513,"column":19},"end":{"line":513,"column":51}},"271":{"start":{"line":515,"column":2},"end":{"line":515,"column":30}},"272":{"start":{"line":516,"column":2},"end":{"line":516,"column":34}},"273":{"start":{"line":517,"column":2},"end":{"line":517,"column":35}},"274":{"start":{"line":518,"column":2},"end":{"line":518,"column":32}},"275":{"start":{"line":520,"column":2},"end":{"line":520,"column":20}},"276":{"start":{"line":528,"column":19},"end":{"line":528,"column":47}},"277":{"start":{"line":529,"column":21},"end":{"line":529,"column":50}},"278":{"start":{"line":530,"column":21},"end":{"line":530,"column":50}},"279":{"start":{"line":531,"column":22},"end":{"line":531,"column":52}},"280":{"start":{"line":533,"column":18},"end":{"line":533,"column":48}},"281":{"start":{"line":534,"column":2},"end":{"line":534,"column":35}},"282":{"start":{"line":536,"column":2},"end":{"line":536,"column":29}},"283":{"start":{"line":537,"column":2},"end":{"line":537,"column":38}},"284":{"start":{"line":539,"column":2},"end":{"line":539,"column":42}},"285":{"start":{"line":540,"column":2},"end":{"line":540,"column":43}},"286":{"start":{"line":541,"column":2},"end":{"line":541,"column":40}},"287":{"start":{"line":543,"column":2},"end":{"line":547,"column":3}},"288":{"start":{"line":544,"column":21},"end":{"line":544,"column":52}},"289":{"start":{"line":545,"column":4},"end":{"line":545,"column":46}},"290":{"start":{"line":546,"column":4},"end":{"line":546,"column":37}},"291":{"start":{"line":550,"column":2},"end":{"line":550,"column":38}},"292":{"start":{"line":551,"column":2},"end":{"line":551,"column":34}},"293":{"start":{"line":554,"column":2},"end":{"line":620,"column":3}},"294":{"start":{"line":556,"column":4},"end":{"line":558,"column":7}},"295":{"start":{"line":557,"column":6},"end":{"line":557,"column":25}},"296":{"start":{"line":561,"column":25},"end":{"line":561,"column":94}},"297":{"start":{"line":562,"column":4},"end":{"line":562,"column":56}},"298":{"start":{"line":563,"column":4},"end":{"line":563,"column":47}},"299":{"start":{"line":564,"column":4},"end":{"line":566,"column":7}},"300":{"start":{"line":565,"column":6},"end":{"line":565,"column":27}},"301":{"start":{"line":568,"column":4},"end":{"line":570,"column":7}},"302":{"start":{"line":569,"column":6},"end":{"line":569,"column":46}},"303":{"start":{"line":571,"column":4},"end":{"line":573,"column":7}},"304":{"start":{"line":572,"column":6},"end":{"line":572,"column":43}},"305":{"start":{"line":577,"column":4},"end":{"line":580,"column":6}},"306":{"start":{"line":578,"column":6},"end":{"line":578,"column":39}},"307":{"start":{"line":579,"column":6},"end":{"line":579,"column":31}},"308":{"start":{"line":583,"column":23},"end":{"line":583,"column":93}},"309":{"start":{"line":584,"column":4},"end":{"line":584,"column":56}},"310":{"start":{"line":585,"column":4},"end":{"line":585,"column":43}},"311":{"start":{"line":586,"column":4},"end":{"line":588,"column":7}},"312":{"start":{"line":587,"column":6},"end":{"line":587,"column":31}},"313":{"start":{"line":591,"column":4},"end":{"line":594,"column":7}},"314":{"start":{"line":593,"column":6},"end":{"line":593,"column":44}},"315":{"start":{"line":595,"column":4},"end":{"line":597,"column":7}},"316":{"start":{"line":596,"column":6},"end":{"line":596,"column":41}},"317":{"start":{"line":600,"column":25},"end":{"line":600,"column":94}},"318":{"start":{"line":601,"column":4},"end":{"line":601,"column":56}},"319":{"start":{"line":602,"column":4},"end":{"line":602,"column":47}},"320":{"start":{"line":603,"column":4},"end":{"line":605,"column":7}},"321":{"start":{"line":604,"column":6},"end":{"line":604,"column":33}},"322":{"start":{"line":608,"column":4},"end":{"line":610,"column":7}},"323":{"start":{"line":609,"column":6},"end":{"line":609,"column":46}},"324":{"start":{"line":611,"column":4},"end":{"line":613,"column":7}},"325":{"start":{"line":612,"column":6},"end":{"line":612,"column":43}},"326":{"start":{"line":614,"column":4},"end":{"line":614,"column":43}},"327":{"start":{"line":617,"column":4},"end":{"line":617,"column":45}},"328":{"start":{"line":618,"column":4},"end":{"line":618,"column":43}},"329":{"start":{"line":619,"column":4},"end":{"line":619,"column":39}},"330":{"start":{"line":622,"column":2},"end":{"line":622,"column":35}},"331":{"start":{"line":623,"column":2},"end":{"line":623,"column":18}},"332":{"start":{"line":633,"column":2},"end":{"line":635,"column":3}},"333":{"start":{"line":634,"column":4},"end":{"line":634,"column":48}},"334":{"start":{"line":638,"column":2},"end":{"line":644,"column":3}},"335":{"start":{"line":639,"column":19},"end":{"line":639,"column":49}},"336":{"start":{"line":640,"column":4},"end":{"line":640,"column":27}},"337":{"start":{"line":642,"column":4},"end":{"line":642,"column":32}},"338":{"start":{"line":643,"column":4},"end":{"line":643,"column":34}},"339":{"start":{"line":653,"column":2},"end":{"line":655,"column":3}},"340":{"start":{"line":654,"column":4},"end":{"line":654,"column":29}},"341":{"start":{"line":656,"column":2},"end":{"line":656,"column":22}},"342":{"start":{"line":665,"column":13},"end":{"line":665,"column":15}},"343":{"start":{"line":666,"column":2},"end":{"line":674,"column":3}},"344":{"start":{"line":667,"column":4},"end":{"line":667,"column":22}},"345":{"start":{"line":668,"column":9},"end":{"line":674,"column":3}},"346":{"start":{"line":669,"column":4},"end":{"line":669,"column":22}},"347":{"start":{"line":670,"column":9},"end":{"line":674,"column":3}},"348":{"start":{"line":671,"column":4},"end":{"line":671,"column":35}},"349":{"start":{"line":673,"column":4},"end":{"line":673,"column":28}},"350":{"start":{"line":675,"column":2},"end":{"line":675,"column":14}},"351":{"start":{"line":679,"column":0},"end":{"line":741,"column":3}},"352":{"start":{"line":681,"column":2},"end":{"line":681,"column":26}},"353":{"start":{"line":684,"column":18},"end":{"line":684,"column":47}},"354":{"start":{"line":685,"column":2},"end":{"line":685,"column":28}},"355":{"start":{"line":686,"column":2},"end":{"line":686,"column":33}},"356":{"start":{"line":689,"column":15},"end":{"line":689,"column":46}},"357":{"start":{"line":690,"column":2},"end":{"line":690,"column":21}},"358":{"start":{"line":691,"column":2},"end":{"line":691,"column":28}},"359":{"start":{"line":692,"column":2},"end":{"line":692,"column":15}},"360":{"start":{"line":695,"column":17},"end":{"line":695,"column":49}},"361":{"start":{"line":696,"column":2},"end":{"line":696,"column":48}},"362":{"start":{"line":697,"column":2},"end":{"line":697,"column":30}},"363":{"start":{"line":698,"column":2},"end":{"line":698,"column":30}},"364":{"start":{"line":699,"column":2},"end":{"line":702,"column":5}},"365":{"start":{"line":700,"column":4},"end":{"line":700,"column":29}},"366":{"start":{"line":701,"column":4},"end":{"line":701,"column":35}},"367":{"start":{"line":705,"column":15},"end":{"line":705,"column":47}},"368":{"start":{"line":706,"column":2},"end":{"line":706,"column":44}},"369":{"start":{"line":707,"column":2},"end":{"line":707,"column":26}},"370":{"start":{"line":708,"column":2},"end":{"line":708,"column":47}},"371":{"start":{"line":709,"column":2},"end":{"line":722,"column":4}},"372":{"start":{"line":711,"column":4},"end":{"line":719,"column":5}},"373":{"start":{"line":713,"column":25},"end":{"line":713,"column":31}},"374":{"start":{"line":714,"column":24},"end":{"line":714,"column":83}},"375":{"start":{"line":715,"column":25},"end":{"line":715,"column":57}},"376":{"start":{"line":718,"column":6},"end":{"line":718,"column":35}},"377":{"start":{"line":720,"column":4},"end":{"line":720,"column":35}},"378":{"start":{"line":721,"column":4},"end":{"line":721,"column":29}},"379":{"start":{"line":725,"column":2},"end":{"line":740,"column":5}},"380":{"start":{"line":726,"column":4},"end":{"line":739,"column":5}},"381":{"start":{"line":728,"column":6},"end":{"line":736,"column":7}},"382":{"start":{"line":730,"column":27},"end":{"line":730,"column":33}},"383":{"start":{"line":731,"column":26},"end":{"line":731,"column":85}},"384":{"start":{"line":732,"column":27},"end":{"line":732,"column":59}},"385":{"start":{"line":735,"column":8},"end":{"line":735,"column":37}},"386":{"start":{"line":737,"column":6},"end":{"line":737,"column":37}},"387":{"start":{"line":738,"column":6},"end":{"line":738,"column":31}},"388":{"start":{"line":749,"column":22},"end":{"line":749,"column":54}},"389":{"start":{"line":750,"column":18},"end":{"line":750,"column":47}},"390":{"start":{"line":751,"column":20},"end":{"line":751,"column":51}},"391":{"start":{"line":753,"column":2},"end":{"line":753,"column":26}},"392":{"start":{"line":754,"column":2},"end":{"line":754,"column":38}},"393":{"start":{"line":755,"column":2},"end":{"line":755,"column":33}},"394":{"start":{"line":756,"column":2},"end":{"line":756,"column":45}},"395":{"start":{"line":757,"column":2},"end":{"line":757,"column":45}},"396":{"start":{"line":758,"column":2},"end":{"line":758,"column":20}},"397":{"start":{"line":761,"column":17},"end":{"line":761,"column":49}},"398":{"start":{"line":762,"column":2},"end":{"line":762,"column":48}},"399":{"start":{"line":763,"column":2},"end":{"line":763,"column":30}},"400":{"start":{"line":764,"column":2},"end":{"line":764,"column":54}},"401":{"start":{"line":765,"column":2},"end":{"line":768,"column":5}},"402":{"start":{"line":766,"column":4},"end":{"line":766,"column":29}},"403":{"start":{"line":767,"column":4},"end":{"line":767,"column":47}},"404":{"start":{"line":770,"column":15},"end":{"line":770,"column":47}},"405":{"start":{"line":771,"column":2},"end":{"line":771,"column":44}},"406":{"start":{"line":772,"column":2},"end":{"line":772,"column":26}},"407":{"start":{"line":773,"column":2},"end":{"line":773,"column":52}},"408":{"start":{"line":774,"column":2},"end":{"line":787,"column":4}},"409":{"start":{"line":775,"column":4},"end":{"line":786,"column":5}},"410":{"start":{"line":777,"column":6},"end":{"line":777,"column":42}},"411":{"start":{"line":778,"column":6},"end":{"line":778,"column":37}},"412":{"start":{"line":781,"column":23},"end":{"line":781,"column":38}},"413":{"start":{"line":783,"column":24},"end":{"line":783,"column":77}},"414":{"start":{"line":785,"column":6},"end":{"line":785,"column":72}},"415":{"start":{"line":789,"column":2},"end":{"line":805,"column":5}},"416":{"start":{"line":790,"column":4},"end":{"line":804,"column":5}},"417":{"start":{"line":791,"column":6},"end":{"line":803,"column":7}},"418":{"start":{"line":793,"column":8},"end":{"line":793,"column":44}},"419":{"start":{"line":794,"column":8},"end":{"line":794,"column":41}},"420":{"start":{"line":797,"column":25},"end":{"line":797,"column":40}},"421":{"start":{"line":799,"column":26},"end":{"line":799,"column":79}},"422":{"start":{"line":802,"column":8},"end":{"line":802,"column":74}},"423":{"start":{"line":813,"column":2},"end":{"line":813,"column":38}},"424":{"start":{"line":814,"column":2},"end":{"line":814,"column":21}}},"fnMap":{"0":{"name":"makeTimeSlotComponent","decl":{"start":{"line":86,"column":9},"end":{"line":86,"column":30}},"loc":{"start":{"line":86,"column":40},"end":{"line":98,"column":1}},"line":86},"1":{"name":"(anonymous_1)","decl":{"start":{"line":126,"column":17},"end":{"line":126,"column":18}},"loc":{"start":{"line":126,"column":23},"end":{"line":142,"column":1}},"line":126},"2":{"name":"(anonymous_2)","decl":{"start":{"line":145,"column":24},"end":{"line":145,"column":25}},"loc":{"start":{"line":145,"column":30},"end":{"line":175,"column":1}},"line":145},"3":{"name":"showBulletInfo","decl":{"start":{"line":181,"column":9},"end":{"line":181,"column":23}},"loc":{"start":{"line":181,"column":35},"end":{"line":200,"column":1}},"line":181},"4":{"name":"loadBullets","decl":{"start":{"line":208,"column":9},"end":{"line":208,"column":20}},"loc":{"start":{"line":208,"column":36},"end":{"line":241,"column":1}},"line":208},"5":{"name":"loadTags","decl":{"start":{"line":246,"column":9},"end":{"line":246,"column":17}},"loc":{"start":{"line":246,"column":20},"end":{"line":293,"column":1}},"line":246},"6":{"name":"(anonymous_6)","decl":{"start":{"line":284,"column":45},"end":{"line":284,"column":46}},"loc":{"start":{"line":284,"column":51},"end":{"line":289,"column":7}},"line":284},"7":{"name":"(anonymous_7)","decl":{"start":{"line":295,"column":43},"end":{"line":295,"column":44}},"loc":{"start":{"line":295,"column":54},"end":{"line":307,"column":1}},"line":295},"8":{"name":"(anonymous_8)","decl":{"start":{"line":310,"column":38},"end":{"line":310,"column":39}},"loc":{"start":{"line":310,"column":49},"end":{"line":313,"column":1}},"line":310},"9":{"name":"(anonymous_9)","decl":{"start":{"line":316,"column":37},"end":{"line":316,"column":38}},"loc":{"start":{"line":316,"column":49},"end":{"line":324,"column":1}},"line":316},"10":{"name":"populateTagOptions","decl":{"start":{"line":330,"column":9},"end":{"line":330,"column":27}},"loc":{"start":{"line":330,"column":39},"end":{"line":354,"column":1}},"line":330},"11":{"name":"addListTag","decl":{"start":{"line":362,"column":9},"end":{"line":362,"column":19}},"loc":{"start":{"line":362,"column":38},"end":{"line":380,"column":1}},"line":362},"12":{"name":"(anonymous_12)","decl":{"start":{"line":374,"column":41},"end":{"line":374,"column":42}},"loc":{"start":{"line":374,"column":47},"end":{"line":376,"column":3}},"line":374},"13":{"name":"(anonymous_13)","decl":{"start":{"line":386,"column":39},"end":{"line":386,"column":40}},"loc":{"start":{"line":386,"column":50},"end":{"line":400,"column":1}},"line":386},"14":{"name":"(anonymous_14)","decl":{"start":{"line":402,"column":43},"end":{"line":402,"column":44}},"loc":{"start":{"line":402,"column":54},"end":{"line":415,"column":1}},"line":402},"15":{"name":"openDeleteDialog","decl":{"start":{"line":421,"column":9},"end":{"line":421,"column":25}},"loc":{"start":{"line":421,"column":37},"end":{"line":428,"column":1}},"line":421},"16":{"name":"(anonymous_16)","decl":{"start":{"line":423,"column":23},"end":{"line":423,"column":24}},"loc":{"start":{"line":423,"column":34},"end":{"line":427,"column":3}},"line":423},"17":{"name":"openEditDialog","decl":{"start":{"line":435,"column":9},"end":{"line":435,"column":23}},"loc":{"start":{"line":435,"column":35},"end":{"line":502,"column":1}},"line":435},"18":{"name":"(anonymous_18)","decl":{"start":{"line":463,"column":21},"end":{"line":463,"column":22}},"loc":{"start":{"line":463,"column":27},"end":{"line":501,"column":3}},"line":463},"19":{"name":"appendButton","decl":{"start":{"line":511,"column":9},"end":{"line":511,"column":21}},"loc":{"start":{"line":511,"column":63},"end":{"line":521,"column":1}},"line":511},"20":{"name":"createBulletEntryElem","decl":{"start":{"line":527,"column":9},"end":{"line":527,"column":30}},"loc":{"start":{"line":527,"column":42},"end":{"line":624,"column":1}},"line":527},"21":{"name":"(anonymous_21)","decl":{"start":{"line":556,"column":44},"end":{"line":556,"column":45}},"loc":{"start":{"line":556,"column":55},"end":{"line":558,"column":5}},"line":556},"22":{"name":"(anonymous_22)","decl":{"start":{"line":564,"column":43},"end":{"line":564,"column":44}},"loc":{"start":{"line":564,"column":49},"end":{"line":566,"column":5}},"line":564},"23":{"name":"(anonymous_23)","decl":{"start":{"line":568,"column":45},"end":{"line":568,"column":46}},"loc":{"start":{"line":568,"column":56},"end":{"line":570,"column":5}},"line":568},"24":{"name":"(anonymous_24)","decl":{"start":{"line":571,"column":46},"end":{"line":571,"column":47}},"loc":{"start":{"line":571,"column":57},"end":{"line":573,"column":5}},"line":571},"25":{"name":"(anonymous_25)","decl":{"start":{"line":577,"column":26},"end":{"line":577,"column":27}},"loc":{"start":{"line":577,"column":32},"end":{"line":580,"column":5}},"line":577},"26":{"name":"(anonymous_26)","decl":{"start":{"line":586,"column":41},"end":{"line":586,"column":42}},"loc":{"start":{"line":586,"column":47},"end":{"line":588,"column":5}},"line":586},"27":{"name":"(anonymous_27)","decl":{"start":{"line":591,"column":45},"end":{"line":591,"column":46}},"loc":{"start":{"line":591,"column":56},"end":{"line":594,"column":5}},"line":591},"28":{"name":"(anonymous_28)","decl":{"start":{"line":595,"column":46},"end":{"line":595,"column":47}},"loc":{"start":{"line":595,"column":57},"end":{"line":597,"column":5}},"line":595},"29":{"name":"(anonymous_29)","decl":{"start":{"line":603,"column":43},"end":{"line":603,"column":44}},"loc":{"start":{"line":603,"column":49},"end":{"line":605,"column":5}},"line":603},"30":{"name":"(anonymous_30)","decl":{"start":{"line":608,"column":45},"end":{"line":608,"column":46}},"loc":{"start":{"line":608,"column":56},"end":{"line":610,"column":5}},"line":608},"31":{"name":"(anonymous_31)","decl":{"start":{"line":611,"column":46},"end":{"line":611,"column":47}},"loc":{"start":{"line":611,"column":57},"end":{"line":613,"column":5}},"line":611},"32":{"name":"createTagElements","decl":{"start":{"line":631,"column":9},"end":{"line":631,"column":26}},"loc":{"start":{"line":631,"column":49},"end":{"line":645,"column":1}},"line":631},"33":{"name":"getHour","decl":{"start":{"line":652,"column":9},"end":{"line":652,"column":16}},"loc":{"start":{"line":652,"column":29},"end":{"line":657,"column":1}},"line":652},"34":{"name":"getTime","decl":{"start":{"line":664,"column":9},"end":{"line":664,"column":16}},"loc":{"start":{"line":664,"column":23},"end":{"line":676,"column":1}},"line":664},"35":{"name":"(anonymous_35)","decl":{"start":{"line":679,"column":34},"end":{"line":679,"column":35}},"loc":{"start":{"line":679,"column":45},"end":{"line":741,"column":1}},"line":679},"36":{"name":"(anonymous_36)","decl":{"start":{"line":699,"column":35},"end":{"line":699,"column":36}},"loc":{"start":{"line":699,"column":46},"end":{"line":702,"column":3}},"line":699},"37":{"name":"(anonymous_37)","decl":{"start":{"line":709,"column":17},"end":{"line":709,"column":18}},"loc":{"start":{"line":709,"column":23},"end":{"line":722,"column":3}},"line":709},"38":{"name":"(anonymous_38)","decl":{"start":{"line":725,"column":36},"end":{"line":725,"column":37}},"loc":{"start":{"line":725,"column":48},"end":{"line":740,"column":3}},"line":725},"39":{"name":"editNote","decl":{"start":{"line":748,"column":9},"end":{"line":748,"column":17}},"loc":{"start":{"line":748,"column":29},"end":{"line":806,"column":1}},"line":748},"40":{"name":"(anonymous_40)","decl":{"start":{"line":765,"column":35},"end":{"line":765,"column":36}},"loc":{"start":{"line":765,"column":46},"end":{"line":768,"column":3}},"line":765},"41":{"name":"(anonymous_41)","decl":{"start":{"line":774,"column":17},"end":{"line":774,"column":18}},"loc":{"start":{"line":774,"column":23},"end":{"line":787,"column":3}},"line":774},"42":{"name":"(anonymous_42)","decl":{"start":{"line":789,"column":41},"end":{"line":789,"column":42}},"loc":{"start":{"line":789,"column":53},"end":{"line":805,"column":3}},"line":789},"43":{"name":"deleteNote","decl":{"start":{"line":812,"column":9},"end":{"line":812,"column":19}},"loc":{"start":{"line":812,"column":31},"end":{"line":815,"column":1}},"line":812}},"branchMap":{"0":{"loc":{"start":{"line":51,"column":0},"end":{"line":56,"column":1}},"type":"if","locations":[{"start":{"line":51,"column":0},"end":{"line":56,"column":1}},{"start":{"line":51,"column":0},"end":{"line":56,"column":1}}],"line":51},"1":{"loc":{"start":{"line":148,"column":2},"end":{"line":151,"column":3}},"type":"if","locations":[{"start":{"line":148,"column":2},"end":{"line":151,"column":3}},{"start":{"line":148,"column":2},"end":{"line":151,"column":3}}],"line":148},"2":{"loc":{"start":{"line":160,"column":2},"end":{"line":166,"column":3}},"type":"if","locations":[{"start":{"line":160,"column":2},"end":{"line":166,"column":3}},{"start":{"line":160,"column":2},"end":{"line":166,"column":3}}],"line":160},"3":{"loc":{"start":{"line":208,"column":21},"end":{"line":208,"column":34}},"type":"default-arg","locations":[{"start":{"line":208,"column":30},"end":{"line":208,"column":34}}],"line":208},"4":{"loc":{"start":{"line":229,"column":4},"end":{"line":239,"column":5}},"type":"if","locations":[{"start":{"line":229,"column":4},"end":{"line":239,"column":5}},{"start":{"line":229,"column":4},"end":{"line":239,"column":5}}],"line":229},"5":{"loc":{"start":{"line":231,"column":6},"end":{"line":234,"column":7}},"type":"if","locations":[{"start":{"line":231,"column":6},"end":{"line":234,"column":7}},{"start":{"line":231,"column":6},"end":{"line":234,"column":7}}],"line":231},"6":{"loc":{"start":{"line":231,"column":10},"end":{"line":231,"column":63}},"type":"binary-expr","locations":[{"start":{"line":231,"column":10},"end":{"line":231,"column":25}},{"start":{"line":231,"column":29},"end":{"line":231,"column":63}}],"line":231},"7":{"loc":{"start":{"line":258,"column":6},"end":{"line":260,"column":7}},"type":"if","locations":[{"start":{"line":258,"column":6},"end":{"line":260,"column":7}},{"start":{"line":258,"column":6},"end":{"line":260,"column":7}}],"line":258},"8":{"loc":{"start":{"line":263,"column":4},"end":{"line":291,"column":5}},"type":"if","locations":[{"start":{"line":263,"column":4},"end":{"line":291,"column":5}},{"start":{"line":263,"column":4},"end":{"line":291,"column":5}}],"line":263},"9":{"loc":{"start":{"line":296,"column":2},"end":{"line":305,"column":3}},"type":"if","locations":[{"start":{"line":296,"column":2},"end":{"line":305,"column":3}},{"start":{"line":296,"column":2},"end":{"line":305,"column":3}}],"line":296},"10":{"loc":{"start":{"line":301,"column":9},"end":{"line":305,"column":3}},"type":"if","locations":[{"start":{"line":301,"column":9},"end":{"line":305,"column":3}},{"start":{"line":301,"column":9},"end":{"line":305,"column":3}}],"line":301},"11":{"loc":{"start":{"line":303,"column":9},"end":{"line":305,"column":3}},"type":"if","locations":[{"start":{"line":303,"column":9},"end":{"line":305,"column":3}},{"start":{"line":303,"column":9},"end":{"line":305,"column":3}}],"line":303},"12":{"loc":{"start":{"line":318,"column":2},"end":{"line":323,"column":3}},"type":"if","locations":[{"start":{"line":318,"column":2},"end":{"line":323,"column":3}},{"start":{"line":318,"column":2},"end":{"line":323,"column":3}}],"line":318},"13":{"loc":{"start":{"line":387,"column":2},"end":{"line":399,"column":3}},"type":"if","locations":[{"start":{"line":387,"column":2},"end":{"line":399,"column":3}},{"start":{"line":387,"column":2},"end":{"line":399,"column":3}}],"line":387},"14":{"loc":{"start":{"line":391,"column":6},"end":{"line":394,"column":7}},"type":"if","locations":[{"start":{"line":391,"column":6},"end":{"line":394,"column":7}},{"start":{"line":391,"column":6},"end":{"line":394,"column":7}}],"line":391},"15":{"loc":{"start":{"line":403,"column":2},"end":{"line":414,"column":3}},"type":"if","locations":[{"start":{"line":403,"column":2},"end":{"line":414,"column":3}},{"start":{"line":403,"column":2},"end":{"line":414,"column":3}}],"line":403},"16":{"loc":{"start":{"line":407,"column":6},"end":{"line":410,"column":7}},"type":"if","locations":[{"start":{"line":407,"column":6},"end":{"line":410,"column":7}},{"start":{"line":407,"column":6},"end":{"line":410,"column":7}}],"line":407},"17":{"loc":{"start":{"line":442,"column":2},"end":{"line":448,"column":3}},"type":"if","locations":[{"start":{"line":442,"column":2},"end":{"line":448,"column":3}},{"start":{"line":442,"column":2},"end":{"line":448,"column":3}}],"line":442},"18":{"loc":{"start":{"line":467,"column":4},"end":{"line":470,"column":5}},"type":"if","locations":[{"start":{"line":467,"column":4},"end":{"line":470,"column":5}},{"start":{"line":467,"column":4},"end":{"line":470,"column":5}}],"line":467},"19":{"loc":{"start":{"line":481,"column":4},"end":{"line":487,"column":5}},"type":"if","locations":[{"start":{"line":481,"column":4},"end":{"line":487,"column":5}},{"start":{"line":481,"column":4},"end":{"line":487,"column":5}}],"line":481},"20":{"loc":{"start":{"line":493,"column":4},"end":{"line":498,"column":5}},"type":"if","locations":[{"start":{"line":493,"column":4},"end":{"line":498,"column":5}},{"start":{"line":493,"column":4},"end":{"line":498,"column":5}}],"line":493},"21":{"loc":{"start":{"line":543,"column":2},"end":{"line":547,"column":3}},"type":"if","locations":[{"start":{"line":543,"column":2},"end":{"line":547,"column":3}},{"start":{"line":543,"column":2},"end":{"line":547,"column":3}}],"line":543},"22":{"loc":{"start":{"line":554,"column":2},"end":{"line":620,"column":3}},"type":"if","locations":[{"start":{"line":554,"column":2},"end":{"line":620,"column":3}},{"start":{"line":554,"column":2},"end":{"line":620,"column":3}}],"line":554},"23":{"loc":{"start":{"line":653,"column":2},"end":{"line":655,"column":3}},"type":"if","locations":[{"start":{"line":653,"column":2},"end":{"line":655,"column":3}},{"start":{"line":653,"column":2},"end":{"line":655,"column":3}}],"line":653},"24":{"loc":{"start":{"line":666,"column":2},"end":{"line":674,"column":3}},"type":"if","locations":[{"start":{"line":666,"column":2},"end":{"line":674,"column":3}},{"start":{"line":666,"column":2},"end":{"line":674,"column":3}}],"line":666},"25":{"loc":{"start":{"line":668,"column":9},"end":{"line":674,"column":3}},"type":"if","locations":[{"start":{"line":668,"column":9},"end":{"line":674,"column":3}},{"start":{"line":668,"column":9},"end":{"line":674,"column":3}}],"line":668},"26":{"loc":{"start":{"line":670,"column":9},"end":{"line":674,"column":3}},"type":"if","locations":[{"start":{"line":670,"column":9},"end":{"line":674,"column":3}},{"start":{"line":670,"column":9},"end":{"line":674,"column":3}}],"line":670},"27":{"loc":{"start":{"line":711,"column":4},"end":{"line":719,"column":5}},"type":"if","locations":[{"start":{"line":711,"column":4},"end":{"line":719,"column":5}},{"start":{"line":711,"column":4},"end":{"line":719,"column":5}}],"line":711},"28":{"loc":{"start":{"line":726,"column":4},"end":{"line":739,"column":5}},"type":"if","locations":[{"start":{"line":726,"column":4},"end":{"line":739,"column":5}},{"start":{"line":726,"column":4},"end":{"line":739,"column":5}}],"line":726},"29":{"loc":{"start":{"line":728,"column":6},"end":{"line":736,"column":7}},"type":"if","locations":[{"start":{"line":728,"column":6},"end":{"line":736,"column":7}},{"start":{"line":728,"column":6},"end":{"line":736,"column":7}}],"line":728},"30":{"loc":{"start":{"line":775,"column":4},"end":{"line":786,"column":5}},"type":"if","locations":[{"start":{"line":775,"column":4},"end":{"line":786,"column":5}},{"start":{"line":775,"column":4},"end":{"line":786,"column":5}}],"line":775},"31":{"loc":{"start":{"line":790,"column":4},"end":{"line":804,"column":5}},"type":"if","locations":[{"start":{"line":790,"column":4},"end":{"line":804,"column":5}},{"start":{"line":790,"column":4},"end":{"line":804,"column":5}}],"line":790},"32":{"loc":{"start":{"line":791,"column":6},"end":{"line":803,"column":7}},"type":"if","locations":[{"start":{"line":791,"column":6},"end":{"line":803,"column":7}},{"start":{"line":791,"column":6},"end":{"line":803,"column":7}}],"line":791}},"s":{"0":1,"1":1,"2":1,"3":1,"4":1,"5":1,"6":1,"7":1,"8":1,"9":1,"10":1,"11":1,"12":1,"13":1,"14":1,"15":1,"16":1,"17":1,"18":1,"19":1,"20":1,"21":1,"22":1,"23":1,"24":1,"25":1,"26":1,"27":1,"28":1,"29":1,"30":1,"31":1,"32":1,"33":1,"34":1,"35":1,"36":1,"37":1,"38":1,"39":1,"40":1,"41":1,"42":1,"43":1,"44":1,"45":24,"46":24,"47":24,"48":1,"49":24,"50":24,"51":24,"52":24,"53":24,"54":24,"55":24,"56":24,"57":24,"58":1,"59":1,"60":1,"61":1,"62":1,"63":1,"64":11,"65":11,"66":11,"67":11,"68":1,"69":1,"70":1,"71":1,"72":1,"73":1,"74":11,"75":11,"76":11,"77":11,"78":1,"79":3,"80":3,"81":3,"82":3,"83":3,"84":3,"85":3,"86":3,"87":1,"88":1,"89":2,"90":0,"91":0,"92":2,"93":2,"94":2,"95":2,"96":2,"97":2,"98":2,"99":2,"100":3,"101":3,"102":3,"103":2,"104":2,"105":2,"106":2,"107":1,"108":1,"109":1,"110":1,"111":1,"112":1,"113":1,"114":1,"115":1,"116":1,"117":1,"118":1,"119":1,"120":1,"121":1,"122":4,"123":96,"124":7,"125":4,"126":11,"127":4,"128":4,"129":20,"130":20,"131":10,"132":8,"133":8,"134":10,"135":10,"136":2,"137":2,"138":2,"139":2,"140":2,"141":2,"142":3,"143":3,"144":3,"145":2,"146":1,"147":3,"148":1,"149":2,"150":2,"151":2,"152":2,"153":2,"154":2,"155":2,"156":2,"157":2,"158":2,"159":2,"160":2,"161":2,"162":1,"163":1,"164":1,"165":1,"166":2,"167":1,"168":2,"169":0,"170":0,"171":0,"172":2,"173":1,"174":1,"175":1,"176":1,"177":0,"178":1,"179":1,"180":1,"181":1,"182":1,"183":8,"184":8,"185":24,"186":8,"187":8,"188":8,"189":8,"190":8,"191":8,"192":8,"193":16,"194":16,"195":16,"196":16,"197":16,"198":16,"199":11,"200":11,"201":11,"202":11,"203":11,"204":11,"205":11,"206":11,"207":1,"208":11,"209":1,"210":3,"211":3,"212":3,"213":1,"214":0,"215":0,"216":3,"217":3,"218":1,"219":2,"220":1,"221":1,"222":1,"223":0,"224":0,"225":1,"226":2,"227":2,"228":1,"229":1,"230":1,"231":5,"232":5,"233":5,"234":5,"235":5,"236":5,"237":3,"238":3,"239":2,"240":2,"241":5,"242":5,"243":3,"244":5,"245":7,"246":5,"247":4,"248":0,"249":0,"250":4,"251":4,"252":4,"253":4,"254":4,"255":4,"256":4,"257":4,"258":4,"259":4,"260":5,"261":5,"262":5,"263":4,"264":4,"265":3,"266":1,"267":1,"268":4,"269":55,"270":55,"271":55,"272":55,"273":55,"274":55,"275":55,"276":28,"277":28,"278":28,"279":28,"280":28,"281":28,"282":28,"283":28,"284":28,"285":28,"286":28,"287":28,"288":3,"289":3,"290":3,"291":28,"292":28,"293":28,"294":14,"295":3,"296":14,"297":14,"298":14,"299":14,"300":1,"301":14,"302":0,"303":14,"304":0,"305":14,"306":1,"307":1,"308":14,"309":14,"310":14,"311":14,"312":5,"313":14,"314":0,"315":14,"316":0,"317":14,"318":14,"319":14,"320":14,"321":2,"322":14,"323":0,"324":14,"325":0,"326":14,"327":14,"328":14,"329":14,"330":28,"331":28,"332":15,"333":1,"334":15,"335":17,"336":17,"337":17,"338":17,"339":6,"340":4,"341":2,"342":25,"343":25,"344":1,"345":24,"346":1,"347":23,"348":11,"349":12,"350":25,"351":1,"352":4,"353":4,"354":4,"355":4,"356":4,"357":4,"358":4,"359":4,"360":4,"361":4,"362":4,"363":4,"364":4,"365":1,"366":1,"367":4,"368":4,"369":4,"370":4,"371":4,"372":1,"373":1,"374":1,"375":1,"376":1,"377":1,"378":1,"379":4,"380":1,"381":1,"382":1,"383":1,"384":1,"385":1,"386":1,"387":1,"388":3,"389":3,"390":3,"391":3,"392":3,"393":3,"394":3,"395":3,"396":3,"397":3,"398":3,"399":3,"400":3,"401":3,"402":1,"403":1,"404":3,"405":3,"406":3,"407":3,"408":3,"409":1,"410":0,"411":0,"412":1,"413":1,"414":1,"415":3,"416":1,"417":1,"418":0,"419":0,"420":1,"421":1,"422":1,"423":1,"424":1},"f":{"0":24,"1":3,"2":2,"3":1,"4":4,"5":2,"6":1,"7":2,"8":0,"9":1,"10":8,"11":11,"12":1,"13":3,"14":2,"15":2,"16":1,"17":5,"18":4,"19":55,"20":28,"21":3,"22":1,"23":0,"24":0,"25":1,"26":5,"27":0,"28":0,"29":2,"30":0,"31":0,"32":15,"33":6,"34":25,"35":4,"36":1,"37":1,"38":1,"39":3,"40":1,"41":1,"42":1,"43":1},"b":{"0":[1,0],"1":[0,2],"2":[2,0],"3":[3],"4":[10,10],"5":[8,2],"6":[10,3],"7":[1,1],"8":[1,2],"9":[0,2],"10":[1,1],"11":[1,0],"12":[1,0],"13":[3,0],"14":[0,1],"15":[1,1],"16":[0,1],"17":[3,2],"18":[0,4],"19":[4,0],"20":[3,1],"21":[3,25],"22":[14,14],"23":[4,2],"24":[1,24],"25":[1,23],"26":[11,12],"27":[1,0],"28":[1,0],"29":[1,0],"30":[0,1],"31":[1,0],"32":[0,1]},"_coverageSchema":"1a1c01bbd47fc00a2c39e90264f33305004495a9","hash":"2198e18643bc89616fd89a76dca7bf0b7484bfa0"}
,"E:\\UCSD\\CSE 110\\cse110-sp21-group9\\source\\frontend\\app\\sidebar\\sidebar.js": {"path":"E:\\UCSD\\CSE 110\\cse110-sp21-group9\\source\\frontend\\app\\sidebar\\sidebar.js","statementMap":{"0":{"start":{"line":1,"column":22},"end":{"line":1,"column":60}},"1":{"start":{"line":4,"column":0},"end":{"line":6,"column":3}},"2":{"start":{"line":5,"column":2},"end":{"line":5,"column":38}},"3":{"start":{"line":9,"column":17},"end":{"line":75,"column":1}},"4":{"start":{"line":78,"column":19},"end":{"line":78,"column":56}},"5":{"start":{"line":80,"column":0},"end":{"line":91,"column":3}},"6":{"start":{"line":81,"column":12},"end":{"line":81,"column":39}},"7":{"start":{"line":82,"column":2},"end":{"line":86,"column":4}},"8":{"start":{"line":87,"column":2},"end":{"line":87,"column":41}},"9":{"start":{"line":88,"column":2},"end":{"line":88,"column":31}},"10":{"start":{"line":89,"column":2},"end":{"line":89,"column":12}},"11":{"start":{"line":90,"column":2},"end":{"line":90,"column":31}},"12":{"start":{"line":94,"column":17},"end":{"line":94,"column":49}},"13":{"start":{"line":95,"column":13},"end":{"line":95,"column":44}},"14":{"start":{"line":97,"column":0},"end":{"line":112,"column":3}},"15":{"start":{"line":98,"column":2},"end":{"line":98,"column":22}},"16":{"start":{"line":100,"column":19},"end":{"line":100,"column":35}},"17":{"start":{"line":101,"column":4},"end":{"line":103,"column":6}},"18":{"start":{"line":102,"column":6},"end":{"line":102,"column":30}},"19":{"start":{"line":104,"column":4},"end":{"line":104,"column":28}},"20":{"start":{"line":108,"column":4},"end":{"line":108,"column":27}},"21":{"start":{"line":111,"column":2},"end":{"line":111,"column":36}},"22":{"start":{"line":115,"column":22},"end":{"line":115,"column":62}},"23":{"start":{"line":117,"column":2},"end":{"line":117,"column":64}},"24":{"start":{"line":118,"column":2},"end":{"line":118,"column":42}},"25":{"start":{"line":122,"column":2},"end":{"line":142,"column":3}},"26":{"start":{"line":124,"column":4},"end":{"line":125,"column":46}},"27":{"start":{"line":128,"column":4},"end":{"line":129,"column":49}},"28":{"start":{"line":131,"column":4},"end":{"line":131,"column":31}},"29":{"start":{"line":134,"column":4},"end":{"line":135,"column":45}},"30":{"start":{"line":138,"column":4},"end":{"line":139,"column":50}},"31":{"start":{"line":141,"column":4},"end":{"line":141,"column":32}},"32":{"start":{"line":146,"column":0},"end":{"line":162,"column":3}},"33":{"start":{"line":147,"column":16},"end":{"line":147,"column":45}},"34":{"start":{"line":149,"column":2},"end":{"line":149,"column":70}},"35":{"start":{"line":149,"column":24},"end":{"line":149,"column":40}},"36":{"start":{"line":149,"column":50},"end":{"line":149,"column":68}},"37":{"start":{"line":151,"column":22},"end":{"line":151,"column":62}},"38":{"start":{"line":152,"column":2},"end":{"line":161,"column":4}},"39":{"start":{"line":153,"column":4},"end":{"line":153,"column":29}},"40":{"start":{"line":155,"column":25},"end":{"line":155,"column":76}},"41":{"start":{"line":158,"column":26},"end":{"line":158,"column":68}},"42":{"start":{"line":160,"column":4},"end":{"line":160,"column":28}}},"fnMap":{"0":{"name":"(anonymous_0)","decl":{"start":{"line":4,"column":40},"end":{"line":4,"column":41}},"loc":{"start":{"line":4,"column":51},"end":{"line":6,"column":1}},"line":4},"1":{"name":"(anonymous_1)","decl":{"start":{"line":80,"column":37},"end":{"line":80,"column":38}},"loc":{"start":{"line":80,"column":48},"end":{"line":91,"column":1}},"line":80},"2":{"name":"(anonymous_2)","decl":{"start":{"line":97,"column":36},"end":{"line":97,"column":37}},"loc":{"start":{"line":97,"column":47},"end":{"line":112,"column":1}},"line":97},"3":{"name":"read","decl":{"start":{"line":99,"column":11},"end":{"line":99,"column":15}},"loc":{"start":{"line":99,"column":32},"end":{"line":105,"column":3}},"line":99},"4":{"name":"(anonymous_4)","decl":{"start":{"line":101,"column":20},"end":{"line":101,"column":21}},"loc":{"start":{"line":101,"column":31},"end":{"line":103,"column":5}},"line":101},"5":{"name":"callBackTest","decl":{"start":{"line":107,"column":11},"end":{"line":107,"column":23}},"loc":{"start":{"line":107,"column":31},"end":{"line":109,"column":3}},"line":107},"6":{"name":"setTheme","decl":{"start":{"line":114,"column":9},"end":{"line":114,"column":17}},"loc":{"start":{"line":114,"column":28},"end":{"line":143,"column":1}},"line":114},"7":{"name":"(anonymous_7)","decl":{"start":{"line":146,"column":46},"end":{"line":146,"column":47}},"loc":{"start":{"line":146,"column":62},"end":{"line":162,"column":1}},"line":146},"8":{"name":"(anonymous_8)","decl":{"start":{"line":152,"column":24},"end":{"line":152,"column":25}},"loc":{"start":{"line":152,"column":35},"end":{"line":161,"column":3}},"line":152}},"branchMap":{"0":{"loc":{"start":{"line":122,"column":2},"end":{"line":142,"column":3}},"type":"if","locations":[{"start":{"line":122,"column":2},"end":{"line":142,"column":3}},{"start":{"line":122,"column":2},"end":{"line":142,"column":3}}],"line":122},"1":{"loc":{"start":{"line":149,"column":2},"end":{"line":149,"column":70}},"type":"if","locations":[{"start":{"line":149,"column":2},"end":{"line":149,"column":70}},{"start":{"line":149,"column":2},"end":{"line":149,"column":70}}],"line":149},"2":{"loc":{"start":{"line":158,"column":26},"end":{"line":158,"column":68}},"type":"cond-expr","locations":[{"start":{"line":158,"column":52},"end":{"line":158,"column":59}},{"start":{"line":158,"column":62},"end":{"line":158,"column":68}}],"line":158}},"s":{"0":1,"1":1,"2":0,"3":1,"4":1,"5":1,"6":0,"7":0,"8":0,"9":0,"10":0,"11":0,"12":1,"13":1,"14":1,"15":0,"16":0,"17":0,"18":0,"19":0,"20":0,"21":0,"22":0,"23":0,"24":0,"25":0,"26":0,"27":0,"28":0,"29":0,"30":0,"31":0,"32":1,"33":0,"34":0,"35":0,"36":0,"37":0,"38":0,"39":0,"40":0,"41":0,"42":0},"f":{"0":0,"1":0,"2":0,"3":0,"4":0,"5":0,"6":0,"7":0,"8":0},"b":{"0":[0,0],"1":[0,0],"2":[0,0]},"_coverageSchema":"1a1c01bbd47fc00a2c39e90264f33305004495a9","hash":"458f8aec5b1956c96bff4b39f2f7924c228f0dd4"}
,"E:\\UCSD\\CSE 110\\cse110-sp21-group9\\test\\testutils.js": {"path":"E:\\UCSD\\CSE 110\\cse110-sp21-group9\\test\\testutils.js","statementMap":{"0":{"start":{"line":6,"column":4},"end":{"line":6,"column":20}},"1":{"start":{"line":10,"column":4},"end":{"line":10,"column":20}},"2":{"start":{"line":14,"column":4},"end":{"line":14,"column":35}},"3":{"start":{"line":18,"column":4},"end":{"line":18,"column":36}},"4":{"start":{"line":22,"column":4},"end":{"line":22,"column":27}},"5":{"start":{"line":28,"column":21},"end":{"line":28,"column":33}},"6":{"start":{"line":29,"column":4},"end":{"line":29,"column":51}},"7":{"start":{"line":29,"column":18},"end":{"line":29,"column":31}},"8":{"start":{"line":29,"column":32},"end":{"line":29,"column":49}}},"fnMap":{"0":{"name":"(anonymous_0)","decl":{"start":{"line":5,"column":2},"end":{"line":5,"column":3}},"loc":{"start":{"line":5,"column":16},"end":{"line":7,"column":3}},"line":5},"1":{"name":"(anonymous_1)","decl":{"start":{"line":9,"column":2},"end":{"line":9,"column":3}},"loc":{"start":{"line":9,"column":10},"end":{"line":11,"column":3}},"line":9},"2":{"name":"(anonymous_2)","decl":{"start":{"line":13,"column":2},"end":{"line":13,"column":3}},"loc":{"start":{"line":13,"column":15},"end":{"line":15,"column":3}},"line":13},"3":{"name":"(anonymous_3)","decl":{"start":{"line":17,"column":2},"end":{"line":17,"column":3}},"loc":{"start":{"line":17,"column":22},"end":{"line":19,"column":3}},"line":17},"4":{"name":"(anonymous_4)","decl":{"start":{"line":21,"column":2},"end":{"line":21,"column":3}},"loc":{"start":{"line":21,"column":18},"end":{"line":23,"column":3}},"line":21},"5":{"name":"makeTestCounter","decl":{"start":{"line":26,"column":16},"end":{"line":26,"column":31}},"loc":{"start":{"line":27,"column":0},"end":{"line":30,"column":1}},"line":27},"6":{"name":"(anonymous_6)","decl":{"start":{"line":29,"column":11},"end":{"line":29,"column":12}},"loc":{"start":{"line":29,"column":17},"end":{"line":29,"column":50}},"line":29}},"branchMap":{"0":{"loc":{"start":{"line":14,"column":11},"end":{"line":14,"column":34}},"type":"binary-expr","locations":[{"start":{"line":14,"column":11},"end":{"line":14,"column":26}},{"start":{"line":14,"column":30},"end":{"line":14,"column":34}}],"line":14}},"s":{"0":1,"1":0,"2":0,"3":0,"4":0,"5":1,"6":1,"7":22,"8":22},"f":{"0":1,"1":0,"2":0,"3":0,"4":0,"5":1,"6":22},"b":{"0":[0,0]},"_coverageSchema":"1a1c01bbd47fc00a2c39e90264f33305004495a9","hash":"cec0227c88116bafb28819931a47ebf1536a50d1"}
}
