TN:
SF:source\backend\bullet.js
FN:2,(anonymous_0)
FNF:1
FNH:1
FNDA:42,(anonymous_0)
DA:3,42
DA:4,42
DA:5,42
DA:6,42
DA:7,42
DA:8,42
DA:9,42
DA:10,42
LF:8
LH:8
BRF:0
BRH:0
end_of_record
TN:
SF:source\backend\crudFunctions.js
FN:24,getBulletsByDateRange
FN:35,getBulletsByDateSpan
FN:50,getBulletById
FN:60,getEventBulletsByDateRange
FN:65,getNoteBulletsByDateRange
FN:70,getTaskBulletsByDateRange
FN:75,getBulletsByTag
FN:84,getEventBulletsByTag
FN:89,getNoteBulletsByTag
FN:94,getTaskBulletsByTag
FN:99,setBulletTitle
FN:103,setBulletDate
FN:109,addBulletTag
FN:119,removeBulletTag
FN:130,setBulletContent
FN:133,setBulletDueDate
FN:137,setBulletStatus
FN:141,setAttributes
FN:148,(anonymous_18)
FN:162,getAvailableTags
FN:170,createTag
FN:177,removeTagGlobally
FN:198,createBullet
FN:199,writeNewBullet
FN:209,(anonymous_24)
FN:246,deleteBulletById
FN:257,initCrudRuntime
FN:262,dateEquals
FN:270,updateBullet
FN:283,writeBulletToStorage
FN:295,deleteBulletFromStorage
FN:310,fillRunTimeBullets
FN:331,parseBullet
FN:343,filterArray
FN:359,writeArrayToStorage
FN:367,readArrayFromStorage
FNF:36
FNH:19
FNDA:4,getBulletsByDateRange
FNDA:0,getBulletsByDateSpan
FNDA:9,getBulletById
FNDA:0,getEventBulletsByDateRange
FNDA:0,getNoteBulletsByDateRange
FNDA:0,getTaskBulletsByDateRange
FNDA:0,getBulletsByTag
FNDA:0,getEventBulletsByTag
FNDA:0,getNoteBulletsByTag
FNDA:0,getTaskBulletsByTag
FNDA:0,setBulletTitle
FNDA:0,setBulletDate
FNDA:0,addBulletTag
FNDA:6,removeBulletTag
FNDA:0,setBulletContent
FNDA:0,setBulletDueDate
FNDA:0,setBulletStatus
FNDA:6,setAttributes
FNDA:5,(anonymous_18)
FNDA:10,getAvailableTags
FNDA:1,createTag
FNDA:1,removeTagGlobally
FNDA:4,createBullet
FNDA:4,writeNewBullet
FNDA:3,(anonymous_24)
FNDA:2,deleteBulletById
FNDA:1,initCrudRuntime
FNDA:0,dateEquals
FNDA:0,updateBullet
FNDA:4,writeBulletToStorage
FNDA:2,deleteBulletFromStorage
FNDA:1,fillRunTimeBullets
FNDA:2,parseBullet
FNDA:0,filterArray
FNDA:6,writeArrayToStorage
FNDA:7,readArrayFromStorage
DA:14,1
DA:15,1
DA:16,1
DA:25,4
DA:26,4
DA:27,20
DA:28,20
DA:29,20
DA:32,4
DA:36,0
DA:37,0
DA:38,0
DA:39,0
DA:40,0
DA:43,0
DA:51,9
DA:52,0
DA:61,0
DA:62,0
DA:66,0
DA:67,0
DA:71,0
DA:72,0
DA:76,0
DA:77,0
DA:78,0
DA:79,0
DA:81,0
DA:85,0
DA:86,0
DA:90,0
DA:91,0
DA:95,0
DA:96,0
DA:100,0
DA:104,0
DA:105,0
DA:110,0
DA:111,0
DA:112,0
DA:113,0
DA:114,0
DA:115,0
DA:116,0
DA:120,6
DA:121,6
DA:122,6
DA:123,6
DA:124,3
DA:125,3
DA:126,3
DA:127,3
DA:131,0
DA:134,0
DA:135,0
DA:138,0
DA:142,6
DA:143,6
DA:145,6
DA:146,6
DA:147,6
DA:148,4
DA:149,5
DA:151,4
DA:153,6
DA:154,6
DA:155,6
DA:157,6
DA:158,6
DA:159,6
DA:163,10
DA:164,10
DA:165,19
DA:167,10
DA:171,1
DA:172,1
DA:173,1
DA:178,1
DA:179,1
DA:180,6
DA:182,1
DA:183,1
DA:200,4
DA:201,4
DA:202,4
DA:203,4
DA:204,4
DA:207,4
DA:209,4
DA:210,3
DA:213,4
DA:215,4
DA:226,4
DA:227,0
DA:228,0
DA:231,4
DA:232,2
DA:233,2
DA:234,1
DA:235,1
DA:236,1
DA:239,4
DA:247,2
DA:248,2
DA:249,2
DA:251,2
DA:258,1
DA:263,0
DA:271,0
DA:272,0
DA:273,0
DA:274,0
DA:275,0
DA:276,0
DA:284,4
DA:285,4
DA:286,4
DA:287,4
DA:288,4
DA:289,4
DA:296,2
DA:297,2
DA:300,2
DA:301,2
DA:302,2
DA:303,2
DA:311,1
DA:312,1
DA:313,1
DA:314,0
DA:315,0
DA:316,0
DA:317,0
DA:320,1
DA:321,1
DA:322,1
DA:323,1
DA:324,2
DA:325,2
DA:327,1
DA:328,1
DA:332,2
DA:333,2
DA:334,2
DA:335,2
DA:344,0
DA:345,0
DA:346,0
DA:347,0
DA:350,0
DA:360,6
DA:368,7
DA:370,7
LF:153
LH:97
BRDA:24,0,0,4
BRDA:28,1,0,20
BRDA:28,1,1,0
BRDA:28,2,0,20
BRDA:28,2,1,20
BRDA:35,3,0,0
BRDA:39,4,0,0
BRDA:39,4,1,0
BRDA:39,5,0,0
BRDA:39,5,1,0
BRDA:50,6,0,9
BRDA:51,7,0,9
BRDA:51,7,1,0
BRDA:60,8,0,0
BRDA:65,9,0,0
BRDA:70,10,0,0
BRDA:75,11,0,0
BRDA:79,12,0,0
BRDA:79,12,1,0
BRDA:84,13,0,0
BRDA:89,14,0,0
BRDA:94,15,0,0
BRDA:99,16,0,0
BRDA:103,17,0,0
BRDA:104,18,0,0
BRDA:104,18,1,0
BRDA:109,19,0,0
BRDA:110,20,0,0
BRDA:110,20,1,0
BRDA:112,21,0,0
BRDA:112,21,1,0
BRDA:119,22,0,6
BRDA:120,23,0,0
BRDA:120,23,1,6
BRDA:120,24,0,6
BRDA:120,24,1,6
BRDA:123,25,0,3
BRDA:123,25,1,3
BRDA:130,26,0,0
BRDA:133,27,0,0
BRDA:134,28,0,0
BRDA:134,28,1,0
BRDA:137,29,0,0
BRDA:142,30,0,0
BRDA:142,30,1,6
BRDA:145,31,0,6
BRDA:145,31,1,0
BRDA:146,32,0,4
BRDA:146,32,1,2
BRDA:146,33,0,6
BRDA:146,33,1,4
BRDA:147,34,0,4
BRDA:147,34,1,2
BRDA:149,35,0,0
BRDA:149,35,1,5
BRDA:153,36,0,4
BRDA:153,36,1,2
BRDA:154,37,0,0
BRDA:154,37,1,6
BRDA:154,38,0,6
BRDA:154,38,1,0
BRDA:155,39,0,0
BRDA:155,39,1,6
BRDA:170,40,0,1
BRDA:171,41,0,1
BRDA:171,41,1,0
BRDA:177,42,0,1
BRDA:178,43,0,1
BRDA:178,43,1,0
BRDA:198,44,0,4
BRDA:207,45,0,0
BRDA:207,45,1,4
BRDA:210,46,0,0
BRDA:210,46,1,3
BRDA:226,47,0,0
BRDA:226,47,1,4
BRDA:227,48,0,0
BRDA:227,48,1,0
BRDA:228,49,0,0
BRDA:228,49,1,0
BRDA:231,50,0,2
BRDA:231,50,1,2
BRDA:233,51,0,1
BRDA:233,51,1,1
BRDA:235,52,0,1
BRDA:235,52,1,0
BRDA:239,53,0,4
BRDA:239,53,1,0
BRDA:247,54,0,2
BRDA:247,54,1,0
BRDA:264,55,0,0
BRDA:264,55,1,0
BRDA:264,55,2,0
BRDA:271,56,0,0
BRDA:271,56,1,0
BRDA:311,57,0,0
BRDA:311,57,1,1
BRDA:313,58,0,0
BRDA:313,58,1,1
BRDA:313,59,0,1
BRDA:313,59,1,1
BRDA:334,60,0,0
BRDA:334,60,1,2
BRDA:346,61,0,0
BRDA:346,61,1,0
BRF:105
BRH:46
end_of_record
TN:
SF:source\frontend\globals.js
FNF:0
FNH:0
DA:1,1
DA:2,1
DA:3,1
LF:3
LH:3
BRF:0
BRH:0
end_of_record
TN:
SF:source\frontend\utils.js
FN:19,hashString
FN:27,readHash
FN:37,daysInMonth
FN:41,startDate
FN:46,updateURL
FNF:5
FNH:2
FNDA:1,hashString
FNDA:1,readHash
FNDA:0,daysInMonth
FNDA:0,startDate
FNDA:0,updateURL
DA:1,1
DA:16,1
DA:17,1
DA:20,1
DA:21,0
DA:23,1
DA:28,1
DA:29,1
DA:30,0
DA:31,0
DA:33,1
DA:38,0
DA:42,0
DA:43,0
DA:47,0
DA:48,0
DA:49,0
LF:17
LH:8
BRDA:19,0,0,0
BRDA:20,1,0,0
BRDA:20,1,1,1
BRDA:29,2,0,0
BRDA:29,2,1,1
BRF:5
BRH:2
end_of_record
TN:
SF:source\frontend\app\page-day\day.js
FN:86,makeTimeSlotComponent
FN:126,(anonymous_1)
FN:145,(anonymous_2)
FN:181,showBulletInfo
FN:208,loadBullets
FN:246,loadTags
FN:284,(anonymous_6)
FN:295,(anonymous_7)
FN:310,(anonymous_8)
FN:316,(anonymous_9)
FN:330,populateTagOptions
FN:362,addListTag
FN:374,(anonymous_12)
FN:386,(anonymous_13)
FN:402,(anonymous_14)
FN:421,openDeleteDialog
FN:423,(anonymous_16)
FN:435,openEditDialog
FN:463,(anonymous_18)
FN:511,appendButton
FN:527,createBulletEntryElem
FN:556,(anonymous_21)
FN:564,(anonymous_22)
FN:568,(anonymous_23)
FN:571,(anonymous_24)
FN:577,(anonymous_25)
FN:586,(anonymous_26)
FN:591,(anonymous_27)
FN:595,(anonymous_28)
FN:603,(anonymous_29)
FN:608,(anonymous_30)
FN:611,(anonymous_31)
FN:631,createTagElements
FN:652,getHour
FN:664,getTime
FN:679,(anonymous_35)
FN:699,(anonymous_36)
FN:709,(anonymous_37)
FN:725,(anonymous_38)
FN:748,editNote
FN:765,(anonymous_40)
FN:774,(anonymous_41)
FN:789,(anonymous_42)
FN:812,deleteNote
FNF:44
FNH:37
FNDA:24,makeTimeSlotComponent
FNDA:3,(anonymous_1)
FNDA:2,(anonymous_2)
FNDA:1,showBulletInfo
FNDA:4,loadBullets
FNDA:2,loadTags
FNDA:1,(anonymous_6)
FNDA:2,(anonymous_7)
FNDA:0,(anonymous_8)
FNDA:1,(anonymous_9)
FNDA:8,populateTagOptions
FNDA:11,addListTag
FNDA:1,(anonymous_12)
FNDA:3,(anonymous_13)
FNDA:2,(anonymous_14)
FNDA:2,openDeleteDialog
FNDA:1,(anonymous_16)
FNDA:5,openEditDialog
FNDA:4,(anonymous_18)
FNDA:55,appendButton
FNDA:28,createBulletEntryElem
FNDA:3,(anonymous_21)
FNDA:1,(anonymous_22)
FNDA:0,(anonymous_23)
FNDA:0,(anonymous_24)
FNDA:1,(anonymous_25)
FNDA:5,(anonymous_26)
FNDA:0,(anonymous_27)
FNDA:0,(anonymous_28)
FNDA:2,(anonymous_29)
FNDA:0,(anonymous_30)
FNDA:0,(anonymous_31)
FNDA:15,createTagElements
FNDA:6,getHour
FNDA:25,getTime
FNDA:4,(anonymous_35)
FNDA:1,(anonymous_36)
FNDA:1,(anonymous_37)
FNDA:1,(anonymous_38)
FNDA:3,editNote
FNDA:1,(anonymous_40)
FNDA:1,(anonymous_41)
FNDA:1,(anonymous_42)
FNDA:1,deleteNote
DA:8,1
DA:9,1
DA:11,1
DA:14,1
DA:15,1
DA:16,1
DA:17,1
DA:18,1
DA:19,1
DA:20,1
DA:21,1
DA:23,1
DA:24,1
DA:27,1
DA:28,1
DA:31,1
DA:32,1
DA:33,1
DA:36,1
DA:37,1
DA:38,1
DA:39,1
DA:40,1
DA:41,1
DA:42,1
DA:43,1
DA:46,1
DA:48,1
DA:51,1
DA:52,1
DA:53,1
DA:54,1
DA:55,1
DA:59,1
DA:60,1
DA:61,1
DA:64,1
DA:65,1
DA:68,1
DA:69,1
DA:70,1
DA:73,1
DA:74,1
DA:77,1
DA:78,24
DA:79,24
DA:81,24
DA:84,1
DA:87,24
DA:88,24
DA:89,24
DA:90,24
DA:91,24
DA:93,24
DA:94,24
DA:95,24
DA:97,24
DA:103,1
DA:104,1
DA:105,1
DA:106,1
DA:107,1
DA:108,11
DA:109,11
DA:110,11
DA:111,11
DA:114,1
DA:115,1
DA:116,1
DA:117,1
DA:118,1
DA:119,11
DA:120,11
DA:121,11
DA:122,11
DA:126,1
DA:127,3
DA:129,3
DA:130,3
DA:131,3
DA:132,3
DA:133,3
DA:136,3
DA:139,3
DA:140,1
DA:145,1
DA:148,2
DA:149,0
DA:150,0
DA:153,2
DA:154,2
DA:155,2
DA:158,2
DA:159,2
DA:160,2
DA:161,2
DA:162,3
DA:163,3
DA:164,3
DA:169,2
DA:170,2
DA:171,2
DA:174,2
DA:182,1
DA:183,1
DA:184,1
DA:185,1
DA:186,1
DA:187,1
DA:188,1
DA:190,1
DA:192,1
DA:193,1
DA:194,1
DA:195,1
DA:196,1
DA:197,1
DA:199,1
DA:210,4
DA:211,96
DA:212,7
DA:217,4
DA:218,11
DA:222,4
DA:227,4
DA:228,20
DA:229,20
DA:231,10
DA:232,8
DA:233,8
DA:237,10
DA:238,10
DA:248,2
DA:249,2
DA:250,2
DA:253,2
DA:254,2
DA:255,3
DA:257,3
DA:258,2
DA:259,1
DA:263,3
DA:264,1
DA:267,2
DA:269,2
DA:270,2
DA:271,2
DA:272,2
DA:273,2
DA:276,2
DA:277,2
DA:278,2
DA:279,2
DA:282,2
DA:283,2
DA:284,2
DA:285,1
DA:286,1
DA:287,1
DA:288,1
DA:290,2
DA:295,1
DA:296,2
DA:298,0
DA:299,0
DA:300,0
DA:301,2
DA:302,1
DA:303,1
DA:304,1
DA:310,1
DA:312,0
DA:316,1
DA:318,1
DA:320,1
DA:321,1
DA:322,1
DA:332,8
DA:335,8
DA:336,24
DA:340,8
DA:341,8
DA:342,8
DA:343,8
DA:344,8
DA:345,8
DA:346,16
DA:348,16
DA:349,16
DA:350,16
DA:351,16
DA:352,16
DA:364,11
DA:365,11
DA:366,11
DA:367,11
DA:370,11
DA:372,11
DA:373,11
DA:374,11
DA:375,1
DA:379,11
DA:386,1
DA:387,3
DA:389,3
DA:390,3
DA:391,1
DA:392,0
DA:393,0
DA:397,3
DA:398,3
DA:402,1
DA:403,2
DA:405,1
DA:406,1
DA:407,1
DA:408,0
DA:409,0
DA:413,1
DA:422,2
DA:423,2
DA:424,1
DA:425,1
DA:426,1
DA:436,5
DA:437,5
DA:438,5
DA:440,5
DA:441,5
DA:442,5
DA:443,3
DA:444,3
DA:446,2
DA:447,2
DA:451,5
DA:454,5
DA:455,3
DA:459,5
DA:460,7
DA:463,5
DA:467,4
DA:468,0
DA:469,0
DA:472,4
DA:473,4
DA:474,4
DA:475,4
DA:476,4
DA:479,4
DA:480,4
DA:481,4
DA:482,4
DA:483,5
DA:484,5
DA:485,5
DA:490,4
DA:493,4
DA:494,3
DA:496,1
DA:497,1
DA:500,4
DA:512,55
DA:513,55
DA:515,55
DA:516,55
DA:517,55
DA:518,55
DA:520,55
DA:528,28
DA:529,28
DA:530,28
DA:531,28
DA:533,28
DA:534,28
DA:536,28
DA:537,28
DA:539,28
DA:540,28
DA:541,28
DA:543,28
DA:544,3
DA:545,3
DA:546,3
DA:550,28
DA:551,28
DA:554,28
DA:556,14
DA:557,3
DA:561,14
DA:562,14
DA:563,14
DA:564,14
DA:565,1
DA:568,14
DA:569,0
DA:571,14
DA:572,0
DA:577,14
DA:578,1
DA:579,1
DA:583,14
DA:584,14
DA:585,14
DA:586,14
DA:587,5
DA:591,14
DA:593,0
DA:595,14
DA:596,0
DA:600,14
DA:601,14
DA:602,14
DA:603,14
DA:604,2
DA:608,14
DA:609,0
DA:611,14
DA:612,0
DA:614,14
DA:617,14
DA:618,14
DA:619,14
DA:622,28
DA:623,28
DA:633,15
DA:634,1
DA:638,15
DA:639,17
DA:640,17
DA:642,17
DA:643,17
DA:653,6
DA:654,4
DA:656,2
DA:665,25
DA:666,25
DA:667,1
DA:668,24
DA:669,1
DA:670,23
DA:671,11
DA:673,12
DA:675,25
DA:679,1
DA:681,4
DA:684,4
DA:685,4
DA:686,4
DA:689,4
DA:690,4
DA:691,4
DA:692,4
DA:695,4
DA:696,4
DA:697,4
DA:698,4
DA:699,4
DA:700,1
DA:701,1
DA:705,4
DA:706,4
DA:707,4
DA:708,4
DA:709,4
DA:711,1
DA:713,1
DA:714,1
DA:715,1
DA:718,1
DA:720,1
DA:721,1
DA:725,4
DA:726,1
DA:728,1
DA:730,1
DA:731,1
DA:732,1
DA:735,1
DA:737,1
DA:738,1
DA:749,3
DA:750,3
DA:751,3
DA:753,3
DA:754,3
DA:755,3
DA:756,3
DA:757,3
DA:758,3
DA:761,3
DA:762,3
DA:763,3
DA:764,3
DA:765,3
DA:766,1
DA:767,1
DA:770,3
DA:771,3
DA:772,3
DA:773,3
DA:774,3
DA:775,1
DA:777,0
DA:778,0
DA:781,1
DA:783,1
DA:785,1
DA:789,3
DA:790,1
DA:791,1
DA:793,0
DA:794,0
DA:797,1
DA:799,1
DA:802,1
DA:813,1
DA:814,1
LF:417
LH:395
BRDA:51,0,0,1
BRDA:51,0,1,0
BRDA:148,1,0,0
BRDA:148,1,1,2
BRDA:160,2,0,2
BRDA:160,2,1,0
BRDA:208,3,0,3
BRDA:229,4,0,10
BRDA:229,4,1,10
BRDA:231,5,0,8
BRDA:231,5,1,2
BRDA:231,6,0,10
BRDA:231,6,1,3
BRDA:258,7,0,1
BRDA:258,7,1,1
BRDA:263,8,0,1
BRDA:263,8,1,2
BRDA:296,9,0,0
BRDA:296,9,1,2
BRDA:301,10,0,1
BRDA:301,10,1,1
BRDA:303,11,0,1
BRDA:303,11,1,0
BRDA:318,12,0,1
BRDA:318,12,1,0
BRDA:387,13,0,3
BRDA:387,13,1,0
BRDA:391,14,0,0
BRDA:391,14,1,1
BRDA:403,15,0,1
BRDA:403,15,1,1
BRDA:407,16,0,0
BRDA:407,16,1,1
BRDA:442,17,0,3
BRDA:442,17,1,2
BRDA:467,18,0,0
BRDA:467,18,1,4
BRDA:481,19,0,4
BRDA:481,19,1,0
BRDA:493,20,0,3
BRDA:493,20,1,1
BRDA:543,21,0,3
BRDA:543,21,1,25
BRDA:554,22,0,14
BRDA:554,22,1,14
BRDA:653,23,0,4
BRDA:653,23,1,2
BRDA:666,24,0,1
BRDA:666,24,1,24
BRDA:668,25,0,1
BRDA:668,25,1,23
BRDA:670,26,0,11
BRDA:670,26,1,12
BRDA:711,27,0,1
BRDA:711,27,1,0
BRDA:726,28,0,1
BRDA:726,28,1,0
BRDA:728,29,0,1
BRDA:728,29,1,0
BRDA:775,30,0,0
BRDA:775,30,1,1
BRDA:790,31,0,1
BRDA:790,31,1,0
BRDA:791,32,0,0
BRDA:791,32,1,1
BRF:65
BRH:48
end_of_record
TN:
SF:source\frontend\app\sidebar\sidebar.js
FN:4,(anonymous_0)
FN:80,(anonymous_1)
FN:97,(anonymous_2)
FN:99,read
FN:101,(anonymous_4)
FN:107,callBackTest
FN:114,setTheme
FN:146,(anonymous_7)
FN:152,(anonymous_8)
FNF:9
FNH:0
FNDA:0,(anonymous_0)
FNDA:0,(anonymous_1)
FNDA:0,(anonymous_2)
FNDA:0,read
FNDA:0,(anonymous_4)
FNDA:0,callBackTest
FNDA:0,setTheme
FNDA:0,(anonymous_7)
FNDA:0,(anonymous_8)
DA:1,1
DA:4,1
DA:5,0
DA:9,1
DA:78,1
DA:80,1
DA:81,0
DA:82,0
DA:87,0
DA:88,0
DA:89,0
DA:90,0
DA:94,1
DA:95,1
DA:97,1
DA:98,0
DA:100,0
DA:101,0
DA:102,0
DA:104,0
DA:108,0
DA:111,0
DA:115,0
DA:117,0
DA:118,0
DA:122,0
DA:124,0
DA:128,0
DA:131,0
DA:134,0
DA:138,0
DA:141,0
DA:146,1
DA:147,0
DA:149,0
DA:151,0
DA:152,0
DA:153,0
DA:155,0
DA:158,0
DA:160,0
LF:41
LH:9
BRDA:122,0,0,0
BRDA:122,0,1,0
BRDA:149,1,0,0
BRDA:149,1,1,0
BRDA:158,2,0,0
BRDA:158,2,1,0
BRF:6
BRH:0
end_of_record
TN:
SF:test\testutils.js
FN:5,(anonymous_0)
FN:9,(anonymous_1)
FN:13,(anonymous_2)
FN:17,(anonymous_3)
FN:21,(anonymous_4)
FN:26,makeTestCounter
FN:29,(anonymous_6)
FNF:7
FNH:3
FNDA:1,(anonymous_0)
FNDA:0,(anonymous_1)
FNDA:0,(anonymous_2)
FNDA:0,(anonymous_3)
FNDA:0,(anonymous_4)
FNDA:1,makeTestCounter
FNDA:22,(anonymous_6)
DA:6,1
DA:10,0
DA:14,0
DA:18,0
DA:22,0
DA:28,1
DA:29,22
LF:7
LH:3
BRDA:14,0,0,0
BRDA:14,0,1,0
BRF:2
BRH:0
end_of_record
